{"level":"info","message":{"body":{"login":"benja123@gmail.com","password":"123"},"method":"POST","params":"","query":"","url":"/api/user/validate"},"timestamp":"2023-11-20 01:49:01"}
{"level":"info","message":{"body":{"login":"benja123@gmail.com","password":"1234"},"method":"POST","params":"","query":"","url":"/api/user/validate"},"timestamp":"2023-11-20 01:49:06"}
{"controller":"user/validate","level":"info","message":"OK","timestamp":"2023-11-20 01:49:06"}
{"level":"info","message":{"body":{"login":"benja123@gmail.com","password":"1234"},"method":"POST","params":"","query":"","url":"/api/user/validate"},"timestamp":"2023-11-20 09:07:47"}
{"controller":"user/validate","level":"info","message":"OK","timestamp":"2023-11-20 09:07:48"}
{"level":"info","message":{"body":{"login":"benja123@gmail.com","password":"1234"},"method":"POST","params":"","query":"","url":"/api/user/validate"},"timestamp":"2023-11-20 14:02:36"}
{"controller":"user/validate","level":"info","message":"OK","timestamp":"2023-11-20 14:02:37"}
{"level":"info","message":{"body":{"login":"benja123@gmail.com","password":"1234"},"method":"POST","params":"","query":"","url":"/api/user/validate"},"timestamp":"2023-11-20 15:41:07"}
{"controller":"user/validate","level":"info","message":"OK","timestamp":"2023-11-20 15:41:08"}
{"level":"info","message":{"body":{"login":"benja123@gmail.com","password":"1234"},"method":"POST","params":"","query":"","url":"/api/user/validate"},"timestamp":"2023-11-20 15:48:28"}
{"controller":"user/validate","level":"info","message":"OK","timestamp":"2023-11-20 15:48:29"}
{"level":"info","message":{"body":{"login":"benja123@gmail.com","password":"1234"},"method":"POST","params":"","query":"","url":"/api/user/validate"},"timestamp":"2023-11-20 15:58:49"}
{"controller":"user/validate","level":"info","message":"OK","timestamp":"2023-11-20 15:58:50"}
{"level":"info","message":{"body":{"login":"benja123@gmail.com","password":"1234"},"method":"POST","params":"","query":"","url":"/api/user/validate"},"timestamp":"2023-11-20 15:59:52"}
{"controller":"user/validate","level":"info","message":"OK","timestamp":"2023-11-20 15:59:53"}
{"level":"info","message":{"body":{"login":"benja123@gmail.com","password":"1234"},"method":"POST","params":"","query":"","url":"/api/user/validate/"},"timestamp":"2023-11-20 16:01:50"}
{"controller":"user/validate","level":"info","message":"OK","timestamp":"2023-11-20 16:01:51"}
{"level":"info","message":{"body":{"login":"benja123@gmail.com","password":"1234"},"method":"POST","params":"","query":"","url":"/api/user/validate"},"timestamp":"2023-11-20 16:03:44"}
{"controller":"user/validate","level":"info","message":"OK","timestamp":"2023-11-20 16:03:45"}
{"level":"info","message":{"body":{"login":"benja123@gmail.com","password":"1234"},"method":"POST","params":"","query":"","url":"/api/user/validate"},"timestamp":"2023-11-20 16:04:06"}
{"controller":"user/validate","level":"info","message":"OK","timestamp":"2023-11-20 16:04:07"}
{"level":"info","message":{"body":{"login":"benja123@gmail.com","password":"1234"},"method":"POST","params":"","query":"","url":"/api/user/validate"},"timestamp":"2023-11-20 16:08:24"}
{"controller":"user/validate","level":"info","message":"OK","timestamp":"2023-11-20 16:08:25"}
{"level":"info","message":{"body":{"login":"benja123@gmail.com","password":"1234"},"method":"POST","params":"","query":"","url":"/api/user/validate"},"timestamp":"2023-11-20 16:09:10"}
{"controller":"user/validate","level":"info","message":"OK","timestamp":"2023-11-20 16:09:11"}
{"level":"info","message":{"body":{"login":"benja123@gmail.com","password":"1234"},"method":"POST","params":"","query":"","url":"/api/user/validate"},"timestamp":"2023-11-20 16:11:19"}
{"controller":"user/validate","level":"info","message":"OK","timestamp":"2023-11-20 16:11:20"}
{"level":"info","message":{"body":{"login":"benja123@gmail.com","password":"1234"},"method":"POST","params":"","query":"","url":"/api/user/validate"},"timestamp":"2023-11-20 16:14:10"}
{"controller":"user/validate","level":"info","message":"OK","timestamp":"2023-11-20 16:14:11"}
{"level":"info","message":{"body":{"login":"benja123@gmail.com","password":"1234"},"method":"POST","params":"","query":"","url":"/api/user/validate"},"timestamp":"2023-11-20 16:20:53"}
{"controller":"user/validate","level":"info","message":"OK","timestamp":"2023-11-20 16:20:54"}
{"level":"info","message":{"body":{"login":"benja123@gmail.com","password":"1234"},"method":"POST","params":"","query":"","url":"/api/user/validate"},"timestamp":"2023-11-20 16:22:11"}
{"controller":"user/validate","level":"info","message":"OK","timestamp":"2023-11-20 16:22:11"}
{"level":"info","message":{"body":{"login":"benja123@gmail.com","password":"1234"},"method":"POST","params":"","query":"","url":"/api/user/validate"},"timestamp":"2023-11-20 16:30:02"}
{"controller":"user/validate","level":"info","message":"OK","timestamp":"2023-11-20 16:30:03"}
{"level":"info","message":{"body":{"login":"benja123@gmail.com","password":"1234"},"method":"POST","params":"","query":"","url":"/api/user/validate"},"timestamp":"2023-11-20 17:04:45"}
{"controller":"user/validate","level":"info","message":"OK","timestamp":"2023-11-20 17:04:45"}
{"level":"info","message":{"body":{"login":"benja123@gmail.com","password":"1234"},"method":"POST","params":"","query":"","url":"/api/user/validate"},"timestamp":"2023-11-20 17:05:27"}
{"controller":"user/validate","level":"info","message":"OK","timestamp":"2023-11-20 17:05:27"}
{"level":"info","message":{"body":"","method":"GET","params":{},"query":{},"url":"/api/person/getByRut/20395011K"},"timestamp":"2023-11-20 17:37:18"}
{"controller":"person/getByRut","level":"info","message":"OK","timestamp":"2023-11-20 17:37:19"}
{"level":"info","message":{"body":{"login":"benja123@gmail.com","password":"1234"},"method":"POST","params":"","query":"","url":"/api/user/validate"},"timestamp":"2023-11-20 17:37:37"}
{"controller":"user/validate","level":"info","message":"OK","timestamp":"2023-11-20 17:37:37"}
{"level":"info","message":{"body":"","method":"GET","params":{},"query":{},"url":"/api/user/getAll/"},"timestamp":"2023-11-20 17:41:05"}
{"controller":"user/getAll","level":"info","message":"OK","timestamp":"2023-11-20 17:41:06"}
{"level":"info","message":{"body":"","method":"GET","params":{},"query":{},"url":"/api/product/getAll/"},"timestamp":"2023-11-20 17:42:20"}
{"controller":"product/getAll","level":"info","message":"OK","timestamp":"2023-11-20 17:42:21"}
{"level":"info","message":{"body":"","method":"GET","params":{},"query":{},"url":"/api/person/getAll/"},"timestamp":"2023-11-20 17:42:33"}
{"controller":"person/getAll","level":"info","message":"OK","timestamp":"2023-11-20 17:42:34"}
