{"level":"info","message":{"body":"","method":"GET","params":{},"query":{},"url":"/api/user/getByRut/20395011k"},"timestamp":"2023-11-14 21:06:04"}
{"controller":"user/getByRut","level":"info","message":"OK","timestamp":"2023-11-14 21:06:05"}
{"level":"info","message":{"body":"","method":"GET","params":{},"query":{},"url":"/api/user/getByRut/20395011k"},"timestamp":"2023-11-14 21:20:02"}
{"controller":"user/getByRut","level":"info","message":"OK","timestamp":"2023-11-14 21:20:03"}
{"level":"info","message":{"body":{"address":"Av. providencia","district":"Providencia","email":"benja123@gmail.com","maternalLastName":"Zuloaga","name":"Benjamin","paternalLastName":"Vasquez","phone":"12345678","rut":"20395011k"},"method":"POST","params":"","query":"","url":"/api/user/upsert"},"timestamp":"2023-11-14 21:20:30"}
{"controller":"user/upsert","level":"info","message":"OK","timestamp":"2023-11-14 21:20:31"}
{"level":"info","message":{"body":{"address":"Av. providencia","district":"Providencia","email":"benja123@gmail.com","maternalLastName":"Zuloaga","name":"Benjamin","paternalLastName":"Vasquez","phone":"12345678","rut":"20395011k"},"method":"POST","params":"","query":"","url":"/api/user/upsert"},"timestamp":"2023-11-14 21:20:36"}
{"controller":"user/upsert","level":"info","message":"OK","timestamp":"2023-11-14 21:20:37"}
{"level":"info","message":{"body":{"address":"Av. providencia","district":"Providencia","email":"benja123@gmail.com","maternalLastName":"Zuloaga","name":"Benjamin33","paternalLastName":"Vasquez","phone":"12345678","rut":"20395011k"},"method":"POST","params":"","query":"","url":"/api/user/upsert"},"timestamp":"2023-11-14 21:21:55"}
{"controller":"user/upsert","level":"info","message":"OK","timestamp":"2023-11-14 21:21:56"}
{"level":"info","message":{"body":{"address":"Av. providencia","district":"Providencia","email":"benja123@gmail.com","maternalLastName":"Zuloaga","name":"Benjamin33","paternalLastName":"Vasquez","phone":"12345678","rut":"20395011k"},"method":"POST","params":"","query":"","url":"/api/user/upsert"},"timestamp":"2023-11-14 21:22:22"}
{"controller":"user/upsert","level":"info","message":"OK","timestamp":"2023-11-14 21:22:23"}
{"level":"info","message":{"body":"","method":"GET","params":{},"query":{},"url":"/api/user/getByRut/20395011k"},"timestamp":"2023-11-14 21:58:10"}
{"controller":"user/getByRut","level":"info","message":"OK","timestamp":"2023-11-14 21:58:11"}
{"level":"info","message":{"body":{"address":"Av. providencia","district":"Providencia","email":"benja123@gmail.com","maternalLastName":"Zuloaga","name":"Benjamin33","paternalLastName":"Vasquez","phone":"12345678","rut":"20395011k"},"method":"POST","params":"","query":"","url":"/api/user/upsert"},"timestamp":"2023-11-14 22:00:34"}
{"controller":"user/upsert","level":"info","message":"OK","timestamp":"2023-11-14 22:00:35"}
{"level":"info","message":{"body":{"benja123@gmail.com":""},"method":"POST","params":"","query":"","url":"/api/user/upsert"},"timestamp":"2023-11-14 22:02:45"}
{"level":"error","message":{"controller":"person/upsert","error":"null value in column \"rut\" of relation \"person\" violates not-null constraint"},"timestamp":"2023-11-14 22:02:47"}
{"level":"info","message":{"body":{"benja123@gmail.com":""},"method":"POST","params":"","query":"","url":"/api/user/upsert"},"timestamp":"2023-11-14 22:03:00"}
{"level":"info","message":{"body":{"benja123@gmail.com":""},"method":"POST","params":"","query":"","url":"/api/user/upsert"},"timestamp":"2023-11-14 22:03:02"}
{"level":"error","message":{"controller":"person/upsert","error":"null value in column \"rut\" of relation \"person\" violates not-null constraint"},"timestamp":"2023-11-14 22:03:06"}
{"level":"error","message":{"controller":"person/upsert","error":"null value in column \"rut\" of relation \"person\" violates not-null constraint"},"timestamp":"2023-11-14 22:03:07"}
{"level":"info","message":{"body":{"login":"benja123@gmail.com","password":"hola"},"method":"POST","params":"","query":"","url":"/api/user/assignPassword/"},"timestamp":"2023-11-14 22:04:46"}
{"controller":"user/assignPassword","level":"info","message":"OK","timestamp":"2023-11-14 22:04:47"}
{"level":"info","message":{"body":{"benja123@gmail.com":""},"method":"POST","params":"","query":"","url":"/api/user/upsert"},"timestamp":"2023-11-14 22:04:54"}
{"level":"error","message":{"controller":"person/upsert","error":"null value in column \"rut\" of relation \"person\" violates not-null constraint"},"timestamp":"2023-11-14 22:04:55"}
{"level":"info","message":{"body":{"benja123@gmail.com":""},"method":"POST","params":"","query":"","url":"/api/user/validate"},"timestamp":"2023-11-14 22:07:36"}
{"level":"info","message":{"body":{"benja123@gmail.com":""},"method":"POST","params":"","query":"","url":"/api/user/validate"},"timestamp":"2023-11-14 22:08:11"}
{"level":"info","message":{"body":{"login":"benja123@gmail.com","password":"123"},"method":"POST","params":"","query":"","url":"/api/user/validate"},"timestamp":"2023-11-14 22:08:57"}
{"level":"info","message":{"body":{"login":"benja123@gmail.com","password":"123"},"method":"POST","params":"","query":"","url":"/api/user/validate"},"timestamp":"2023-11-14 22:09:23"}
{"level":"info","message":{"body":{"login":"benja123@gmail.com","password":"123"},"method":"POST","params":"","query":"","url":"/api/user/validate"},"timestamp":"2023-11-14 22:11:25"}
{"level":"info","message":{"body":{"login":"benja123@gmail.com","password":"123"},"method":"POST","params":"","query":"","url":"/api/user/validate/"},"timestamp":"2023-11-14 22:11:39"}
{"level":"info","message":{"body":{"login":"benja123@gmail.com","password":"$2b$10$k2gD4VOlj740/NW8rv5QNO4V2dHerZUvp6FUCrvrCf4KPN8FNNWre"},"method":"POST","params":"","query":"","url":"/api/user/validate/"},"timestamp":"2023-11-14 22:12:13"}
{"level":"info","message":{"body":{"login":"benja123@gmail.com","password":"123"},"method":"POST","params":"","query":"","url":"/api/user/validate/"},"timestamp":"2023-11-14 22:12:52"}
{"level":"info","message":{"body":{"login":"benja123@gmail.com","password":"123"},"method":"POST","params":"","query":"","url":"/api/user/validate"},"timestamp":"2023-11-14 22:13:48"}
{"level":"info","message":{"body":{"address":"Casa 22222","district":"Peñalolen","email":"benja226@gmail.com","maternalLastName":"Zuloaga","name":"Benjamin","paternalLastName":"Vasquez","phone":"555555","rut":"000"},"method":"POST","params":"","query":"","url":"/api/user/upsert/"},"timestamp":"2023-11-14 22:14:19"}
{"controller":"user/upsert","level":"info","message":"OK","timestamp":"2023-11-14 22:14:20"}
{"level":"info","message":{"body":{"login":"benja123@gmail.com","password":"hola"},"method":"POST","params":"","query":"","url":"/api/user/validate"},"timestamp":"2023-11-14 22:14:48"}
{"level":"info","message":{"body":{"login":"benja226@gmail.com","password":"123"},"method":"POST","params":"","query":"","url":"/api/user/assignPassword/"},"timestamp":"2023-11-14 22:15:09"}
{"controller":"user/assignPassword","level":"info","message":"OK","timestamp":"2023-11-14 22:15:10"}
{"level":"info","message":{"body":{"login":"benja226@gmail.com","password":"123"},"method":"POST","params":"","query":"","url":"/api/user/validate/"},"timestamp":"2023-11-14 22:15:21"}
{"controller":"user/validate","level":"info","message":"OK","timestamp":"2023-11-14 22:15:22"}
{"level":"info","message":{"body":{"login":"benja226@gmail.com","password":"123"},"method":"POST","params":"","query":"","url":"/api/user/validate"},"timestamp":"2023-11-14 22:15:40"}
{"controller":"user/validate","level":"info","message":"OK","timestamp":"2023-11-14 22:15:41"}
{"level":"info","message":{"body":{"login":"benja226@gmail.com","password":"123"},"method":"POST","params":"","query":"","url":"/api/user/validate"},"timestamp":"2023-11-14 22:15:53"}
{"controller":"user/validate","level":"info","message":"OK","timestamp":"2023-11-14 22:15:54"}
{"level":"info","message":{"body":{"login":"benja226@gmail.com","password":"123"},"method":"POST","params":"","query":"","url":"/api/user/validate"},"timestamp":"2023-11-14 22:24:19"}
{"controller":"user/validate","level":"info","message":"OK","timestamp":"2023-11-14 22:24:21"}
{"level":"info","message":{"body":"","method":"GET","params":{},"query":{},"url":"/api/user/getByRut/20395011k"},"timestamp":"2023-11-14 22:25:14"}
{"level":"info","message":{"body":{"address":"Av. providencia","district":"Providencia","email":"benja123@gmail.com","maternalLastName":"Zuloaga","name":"Benjamin","paternalLastName":"Vasquez","phone":"12345678","rut":"20395011k"},"method":"POST","params":"","query":"","url":"/api/user/upsert"},"timestamp":"2023-11-14 22:26:03"}
{"controller":"user/upsert","level":"info","message":"OK","timestamp":"2023-11-14 22:26:05"}
{"level":"info","message":{"body":"","method":"GET","params":{},"query":{},"url":"/api/user/getByRut/20395011k"},"timestamp":"2023-11-14 22:26:22"}
{"controller":"user/getByRut","level":"info","message":"OK","timestamp":"2023-11-14 22:26:23"}
{"level":"info","message":{"body":"","method":"GET","params":{},"query":{},"url":"/api/user/getByRut/20395011k"},"timestamp":"2023-11-14 22:27:28"}
{"controller":"user/getByRut","level":"info","message":"OK","timestamp":"2023-11-14 22:27:29"}
{"level":"info","message":{"body":"","method":"GET","params":{},"query":{},"url":"/api/user/getByRut/20395011k"},"timestamp":"2023-11-14 22:27:33"}
{"controller":"user/getByRut","level":"info","message":"OK","timestamp":"2023-11-14 22:27:34"}
{"level":"info","message":{"body":"","method":"GET","params":{},"query":{},"url":"/api/user/getByRut/20395011k"},"timestamp":"2023-11-14 22:27:34"}
{"controller":"user/getByRut","level":"info","message":"OK","timestamp":"2023-11-14 22:27:34"}
{"level":"info","message":{"body":"","method":"GET","params":{},"query":{},"url":"/api/user/getByRut/20395011k"},"timestamp":"2023-11-14 22:27:35"}
{"controller":"user/getByRut","level":"info","message":"OK","timestamp":"2023-11-14 22:27:35"}
{"level":"info","message":{"body":"","method":"GET","params":{},"query":{},"url":"/api/user/getByRut/20395011k"},"timestamp":"2023-11-14 22:27:37"}
{"controller":"user/getByRut","level":"info","message":"OK","timestamp":"2023-11-14 22:27:37"}
{"level":"info","message":{"body":{"address":"Av. providencia","district":"Providencia","email":"benja123@gmail.com","maternalLastName":"Zuloaga","name":"Benjamin","paternalLastName":"Vasquez","phone":"12345678","rut":"20395011k"},"method":"POST","params":"","query":"","url":"/api/user/upsert"},"timestamp":"2023-11-14 22:28:02"}
{"controller":"user/upsert","level":"info","message":"OK","timestamp":"2023-11-14 22:28:04"}
{"level":"info","message":{"body":{"login":"benja226@gmail.com","password":"123"},"method":"POST","params":"","query":"","url":"/api/user/validate"},"timestamp":"2023-11-14 22:28:35"}
{"controller":"user/validate","level":"info","message":"OK","timestamp":"2023-11-14 22:28:36"}
{"level":"info","message":{"body":{"login":"benja226@gmail.com","password":"123"},"method":"POST","params":"","query":"","url":"/api/user/validate"},"timestamp":"2023-11-14 22:29:35"}
{"controller":"user/validate","level":"info","message":"OK","timestamp":"2023-11-14 22:29:36"}
{"level":"info","message":{"body":"","method":"GET","params":{},"query":{},"url":"/api/user/getByRut/20395011k"},"timestamp":"2023-11-14 22:30:30"}
{"controller":"user/getByRut","level":"info","message":"OK","timestamp":"2023-11-14 22:30:30"}
{"level":"info","message":{"body":{"login":"benja226@gmail.com","password":"123"},"method":"POST","params":"","query":"","url":"/api/user/validate"},"timestamp":"2023-11-14 22:34:05"}
{"controller":"user/validate","level":"info","message":"OK","timestamp":"2023-11-14 22:34:07"}
{"level":"info","message":{"body":"","method":"GET","params":{},"query":{},"url":"/api/user/getByRut/20395011k"},"timestamp":"2023-11-14 22:34:54"}
{"controller":"user/getByRut","level":"info","message":"OK","timestamp":"2023-11-14 22:34:55"}
{"level":"info","message":{"body":{"address":"Av. providencia","district":"Providencia","email":"benja123@gmail.com","maternalLastName":"Zuloaga","name":"Benjamin","paternalLastName":"Vasquez","phone":"12345678","rut":"20395011k"},"method":"POST","params":"","query":"","url":"/api/user/upsert"},"timestamp":"2023-11-14 22:35:31"}
{"controller":"user/upsert","level":"info","message":"OK","timestamp":"2023-11-14 22:35:32"}
{"level":"info","message":{"body":{"login":"benja123@gmail.com","password":"123"},"method":"POST","params":"","query":"","url":"/api/user/validate"},"timestamp":"2023-11-15 10:41:36"}
{"level":"info","message":{"body":{"login":"benja123@gmail.com","password":"123"},"method":"POST","params":"","query":"","url":"/api/user/validate"},"timestamp":"2023-11-15 10:41:51"}
{"level":"info","message":{"body":{"login":"benja226@gmail.com","password":"123"},"method":"POST","params":"","query":"","url":"/api/user/validate"},"timestamp":"2023-11-15 10:42:17"}
{"controller":"user/validate","level":"info","message":"OK","timestamp":"2023-11-15 10:42:18"}
{"level":"info","message":{"body":"","method":"GET","params":{},"query":{},"url":"/api/user/getByRut/20395011k"},"timestamp":"2023-11-15 11:10:29"}
{"controller":"user/getByRut","level":"info","message":"OK","timestamp":"2023-11-15 11:10:30"}
{"level":"info","message":{"body":"","method":"GET","params":{},"query":{},"url":"/api/user/getByRut/20395011k"},"timestamp":"2023-11-15 11:11:14"}
{"controller":"user/getByRut","level":"info","message":"OK","timestamp":"2023-11-15 11:11:15"}
{"level":"info","message":{"body":"","method":"GET","params":{},"query":{},"url":"/api/user/getByRut/20395011k"},"timestamp":"2023-11-15 11:14:50"}
{"controller":"user/getByRut","level":"info","message":"OK","timestamp":"2023-11-15 11:14:51"}
{"level":"info","message":{"body":"","method":"GET","params":{},"query":{},"url":"/api/user/getByRut/20395011k"},"timestamp":"2023-11-15 11:15:02"}
{"controller":"user/getByRut","level":"info","message":"OK","timestamp":"2023-11-15 11:15:02"}
{"level":"info","message":{"body":"","method":"GET","params":{},"query":{},"url":"/api/user/getByRut/20395011k"},"timestamp":"2023-11-15 11:21:03"}
{"controller":"user/getByRut","level":"info","message":"OK","timestamp":"2023-11-15 11:21:04"}
{"level":"info","message":{"body":"","method":"GET","params":{},"query":{},"url":"/api/user/getByRut/20395011k"},"timestamp":"2023-11-15 11:21:08"}
{"controller":"user/getByRut","level":"info","message":"OK","timestamp":"2023-11-15 11:21:08"}
{"level":"info","message":{"body":"","method":"GET","params":{},"query":{},"url":"/api/user/getByRut/20395011k"},"timestamp":"2023-11-15 11:21:19"}
{"controller":"user/getByRut","level":"info","message":"OK","timestamp":"2023-11-15 11:21:20"}
{"level":"info","message":{"body":"","method":"GET","params":{},"query":{},"url":"/api/user/getByRut/20395011k"},"timestamp":"2023-11-15 11:22:07"}
{"controller":"user/getByRut","level":"info","message":"OK","timestamp":"2023-11-15 11:22:08"}
{"level":"info","message":{"body":"","method":"GET","params":{},"query":{},"url":"/api/user/getByRut/20395011k"},"timestamp":"2023-11-15 11:22:33"}
{"controller":"user/getByRut","level":"info","message":"OK","timestamp":"2023-11-15 11:22:34"}
{"level":"info","message":{"body":"","method":"GET","params":{},"query":{},"url":"/api/user/getByRut/20395011k"},"timestamp":"2023-11-15 11:22:45"}
{"controller":"user/getByRut","level":"info","message":"OK","timestamp":"2023-11-15 11:22:46"}
{"level":"info","message":{"body":"","method":"GET","params":{},"query":{},"url":"/api/user/getByRut/20395011k"},"timestamp":"2023-11-15 11:22:50"}
{"controller":"user/getByRut","level":"info","message":"OK","timestamp":"2023-11-15 11:22:50"}
{"level":"info","message":{"body":"","method":"GET","params":{},"query":{},"url":"/api/user/getByRut/20395011k"},"timestamp":"2023-11-15 11:25:16"}
{"controller":"user/getByRut","level":"info","message":"OK","timestamp":"2023-11-15 11:25:17"}
{"level":"info","message":{"body":"","method":"GET","params":{},"query":{},"url":"/api/user/getByRut/20395011k"},"timestamp":"2023-11-15 11:29:41"}
{"controller":"user/getByRut","level":"info","message":"OK","timestamp":"2023-11-15 11:29:42"}
{"level":"info","message":{"body":"","method":"GET","params":{},"query":{},"url":"/api/user/getByRut/20395011k"},"timestamp":"2023-11-15 11:29:46"}
{"controller":"user/getByRut","level":"info","message":"OK","timestamp":"2023-11-15 11:29:46"}
{"level":"info","message":{"body":"","method":"GET","params":{},"query":{},"url":"/api/user/getByRut/20395011k"},"timestamp":"2023-11-15 11:33:30"}
{"controller":"user/getByRut","level":"info","message":"OK","timestamp":"2023-11-15 11:33:31"}
{"level":"info","message":{"body":"","method":"GET","params":{},"query":{},"url":"/api/user/getByRut/20395011k"},"timestamp":"2023-11-15 11:33:36"}
{"controller":"user/getByRut","level":"info","message":"OK","timestamp":"2023-11-15 11:33:36"}
{"level":"info","message":{"body":"","method":"GET","params":{},"query":{},"url":"/api/user/getByRut/20395011k"},"timestamp":"2023-11-15 11:33:53"}
{"controller":"user/getByRut","level":"info","message":"OK","timestamp":"2023-11-15 11:33:54"}
{"level":"info","message":{"body":"","method":"GET","params":{},"query":{},"url":"/api/user/getByRut/20395011k"},"timestamp":"2023-11-15 11:34:00"}
{"controller":"user/getByRut","level":"info","message":"OK","timestamp":"2023-11-15 11:34:01"}
{"level":"info","message":{"body":"","method":"GET","params":{},"query":{},"url":"/api/user/getByRut/20395011k"},"timestamp":"2023-11-15 11:34:02"}
{"level":"info","message":{"body":{"address":"","district":"","email":"","maternalLastName":"","name":"","paternalLastName":"","phone":"","rut":"20395011k"},"method":"POST","params":"","query":"","url":"/api/user/upsert"},"timestamp":"2023-11-15 11:34:02"}
{"controller":"user/getByRut","level":"info","message":"OK","timestamp":"2023-11-15 11:34:02"}
{"controller":"user/upsert","level":"info","message":"OK","timestamp":"2023-11-15 11:34:04"}
{"level":"info","message":{"body":"","method":"GET","params":{},"query":{},"url":"/api/user/getByRut/20395011k"},"timestamp":"2023-11-15 11:35:07"}
{"controller":"user/getByRut","level":"info","message":"OK","timestamp":"2023-11-15 11:35:07"}
{"level":"info","message":{"body":"","method":"GET","params":{},"query":{},"url":"/api/person/getByRut/20395011k"},"timestamp":"2023-11-15 11:37:57"}
{"controller":"person/getByRut","level":"info","message":"OK","timestamp":"2023-11-15 11:37:58"}
{"level":"info","message":{"body":"","method":"GET","params":{},"query":{},"url":"/api/person/getByRut/20395011k"},"timestamp":"2023-11-15 11:38:27"}
{"controller":"person/getByRut","level":"info","message":"OK","timestamp":"2023-11-15 11:38:27"}
{"level":"info","message":{"body":"","method":"GET","params":{},"query":{},"url":"/api/person/getByRut/20395011k"},"timestamp":"2023-11-15 11:39:00"}
{"controller":"person/getByRut","level":"info","message":"OK","timestamp":"2023-11-15 11:39:01"}
{"level":"info","message":{"body":"","method":"GET","params":{},"query":{},"url":"/api/person/getByRut/20395011k"},"timestamp":"2023-11-15 11:39:03"}
{"controller":"person/getByRut","level":"info","message":"OK","timestamp":"2023-11-15 11:39:04"}
{"level":"info","message":{"body":"","method":"GET","params":{},"query":{},"url":"/api/person/getByRut/20395011k"},"timestamp":"2023-11-15 11:41:19"}
{"controller":"person/getByRut","level":"info","message":"OK","timestamp":"2023-11-15 11:41:20"}
{"level":"info","message":{"body":"","method":"GET","params":{},"query":{},"url":"/api/person/getByRut/20395011k"},"timestamp":"2023-11-15 11:41:25"}
{"controller":"person/getByRut","level":"info","message":"OK","timestamp":"2023-11-15 11:41:25"}
{"level":"info","message":{"body":"","method":"GET","params":{},"query":{},"url":"/api/person/getByRut/20395011k"},"timestamp":"2023-11-15 11:41:35"}
{"controller":"person/getByRut","level":"info","message":"OK","timestamp":"2023-11-15 11:41:36"}
{"level":"info","message":{"body":"","method":"GET","params":{},"query":{},"url":"/api/person/getByRut/20395011k"},"timestamp":"2023-11-15 11:44:44"}
{"controller":"person/getByRut","level":"info","message":"OK","timestamp":"2023-11-15 11:44:45"}
{"level":"info","message":{"body":"","method":"GET","params":{},"query":{},"url":"/api/person/getByRut/20395011k"},"timestamp":"2023-11-15 11:45:16"}
{"controller":"person/getByRut","level":"info","message":"OK","timestamp":"2023-11-15 11:45:17"}
{"level":"info","message":{"body":"","method":"GET","params":{},"query":{},"url":"/api/person/getByRut/20395011k"},"timestamp":"2023-11-15 11:45:54"}
{"controller":"person/getByRut","level":"info","message":"OK","timestamp":"2023-11-15 11:45:55"}
{"level":"info","message":{"body":"","method":"GET","params":{},"query":{},"url":"/api/person/getByRut/20395011k"},"timestamp":"2023-11-15 11:45:58"}
{"controller":"person/getByRut","level":"info","message":"OK","timestamp":"2023-11-15 11:45:58"}
{"level":"info","message":{"body":"","method":"GET","params":{},"query":{},"url":"/api/person/getByRut/20395011k"},"timestamp":"2023-11-15 11:46:38"}
{"controller":"person/getByRut","level":"info","message":"OK","timestamp":"2023-11-15 11:46:38"}
{"level":"info","message":{"body":"","method":"GET","params":{},"query":{},"url":"/api/person/getByRut/20395011k"},"timestamp":"2023-11-15 11:46:38"}
{"controller":"person/getByRut","level":"info","message":"OK","timestamp":"2023-11-15 11:46:38"}
{"level":"info","message":{"body":"","method":"GET","params":{},"query":{},"url":"/api/person/getByRut/20395011k"},"timestamp":"2023-11-15 11:47:57"}
{"controller":"person/getByRut","level":"info","message":"OK","timestamp":"2023-11-15 11:47:58"}
{"level":"info","message":{"body":"","method":"GET","params":{},"query":{},"url":"/api/person/getByRut/20395011k"},"timestamp":"2023-11-15 11:47:58"}
{"controller":"person/getByRut","level":"info","message":"OK","timestamp":"2023-11-15 11:47:58"}
{"level":"info","message":{"body":"","method":"GET","params":{},"query":{},"url":"/api/person/getByRut/20395011k"},"timestamp":"2023-11-15 11:48:59"}
{"controller":"person/getByRut","level":"info","message":"OK","timestamp":"2023-11-15 11:49:00"}
{"level":"info","message":{"body":"","method":"GET","params":{},"query":{},"url":"/api/person/getByRut/20395011k"},"timestamp":"2023-11-15 11:49:00"}
{"controller":"person/getByRut","level":"info","message":"OK","timestamp":"2023-11-15 11:49:00"}
{"level":"info","message":{"body":"","method":"GET","params":{},"query":{},"url":"/api/person/getByRut/20395011k"},"timestamp":"2023-11-15 11:49:20"}
{"controller":"person/getByRut","level":"info","message":"OK","timestamp":"2023-11-15 11:49:21"}
{"level":"info","message":{"body":"","method":"GET","params":{},"query":{},"url":"/api/person/getByRut/20395011k"},"timestamp":"2023-11-15 11:49:21"}
{"controller":"person/getByRut","level":"info","message":"OK","timestamp":"2023-11-15 11:49:21"}
{"level":"info","message":{"body":"","method":"GET","params":{},"query":{},"url":"/api/person/getByRut/20395011k"},"timestamp":"2023-11-15 11:49:54"}
{"controller":"person/getByRut","level":"info","message":"OK","timestamp":"2023-11-15 11:49:55"}
{"level":"info","message":{"body":"","method":"GET","params":{},"query":{},"url":"/api/person/getByRut/20395011k"},"timestamp":"2023-11-15 11:49:55"}
{"controller":"person/getByRut","level":"info","message":"OK","timestamp":"2023-11-15 11:49:55"}
{"level":"info","message":{"body":{"address":"Av. providencia","district":"Providencia","email":"benja123@gmail.com","maternalLastName":"Zuloaga","name":"Benjamin","paternalLastName":"Vasquez","phone":"12345678","rut":"20395011k"},"method":"POST","params":"","query":"","url":"/api/person/upsert"},"timestamp":"2023-11-15 11:50:13"}
{"level":"info","message":{"body":"","method":"GET","params":{},"query":{},"url":"/api/person/getByRut/20395011k"},"timestamp":"2023-11-15 11:50:27"}
{"controller":"person/getByRut","level":"info","message":"OK","timestamp":"2023-11-15 11:50:28"}
{"level":"info","message":{"body":"","method":"GET","params":{},"query":{},"url":"/api/person/getByRut/20395011k"},"timestamp":"2023-11-15 11:50:28"}
{"controller":"person/getByRut","level":"info","message":"OK","timestamp":"2023-11-15 11:50:28"}
{"level":"info","message":{"body":"","method":"GET","params":{},"query":{},"url":"/api/person/getByRut/20395011k"},"timestamp":"2023-11-15 11:50:35"}
{"controller":"person/getByRut","level":"info","message":"OK","timestamp":"2023-11-15 11:50:36"}
{"level":"info","message":{"body":"","method":"GET","params":{},"query":{},"url":"/api/person/getByRut/20395011k"},"timestamp":"2023-11-15 11:50:36"}
{"controller":"person/getByRut","level":"info","message":"OK","timestamp":"2023-11-15 11:50:36"}
{"level":"info","message":{"body":"","method":"GET","params":{},"query":{},"url":"/api/person/getByRut/20395011k"},"timestamp":"2023-11-15 11:52:59"}
{"controller":"person/getByRut","level":"info","message":"OK","timestamp":"2023-11-15 11:53:00"}
{"level":"info","message":{"body":"","method":"GET","params":{},"query":{},"url":"/api/person/getByRut/20395011k"},"timestamp":"2023-11-15 11:53:00"}
{"controller":"person/getByRut","level":"info","message":"OK","timestamp":"2023-11-15 11:53:00"}
{"level":"info","message":{"body":"","method":"GET","params":{},"query":{},"url":"/api/person/getByRut/20395011k"},"timestamp":"2023-11-15 12:12:48"}
{"controller":"person/getByRut","level":"info","message":"OK","timestamp":"2023-11-15 12:12:49"}
{"level":"info","message":{"body":"","method":"GET","params":{},"query":{},"url":"/api/person/getByRut/20395011k"},"timestamp":"2023-11-15 12:12:49"}
{"controller":"person/getByRut","level":"info","message":"OK","timestamp":"2023-11-15 12:12:49"}
{"level":"info","message":{"body":"","method":"GET","params":{},"query":{},"url":"/api/person/getByRut/20395011k"},"timestamp":"2023-11-15 12:22:26"}
{"controller":"person/getByRut","level":"info","message":"OK","timestamp":"2023-11-15 12:22:26"}
{"level":"info","message":{"body":"","method":"GET","params":{},"query":{},"url":"/api/person/getByRut/20395011k"},"timestamp":"2023-11-15 12:22:26"}
{"controller":"person/getByRut","level":"info","message":"OK","timestamp":"2023-11-15 12:22:26"}
{"level":"info","message":{"body":{"login":"benja123@gmail.com","password":"123"},"method":"POST","params":"","query":"","url":"/api/user/assignPassword"},"timestamp":"2023-11-15 12:33:07"}
{"controller":"user/assignPassword","level":"info","message":"OK","timestamp":"2023-11-15 12:33:08"}
{"level":"info","message":{"body":"","method":"GET","params":{},"query":{},"url":"/api/person/getByRut/20395011k"},"timestamp":"2023-11-15 12:36:32"}
{"controller":"person/getByRut","level":"info","message":"OK","timestamp":"2023-11-15 12:36:32"}
{"level":"info","message":{"body":"","method":"GET","params":{},"query":{},"url":"/api/person/getByRut/20395011k"},"timestamp":"2023-11-15 12:36:32"}
{"controller":"person/getByRut","level":"info","message":"OK","timestamp":"2023-11-15 12:36:33"}
{"level":"info","message":{"body":"","method":"GET","params":{},"query":{},"url":"/api/person/getByRut/20395011k"},"timestamp":"2023-11-15 12:36:38"}
{"controller":"person/getByRut","level":"info","message":"OK","timestamp":"2023-11-15 12:36:38"}
{"level":"info","message":{"body":"","method":"GET","params":{},"query":{},"url":"/api/person/getByRut/20395011k"},"timestamp":"2023-11-15 12:36:38"}
{"controller":"person/getByRut","level":"info","message":"OK","timestamp":"2023-11-15 12:36:39"}
{"level":"info","message":{"body":{"login":"benja123@gmail.com","password":"123"},"method":"POST","params":"","query":"","url":"/api/user/validate"},"timestamp":"2023-11-15 12:48:27"}
{"controller":"user/validate","level":"info","message":"OK","timestamp":"2023-11-15 12:48:28"}
{"level":"info","message":{"body":{"login":"benja123@gmail.com","password":"123"},"method":"POST","params":"","query":"","url":"/api/user/validate"},"timestamp":"2023-11-15 12:49:05"}
{"controller":"user/validate","level":"info","message":"OK","timestamp":"2023-11-15 12:49:06"}
{"level":"info","message":{"body":{"login":"benja123@gmail.com","password":"123"},"method":"POST","params":"","query":"","url":"/api/user/validate"},"timestamp":"2023-11-15 13:05:13"}
{"controller":"user/validate","level":"info","message":"OK","timestamp":"2023-11-15 13:05:14"}
{"level":"info","message":{"body":{"login":"benja123@gmail.com","password":"123124"},"method":"POST","params":"","query":"","url":"/api/user/validate"},"timestamp":"2023-11-15 13:05:24"}
{"level":"info","message":{"body":{"login":"benja123@gmail.com","password":""},"method":"POST","params":"","query":"","url":"/api/user/validate"},"timestamp":"2023-11-15 13:31:52"}
{"level":"info","message":{"body":{"login":"benja123@gmail.com","password":"123"},"method":"POST","params":"","query":"","url":"/api/user/validate"},"timestamp":"2023-11-15 13:31:56"}
{"controller":"user/validate","level":"info","message":"OK","timestamp":"2023-11-15 13:31:57"}
{"level":"info","message":{"body":{"login":"benja123@gmail.com","password":"123"},"method":"POST","params":"","query":"","url":"/api/user/validate"},"timestamp":"2023-11-15 13:32:35"}
{"controller":"user/validate","level":"info","message":"OK","timestamp":"2023-11-15 13:32:36"}
{"level":"info","message":{"body":{"login":"benja123@gmail.com","password":"123"},"method":"POST","params":"","query":"","url":"/api/user/validate"},"timestamp":"2023-11-15 13:32:39"}
{"controller":"user/validate","level":"info","message":"OK","timestamp":"2023-11-15 13:32:39"}
{"level":"info","message":{"body":{"login":"benja123@gmail.com","password":"123"},"method":"POST","params":"","query":"","url":"/api/user/validate"},"timestamp":"2023-11-15 13:34:25"}
{"controller":"user/validate","level":"info","message":"OK","timestamp":"2023-11-15 13:34:26"}
{"level":"info","message":{"body":{"login":"","password":""},"method":"POST","params":"","query":"","url":"/api/user/validate"},"timestamp":"2023-11-15 13:34:32"}
{"level":"info","message":{"body":{"login":"benja123@gmail.com","password":"211f1"},"method":"POST","params":"","query":"","url":"/api/user/validate"},"timestamp":"2023-11-15 13:34:38"}
{"level":"info","message":{"body":{"login":"","password":""},"method":"POST","params":"","query":"","url":"/api/user/validate"},"timestamp":"2023-11-15 13:35:14"}
{"level":"info","message":{"body":{"login":"benja123@gmail.com","password":""},"method":"POST","params":"","query":"","url":"/api/user/validate"},"timestamp":"2023-11-15 13:35:29"}
{"level":"info","message":{"body":{"login":"benja123@gmail.com","password":"123"},"method":"POST","params":"","query":"","url":"/api/user/validate"},"timestamp":"2023-11-15 13:35:33"}
{"controller":"user/validate","level":"info","message":"OK","timestamp":"2023-11-15 13:35:34"}
{"level":"info","message":{"body":{"login":"benja123@gmail.com","password":"123"},"method":"POST","params":"","query":"","url":"/api/user/validate"},"timestamp":"2023-11-15 13:36:01"}
{"controller":"user/validate","level":"info","message":"OK","timestamp":"2023-11-15 13:36:02"}
{"level":"info","message":{"body":{"login":"benja123@gmail.com","password":"123"},"method":"POST","params":"","query":"","url":"/api/user/validate"},"timestamp":"2023-11-15 13:37:17"}
{"controller":"user/validate","level":"info","message":"OK","timestamp":"2023-11-15 13:37:18"}
{"level":"info","message":{"body":{"login":"benja123@gmail.com","password":"g"},"method":"POST","params":"","query":"","url":"/api/user/validate"},"timestamp":"2023-11-15 13:38:55"}
{"level":"info","message":{"body":{"login":"benja123@gmail.com","password":"g"},"method":"POST","params":"","query":"","url":"/api/user/validate"},"timestamp":"2023-11-15 13:41:01"}
{"level":"info","message":{"body":{"login":"benja123@gmail.com","password":"ghte"},"method":"POST","params":"","query":"","url":"/api/user/validate"},"timestamp":"2023-11-15 13:41:13"}
{"level":"info","message":{"body":{"login":"benja123@gmail.com","password":"123"},"method":"POST","params":"","query":"","url":"/api/user/validate"},"timestamp":"2023-11-15 13:41:17"}
{"controller":"user/validate","level":"info","message":"OK","timestamp":"2023-11-15 13:41:17"}
{"level":"info","message":{"body":{"login":"benja123@gmail.com","password":"123"},"method":"POST","params":"","query":"","url":"/api/user/validate"},"timestamp":"2023-11-15 13:41:31"}
{"controller":"user/validate","level":"info","message":"OK","timestamp":"2023-11-15 13:41:32"}
{"level":"info","message":{"body":{"login":"benja123@gmail.com","password":"123"},"method":"POST","params":"","query":"","url":"/api/user/validate"},"timestamp":"2023-11-15 13:44:30"}
{"controller":"user/validate","level":"info","message":"OK","timestamp":"2023-11-15 13:44:31"}
{"level":"info","message":{"body":{"login":"benja123@gmail.com","password":"123"},"method":"POST","params":"","query":"","url":"/api/user/validate"},"timestamp":"2023-11-15 13:47:55"}
{"controller":"user/validate","level":"info","message":"OK","timestamp":"2023-11-15 13:47:56"}
{"level":"info","message":{"body":{"login":"benja123@gmail.com","password":"123"},"method":"POST","params":"","query":"","url":"/api/user/validate"},"timestamp":"2023-11-15 13:49:23"}
{"controller":"user/validate","level":"info","message":"OK","timestamp":"2023-11-15 13:49:24"}
{"level":"info","message":{"body":{"login":"benja123@gmail.com","password":"123"},"method":"POST","params":"","query":"","url":"/api/user/validate"},"timestamp":"2023-11-15 13:52:45"}
{"controller":"user/validate","level":"info","message":"OK","timestamp":"2023-11-15 13:52:46"}
{"level":"info","message":{"body":{"login":"benja123@gmail.com","password":"123"},"method":"POST","params":"","query":"","url":"/api/user/validate"},"timestamp":"2023-11-15 13:52:57"}
{"level":"info","message":{"body":{"login":"benja123@gmail.com","password":"123"},"method":"POST","params":"","query":"","url":"/api/user/validate"},"timestamp":"2023-11-15 13:52:58"}
{"controller":"user/validate","level":"info","message":"OK","timestamp":"2023-11-15 13:52:58"}
{"controller":"user/validate","level":"info","message":"OK","timestamp":"2023-11-15 13:52:59"}
{"level":"info","message":{"body":{"login":"benja123@gmail.com","password":"123"},"method":"POST","params":"","query":"","url":"/api/user/validate"},"timestamp":"2023-11-15 13:53:40"}
{"controller":"user/validate","level":"info","message":"OK","timestamp":"2023-11-15 13:53:40"}
{"level":"info","message":{"body":{"login":"benja123@gmail.com","password":"123"},"method":"POST","params":"","query":"","url":"/api/user/validate"},"timestamp":"2023-11-15 13:56:36"}
{"controller":"user/validate","level":"info","message":"OK","timestamp":"2023-11-15 13:56:37"}
{"level":"info","message":{"body":{"login":"","password":""},"method":"POST","params":"","query":"","url":"/api/user/validate"},"timestamp":"2023-11-15 13:56:48"}
{"level":"info","message":{"body":{"login":"","password":""},"method":"POST","params":"","query":"","url":"/api/user/validate"},"timestamp":"2023-11-15 13:56:49"}
{"level":"info","message":{"body":{"login":"benja123@gmail.com","password":""},"method":"POST","params":"","query":"","url":"/api/user/validate"},"timestamp":"2023-11-15 13:56:56"}
{"level":"info","message":{"body":{"login":"benja123@gmail.com","password":"123"},"method":"POST","params":"","query":"","url":"/api/user/validate"},"timestamp":"2023-11-15 13:57:01"}
{"controller":"user/validate","level":"info","message":"OK","timestamp":"2023-11-15 13:57:02"}
