{"level":"info","message":{"body":"","method":"GET","params":{},"query":{},"url":"/api/invoice/getAll/"},"timestamp":"2023-10-15 13:55:05"}
{"controller":"user/getAll","level":"info","message":"OK","timestamp":"2023-10-15 13:55:06"}
{"level":"info","message":{"body":"","method":"GET","params":{},"query":{},"url":"/api/invoice/getAll/"},"timestamp":"2023-10-15 14:28:23"}
{"level":"error","message":{"error":"invalid reference to FROM-clause entry for table \"invoicecab\"","model":"invoiceCab/getAll"},"timestamp":"2023-10-15 14:28:24"}
{"level":"info","message":{"body":"","method":"GET","params":{},"query":{},"url":"/api/invoice/getAll/"},"timestamp":"2023-10-15 14:29:22"}
{"controller":"user/getAll","level":"info","message":"OK","timestamp":"2023-10-15 14:29:23"}
{"level":"info","message":{"body":"","method":"GET","params":{},"query":{},"url":"/api/invoice/getAll/"},"timestamp":"2023-10-15 14:31:53"}
{"controller":"user/getAll","level":"info","message":"OK","timestamp":"2023-10-15 14:31:54"}
{"level":"info","message":{"body":"","method":"GET","params":{},"query":{},"url":"/api/invoice/getAll/"},"timestamp":"2023-10-15 15:51:53"}
{"controller":"user/getAll","level":"info","message":"OK","timestamp":"2023-10-15 15:51:54"}
{"level":"info","message":{"body":"","method":"GET","params":{},"query":{},"url":"/api/invoice/getById/b3d35629-1dd3-44e8-b928-b989c2d03e60"},"timestamp":"2023-10-15 16:09:26"}
{"level":"info","message":{"body":"","method":"GET","params":{},"query":{},"url":"/api/invoice/getById/b3d35629-1dd3-44e8-b928-b989c2d03e60"},"timestamp":"2023-10-15 16:10:14"}
{"level":"info","message":{"body":"","method":"GET","params":{},"query":{},"url":"/api/invoice/getAll/"},"timestamp":"2023-10-15 16:18:09"}
{"controller":"user/getAll","level":"info","message":"OK","timestamp":"2023-10-15 16:18:10"}
{"level":"info","message":{"body":"","method":"GET","params":{},"query":{},"url":"/api/invoice/getAll/"},"timestamp":"2023-10-15 16:22:48"}
{"controller":"user/getAll","level":"info","message":"OK","timestamp":"2023-10-15 16:22:49"}
{"level":"info","message":{"body":"","method":"GET","params":{},"query":{},"url":"/api/invoice/getAll/"},"timestamp":"2023-10-15 16:25:11"}
{"controller":"user/getAll","level":"info","message":"OK","timestamp":"2023-10-15 16:25:11"}
{"level":"info","message":{"body":"","method":"GET","params":{},"query":{},"url":"/api/invoice/getById/b3d35629-1dd3-44e8-b928-b989c2d03e60"},"timestamp":"2023-10-15 16:31:43"}
{"level":"error","message":{"error":"invalid reference to FROM-clause entry for table \"invoicecab\"","model":"invoiceCab/getById"},"timestamp":"2023-10-15 16:31:44"}
{"level":"info","message":{"body":"","method":"GET","params":{},"query":{},"url":"/api/invoice/getById/f9b72278-f575-4223-9bc3-0aa82a3ad205"},"timestamp":"2023-10-15 16:33:14"}
{"level":"error","message":{"error":"invalid reference to FROM-clause entry for table \"invoicecab\"","model":"invoiceCab/getById"},"timestamp":"2023-10-15 16:33:14"}
{"level":"info","message":{"body":"","method":"GET","params":{},"query":{},"url":"/api/invoice/getById/f9b72278-f575-4223-9bc3-0aa82a3ad205"},"timestamp":"2023-10-15 16:34:27"}
{"controller":"invoideCab/getById","level":"info","message":"OK","timestamp":"2023-10-15 16:34:28"}
{"level":"info","message":{"body":"","method":"GET","params":{},"query":{},"url":"/api/invoice/getById/f9b72278-f575-4223-9bc3-0aa82a3ad205"},"timestamp":"2023-10-15 16:47:51"}
{"controller":"invoideCab/getById","level":"info","message":"OK","timestamp":"2023-10-15 16:47:51"}
{"level":"info","message":{"body":"","method":"GET","params":{},"query":{},"url":"/api/invoice/getByCustomerRut/77117"},"timestamp":"2023-10-15 17:24:48"}
{"level":"info","message":{"body":"","method":"GET","params":{},"query":{},"url":"/api/invoice/getByCustomerRut/77117"},"timestamp":"2023-10-15 17:26:06"}
{"level":"info","message":{"body":"","method":"GET","params":{},"query":{},"url":"/api/invoice/getByCustomerRut/77117"},"timestamp":"2023-10-15 17:26:21"}
{"level":"info","message":{"body":"","method":"GET","params":{},"query":{},"url":"/api/invoice/getByCustomerRut/203950111"},"timestamp":"2023-10-15 17:26:39"}
{"level":"info","message":{"body":"","method":"GET","params":{},"query":{},"url":"/api/invoice/getByCustomerRut/20395011k"},"timestamp":"2023-10-15 17:27:06"}
{"level":"info","message":{"body":"","method":"GET","params":{},"query":{},"url":"/api/invoice/getByCustomerRut/20395011k"},"timestamp":"2023-10-15 17:29:29"}
{"level":"info","message":{"body":"","method":"GET","params":{},"query":{},"url":"/api/invoice/getByCustomerRut/20395011k"},"timestamp":"2023-10-15 17:29:36"}
{"level":"info","message":{"body":"","method":"GET","params":{},"query":{},"url":"/api/invoice/getByCustomerRut/20395011k"},"timestamp":"2023-10-15 17:29:38"}
{"level":"info","message":{"body":"","method":"GET","params":{},"query":{},"url":"/api/invoice/getByCustomerRut/77117"},"timestamp":"2023-10-15 17:29:47"}
{"level":"info","message":{"body":"","method":"GET","params":{},"query":{},"url":"/api/customer/getByRut/7711711"},"timestamp":"2023-10-15 17:30:28"}
{"level":"info","message":{"body":"","method":"GET","params":{},"query":{},"url":"/api/customer/getByRut/77117"},"timestamp":"2023-10-15 17:30:35"}
{"level":"info","message":{"body":"","method":"GET","params":{},"query":{},"url":"/api/customer/getByRut/20395011k"},"timestamp":"2023-10-15 17:30:58"}
{"level":"info","message":{"body":"","method":"GET","params":{},"query":{},"url":"/api/customer/getAll/"},"timestamp":"2023-10-15 17:31:15"}
{"controller":"customer/getAll","level":"info","message":"OK","timestamp":"2023-10-15 17:31:16"}
{"level":"info","message":{"body":"","method":"GET","params":{},"query":{},"url":"/api/invoice/getByCustomerRut/77117111"},"timestamp":"2023-10-15 17:31:31"}
{"controller":"customer/getByRut","level":"info","message":"OK","timestamp":"2023-10-15 17:31:32"}
{"level":"info","message":{"body":"","method":"GET","params":{},"query":{},"url":"/api/invoice/getByCustomerRut/77117111"},"timestamp":"2023-10-15 17:32:08"}
{"controller":"customer/getByRut","level":"info","message":"OK","timestamp":"2023-10-15 17:32:08"}
{"level":"info","message":{"body":"","method":"GET","params":{},"query":{},"url":"/api/invoice/getByCustomerRut/77117111"},"timestamp":"2023-10-15 19:03:44"}
{"controller":"customer/getByRut","level":"info","message":"OK","timestamp":"2023-10-15 19:03:45"}
{"level":"info","message":{"body":"","method":"GET","params":{},"query":{},"url":"/api/invoice/getByCustomerRut/77117111"},"timestamp":"2023-10-15 19:22:53"}
{"controller":"customer/getByRut","level":"info","message":"OK","timestamp":"2023-10-15 19:22:54"}
{"level":"info","message":{"body":"","method":"GET","params":{},"query":{},"url":"/api/invoice/getById/00943eed-4b6e-4170-aab8-3a2e2c554bf4"},"timestamp":"2023-10-15 19:23:32"}
{"level":"info","message":{"body":"","method":"GET","params":{},"query":{},"url":"/api/invoice/getByCustomerRut/77117111"},"timestamp":"2023-10-15 19:23:47"}
{"controller":"customer/getByRut","level":"info","message":"OK","timestamp":"2023-10-15 19:23:47"}
