{"level":"info","message":{"body":{"login":"","password":"1234"},"method":"POST","params":"","query":"","url":"/api/user/validate"},"timestamp":"2023-11-22 00:00:34"}
{"level":"info","message":{"body":{"login":"benja123@gmail.com","password":"1234"},"method":"POST","params":"","query":"","url":"/api/user/validate"},"timestamp":"2023-11-22 00:00:39"}
{"controller":"user/validate","level":"info","message":"OK","timestamp":"2023-11-22 00:00:40"}
{"level":"info","message":{"body":"","method":"GET","params":{},"query":{},"url":"/api/person/getAll/"},"timestamp":"2023-11-22 00:26:25"}
{"controller":"person/getAll","level":"info","message":"OK","timestamp":"2023-11-22 00:26:25"}
{"level":"info","message":{"body":"","method":"GET","params":{},"query":{},"url":"/api/person/getAll/"},"timestamp":"2023-11-22 00:26:25"}
{"controller":"person/getAll","level":"info","message":"OK","timestamp":"2023-11-22 00:26:26"}
{"level":"info","message":{"body":"","method":"GET","params":{},"query":{},"url":"/api/product/getAll/"},"timestamp":"2023-11-22 00:36:24"}
{"controller":"product/getAll","level":"info","message":"OK","timestamp":"2023-11-22 00:36:24"}
{"level":"info","message":{"body":"","method":"GET","params":{},"query":{},"url":"/api/product/getAll/"},"timestamp":"2023-11-22 00:36:24"}
{"controller":"product/getAll","level":"info","message":"OK","timestamp":"2023-11-22 00:36:25"}
{"level":"info","message":{"body":"","method":"GET","params":{},"query":{},"url":"/api/person/getAll/"},"timestamp":"2023-11-22 00:36:53"}
{"controller":"person/getAll","level":"info","message":"OK","timestamp":"2023-11-22 00:36:53"}
{"level":"info","message":{"body":"","method":"GET","params":{},"query":{},"url":"/api/person/getAll/"},"timestamp":"2023-11-22 00:36:53"}
{"controller":"person/getAll","level":"info","message":"OK","timestamp":"2023-11-22 00:36:54"}
{"level":"info","message":{"body":"","method":"GET","params":{},"query":{},"url":"/api/product/getAll/"},"timestamp":"2023-11-22 00:39:42"}
{"controller":"product/getAll","level":"info","message":"OK","timestamp":"2023-11-22 00:39:43"}
{"level":"info","message":{"body":"","method":"GET","params":{},"query":{},"url":"/api/product/getAll/"},"timestamp":"2023-11-22 00:39:43"}
{"controller":"product/getAll","level":"info","message":"OK","timestamp":"2023-11-22 00:39:43"}
{"level":"info","message":{"body":"","method":"GET","params":{},"query":{},"url":"/api/product/getAll/"},"timestamp":"2023-11-22 00:48:35"}
{"controller":"product/getAll","level":"info","message":"OK","timestamp":"2023-11-22 00:48:36"}
{"level":"info","message":{"body":"","method":"GET","params":{},"query":{},"url":"/api/product/getAll/"},"timestamp":"2023-11-22 00:48:36"}
{"controller":"product/getAll","level":"info","message":"OK","timestamp":"2023-11-22 00:48:36"}
{"level":"info","message":{"body":"","method":"GET","params":{},"query":{},"url":"/api/product/getAll/"},"timestamp":"2023-11-22 00:48:46"}
{"controller":"product/getAll","level":"info","message":"OK","timestamp":"2023-11-22 00:48:47"}
{"level":"info","message":{"body":"","method":"GET","params":{},"query":{},"url":"/api/product/getAll/"},"timestamp":"2023-11-22 00:48:47"}
{"controller":"product/getAll","level":"info","message":"OK","timestamp":"2023-11-22 00:48:47"}
{"level":"info","message":{"body":"","method":"GET","params":{},"query":{},"url":"/api/person/getAll/"},"timestamp":"2023-11-22 00:55:16"}
{"controller":"person/getAll","level":"info","message":"OK","timestamp":"2023-11-22 00:55:16"}
{"level":"info","message":{"body":"","method":"GET","params":{},"query":{},"url":"/api/person/getAll/"},"timestamp":"2023-11-22 00:55:16"}
{"controller":"person/getAll","level":"info","message":"OK","timestamp":"2023-11-22 00:55:16"}
{"level":"info","message":{"body":"","method":"GET","params":{},"query":{},"url":"/api/person/getAll/"},"timestamp":"2023-11-22 00:56:59"}
{"controller":"person/getAll","level":"info","message":"OK","timestamp":"2023-11-22 00:56:59"}
{"level":"info","message":{"body":"","method":"GET","params":{},"query":{},"url":"/api/person/getAll/"},"timestamp":"2023-11-22 00:56:59"}
{"controller":"person/getAll","level":"info","message":"OK","timestamp":"2023-11-22 00:57:00"}
{"level":"info","message":{"body":{"login":"benja123@gmail.com","password":"1234"},"method":"POST","params":"","query":"","url":"/api/user/validate"},"timestamp":"2023-11-22 01:00:18"}
{"controller":"user/validate","level":"info","message":"OK","timestamp":"2023-11-22 01:00:19"}
{"level":"info","message":{"body":"","method":"GET","params":{},"query":{},"url":"/api/person/getAll/"},"timestamp":"2023-11-22 01:08:22"}
{"controller":"person/getAll","level":"info","message":"OK","timestamp":"2023-11-22 01:08:22"}
{"level":"info","message":{"body":"","method":"GET","params":{},"query":{},"url":"/api/person/getAll/"},"timestamp":"2023-11-22 01:08:22"}
{"controller":"person/getAll","level":"info","message":"OK","timestamp":"2023-11-22 01:08:23"}
{"level":"info","message":{"body":"","method":"GET","params":{},"query":{},"url":"/api/person/getAll/"},"timestamp":"2023-11-22 01:08:48"}
{"controller":"person/getAll","level":"info","message":"OK","timestamp":"2023-11-22 01:08:48"}
{"level":"info","message":{"body":"","method":"GET","params":{},"query":{},"url":"/api/person/getAll/"},"timestamp":"2023-11-22 01:08:48"}
{"controller":"person/getAll","level":"info","message":"OK","timestamp":"2023-11-22 01:08:49"}
{"level":"info","message":{"body":"","method":"GET","params":{},"query":{},"url":"/api/person/getAll/"},"timestamp":"2023-11-22 01:10:24"}
{"controller":"person/getAll","level":"info","message":"OK","timestamp":"2023-11-22 01:10:24"}
{"level":"info","message":{"body":"","method":"GET","params":{},"query":{},"url":"/api/person/getAll/"},"timestamp":"2023-11-22 01:10:24"}
{"controller":"person/getAll","level":"info","message":"OK","timestamp":"2023-11-22 01:10:24"}
{"level":"info","message":{"body":"","method":"GET","params":{},"query":{},"url":"/api/person/getAll/"},"timestamp":"2023-11-22 01:10:54"}
{"controller":"person/getAll","level":"info","message":"OK","timestamp":"2023-11-22 01:10:55"}
{"level":"info","message":{"body":"","method":"GET","params":{},"query":{},"url":"/api/person/getAll/"},"timestamp":"2023-11-22 01:10:55"}
{"controller":"person/getAll","level":"info","message":"OK","timestamp":"2023-11-22 01:10:55"}
{"level":"info","message":{"body":"","method":"GET","params":{},"query":{},"url":"/api/person/getAll/"},"timestamp":"2023-11-22 01:15:21"}
{"controller":"person/getAll","level":"info","message":"OK","timestamp":"2023-11-22 01:15:22"}
{"level":"info","message":{"body":"","method":"GET","params":{},"query":{},"url":"/api/person/getAll/"},"timestamp":"2023-11-22 01:15:22"}
{"controller":"person/getAll","level":"info","message":"OK","timestamp":"2023-11-22 01:15:22"}
{"level":"info","message":{"body":"","method":"GET","params":{},"query":{},"url":"/api/person/getAll/"},"timestamp":"2023-11-22 01:16:57"}
{"controller":"person/getAll","level":"info","message":"OK","timestamp":"2023-11-22 01:16:58"}
{"level":"info","message":{"body":"","method":"GET","params":{},"query":{},"url":"/api/person/getAll/"},"timestamp":"2023-11-22 01:16:58"}
{"controller":"person/getAll","level":"info","message":"OK","timestamp":"2023-11-22 01:16:58"}
{"level":"info","message":{"body":"","method":"GET","params":{},"query":{},"url":"/api/person/getAll/"},"timestamp":"2023-11-22 01:17:42"}
{"controller":"person/getAll","level":"info","message":"OK","timestamp":"2023-11-22 01:17:42"}
{"level":"info","message":{"body":"","method":"GET","params":{},"query":{},"url":"/api/person/getAll/"},"timestamp":"2023-11-22 01:17:42"}
{"controller":"person/getAll","level":"info","message":"OK","timestamp":"2023-11-22 01:17:43"}
{"level":"info","message":{"body":"","method":"GET","params":{},"query":{},"url":"/api/person/getAll/"},"timestamp":"2023-11-22 01:18:09"}
{"controller":"person/getAll","level":"info","message":"OK","timestamp":"2023-11-22 01:18:09"}
{"level":"info","message":{"body":"","method":"GET","params":{},"query":{},"url":"/api/person/getAll/"},"timestamp":"2023-11-22 01:18:09"}
{"controller":"person/getAll","level":"info","message":"OK","timestamp":"2023-11-22 01:18:10"}
{"level":"info","message":{"body":"","method":"GET","params":{},"query":{},"url":"/api/person/getByRut/"},"timestamp":"2023-11-22 01:20:12"}
{"level":"info","message":{"body":"","method":"GET","params":{},"query":{},"url":"/api/person/getAll/"},"timestamp":"2023-11-22 01:24:29"}
{"controller":"person/getAll","level":"info","message":"OK","timestamp":"2023-11-22 01:24:30"}
{"level":"info","message":{"body":"","method":"GET","params":{},"query":{},"url":"/api/person/getAll/"},"timestamp":"2023-11-22 01:24:30"}
{"controller":"person/getAll","level":"info","message":"OK","timestamp":"2023-11-22 01:24:30"}
{"level":"info","message":{"body":"","method":"GET","params":{},"query":{},"url":"/api/person/getByRut/"},"timestamp":"2023-11-22 01:24:37"}
{"level":"info","message":{"body":"","method":"GET","params":{},"query":{},"url":"/api/person/getByRut/"},"timestamp":"2023-11-22 01:24:38"}
{"level":"info","message":{"body":"","method":"GET","params":{},"query":{},"url":"/api/person/getByRut/"},"timestamp":"2023-11-22 01:24:41"}
{"level":"info","message":{"body":"","method":"GET","params":{},"query":{},"url":"/api/person/getByRut/"},"timestamp":"2023-11-22 01:29:47"}
{"level":"info","message":{"body":"","method":"GET","params":{},"query":{},"url":"/api/person/getAll/"},"timestamp":"2023-11-22 01:30:05"}
{"controller":"person/getAll","level":"info","message":"OK","timestamp":"2023-11-22 01:30:06"}
{"level":"info","message":{"body":"","method":"GET","params":{},"query":{},"url":"/api/person/getAll/"},"timestamp":"2023-11-22 01:30:06"}
{"controller":"person/getAll","level":"info","message":"OK","timestamp":"2023-11-22 01:30:06"}
{"level":"info","message":{"body":"","method":"GET","params":{},"query":{},"url":"/api/person/getById/undefined"},"timestamp":"2023-11-22 01:30:36"}
{"level":"error","message":{"error":"invalid input syntax for type uuid: \"undefined\"","model":"person/getById"},"timestamp":"2023-11-22 01:30:37"}
{"level":"info","message":{"body":"","method":"GET","params":{},"query":{},"url":"/api/person/getById/undefined"},"timestamp":"2023-11-22 01:30:37"}
{"level":"error","message":{"error":"invalid input syntax for type uuid: \"undefined\"","model":"person/getById"},"timestamp":"2023-11-22 01:30:38"}
{"level":"info","message":{"body":"","method":"GET","params":{},"query":{},"url":"/api/person/getById/undefined"},"timestamp":"2023-11-22 01:30:38"}
{"level":"error","message":{"error":"invalid input syntax for type uuid: \"undefined\"","model":"person/getById"},"timestamp":"2023-11-22 01:30:38"}
{"level":"info","message":{"body":"","method":"GET","params":{},"query":{},"url":"/api/person/getById/undefined"},"timestamp":"2023-11-22 01:30:38"}
{"level":"error","message":{"error":"invalid input syntax for type uuid: \"undefined\"","model":"person/getById"},"timestamp":"2023-11-22 01:30:39"}
{"level":"info","message":{"body":"","method":"GET","params":{},"query":{},"url":"/api/person/getAll/"},"timestamp":"2023-11-22 01:31:03"}
{"controller":"person/getAll","level":"info","message":"OK","timestamp":"2023-11-22 01:31:04"}
{"level":"info","message":{"body":"","method":"GET","params":{},"query":{},"url":"/api/person/getAll/"},"timestamp":"2023-11-22 01:31:04"}
{"controller":"person/getAll","level":"info","message":"OK","timestamp":"2023-11-22 01:31:04"}
{"level":"info","message":{"body":"","method":"GET","params":{},"query":{},"url":"/api/person/getById/undefined"},"timestamp":"2023-11-22 01:31:06"}
{"level":"error","message":{"error":"invalid input syntax for type uuid: \"undefined\"","model":"person/getById"},"timestamp":"2023-11-22 01:31:06"}
{"level":"info","message":{"body":"","method":"GET","params":{},"query":{},"url":"/api/person/getById/undefined"},"timestamp":"2023-11-22 01:31:06"}
{"level":"error","message":{"error":"invalid input syntax for type uuid: \"undefined\"","model":"person/getById"},"timestamp":"2023-11-22 01:31:06"}
{"level":"info","message":{"body":"","method":"GET","params":{},"query":{},"url":"/api/person/getById/undefined"},"timestamp":"2023-11-22 01:31:06"}
{"level":"error","message":{"error":"invalid input syntax for type uuid: \"undefined\"","model":"person/getById"},"timestamp":"2023-11-22 01:31:07"}
{"level":"info","message":{"body":"","method":"GET","params":{},"query":{},"url":"/api/person/getById/undefined"},"timestamp":"2023-11-22 01:31:07"}
{"level":"error","message":{"error":"invalid input syntax for type uuid: \"undefined\"","model":"person/getById"},"timestamp":"2023-11-22 01:31:08"}
{"level":"info","message":{"body":"","method":"GET","params":{},"query":{},"url":"/api/person/getById/0c2755cc-78da-4fdc-8610-6e66bae56337"},"timestamp":"2023-11-22 01:34:22"}
{"controller":"person/getById","level":"info","message":"OK","timestamp":"2023-11-22 01:34:23"}
{"level":"info","message":{"body":"","method":"GET","params":{},"query":{},"url":"/api/person/getById/0c2755cc-78da-4fdc-8610-6e66bae56337"},"timestamp":"2023-11-22 01:34:23"}
{"controller":"person/getById","level":"info","message":"OK","timestamp":"2023-11-22 01:34:23"}
{"level":"info","message":{"body":"","method":"GET","params":{},"query":{},"url":"/api/person/getById/0c2755cc-78da-4fdc-8610-6e66bae56337"},"timestamp":"2023-11-22 01:34:23"}
{"controller":"person/getById","level":"info","message":"OK","timestamp":"2023-11-22 01:34:23"}
{"level":"info","message":{"body":"","method":"GET","params":{},"query":{},"url":"/api/person/getById/0c2755cc-78da-4fdc-8610-6e66bae56337"},"timestamp":"2023-11-22 01:34:23"}
{"controller":"person/getById","level":"info","message":"OK","timestamp":"2023-11-22 01:34:23"}
{"level":"info","message":{"body":"","method":"GET","params":{},"query":{},"url":"/api/person/getById/0c2755cc-78da-4fdc-8610-6e66bae56337"},"timestamp":"2023-11-22 01:34:53"}
{"controller":"person/getById","level":"info","message":"OK","timestamp":"2023-11-22 01:34:54"}
{"level":"info","message":{"body":"","method":"GET","params":{},"query":{},"url":"/api/person/getById/0c2755cc-78da-4fdc-8610-6e66bae56337"},"timestamp":"2023-11-22 01:34:54"}
{"controller":"person/getById","level":"info","message":"OK","timestamp":"2023-11-22 01:34:54"}
{"level":"info","message":{"body":"","method":"GET","params":{},"query":{},"url":"/api/person/getById/0c2755cc-78da-4fdc-8610-6e66bae56337"},"timestamp":"2023-11-22 01:34:54"}
{"controller":"person/getById","level":"info","message":"OK","timestamp":"2023-11-22 01:34:54"}
{"level":"info","message":{"body":"","method":"GET","params":{},"query":{},"url":"/api/person/getById/0c2755cc-78da-4fdc-8610-6e66bae56337"},"timestamp":"2023-11-22 01:34:54"}
{"controller":"person/getById","level":"info","message":"OK","timestamp":"2023-11-22 01:34:54"}
{"level":"info","message":{"body":"","method":"GET","params":{},"query":{},"url":"/api/person/getById/0c2755cc-78da-4fdc-8610-6e66bae56337"},"timestamp":"2023-11-22 01:40:14"}
{"controller":"person/getById","level":"info","message":"OK","timestamp":"2023-11-22 01:40:14"}
{"level":"info","message":{"body":"","method":"GET","params":{},"query":{},"url":"/api/person/getById/0c2755cc-78da-4fdc-8610-6e66bae56337"},"timestamp":"2023-11-22 01:40:14"}
{"controller":"person/getById","level":"info","message":"OK","timestamp":"2023-11-22 01:40:15"}
{"level":"info","message":{"body":"","method":"GET","params":{},"query":{},"url":"/api/person/getAll/"},"timestamp":"2023-11-22 01:40:25"}
{"controller":"person/getAll","level":"info","message":"OK","timestamp":"2023-11-22 01:40:26"}
{"level":"info","message":{"body":"","method":"GET","params":{},"query":{},"url":"/api/person/getAll/"},"timestamp":"2023-11-22 01:40:26"}
{"controller":"person/getAll","level":"info","message":"OK","timestamp":"2023-11-22 01:40:26"}
{"level":"info","message":{"body":"","method":"GET","params":{},"query":{},"url":"/api/person/getById/0c2755cc-78da-4fdc-8610-6e66bae56337"},"timestamp":"2023-11-22 01:40:30"}
{"controller":"person/getById","level":"info","message":"OK","timestamp":"2023-11-22 01:40:31"}
{"level":"info","message":{"body":"","method":"GET","params":{},"query":{},"url":"/api/person/getById/0c2755cc-78da-4fdc-8610-6e66bae56337"},"timestamp":"2023-11-22 01:40:31"}
{"controller":"person/getById","level":"info","message":"OK","timestamp":"2023-11-22 01:40:31"}
{"level":"info","message":{"body":"","method":"GET","params":{},"query":{},"url":"/api/person/getAll/"},"timestamp":"2023-11-22 01:40:33"}
{"controller":"person/getAll","level":"info","message":"OK","timestamp":"2023-11-22 01:40:34"}
{"level":"info","message":{"body":"","method":"GET","params":{},"query":{},"url":"/api/person/getAll/"},"timestamp":"2023-11-22 01:40:34"}
{"controller":"person/getAll","level":"info","message":"OK","timestamp":"2023-11-22 01:40:34"}
{"level":"info","message":{"body":"","method":"GET","params":{},"query":{},"url":"/api/person/getById/0c2755cc-78da-4fdc-8610-6e66bae56337"},"timestamp":"2023-11-22 01:41:57"}
{"controller":"person/getById","level":"info","message":"OK","timestamp":"2023-11-22 01:41:57"}
{"level":"info","message":{"body":"","method":"GET","params":{},"query":{},"url":"/api/person/getById/0c2755cc-78da-4fdc-8610-6e66bae56337"},"timestamp":"2023-11-22 01:41:57"}
{"controller":"person/getById","level":"info","message":"OK","timestamp":"2023-11-22 01:41:57"}
{"level":"info","message":{"body":"","method":"GET","params":{},"query":{},"url":"/api/person/getAll/"},"timestamp":"2023-11-22 01:41:59"}
{"controller":"person/getAll","level":"info","message":"OK","timestamp":"2023-11-22 01:41:59"}
{"level":"info","message":{"body":"","method":"GET","params":{},"query":{},"url":"/api/person/getAll/"},"timestamp":"2023-11-22 01:41:59"}
{"controller":"person/getAll","level":"info","message":"OK","timestamp":"2023-11-22 01:41:59"}
{"level":"info","message":{"body":"","method":"GET","params":{},"query":{},"url":"/api/person/getById/41071d0a-e246-4bb0-a34e-9bcb1202136c"},"timestamp":"2023-11-22 01:42:01"}
{"controller":"person/getById","level":"info","message":"OK","timestamp":"2023-11-22 01:42:01"}
{"level":"info","message":{"body":"","method":"GET","params":{},"query":{},"url":"/api/person/getById/41071d0a-e246-4bb0-a34e-9bcb1202136c"},"timestamp":"2023-11-22 01:42:01"}
{"controller":"person/getById","level":"info","message":"OK","timestamp":"2023-11-22 01:42:01"}
{"level":"info","message":{"body":"","method":"GET","params":{},"query":{},"url":"/api/person/getAll/"},"timestamp":"2023-11-22 01:42:05"}
{"controller":"person/getAll","level":"info","message":"OK","timestamp":"2023-11-22 01:42:05"}
{"level":"info","message":{"body":"","method":"GET","params":{},"query":{},"url":"/api/person/getAll/"},"timestamp":"2023-11-22 01:42:05"}
{"controller":"person/getAll","level":"info","message":"OK","timestamp":"2023-11-22 01:42:06"}
{"level":"info","message":{"body":"","method":"GET","params":{},"query":{},"url":"/api/person/getById/0c2755cc-78da-4fdc-8610-6e66bae56337"},"timestamp":"2023-11-22 01:42:11"}
{"controller":"person/getById","level":"info","message":"OK","timestamp":"2023-11-22 01:42:11"}
{"level":"info","message":{"body":"","method":"GET","params":{},"query":{},"url":"/api/person/getById/0c2755cc-78da-4fdc-8610-6e66bae56337"},"timestamp":"2023-11-22 01:42:11"}
{"controller":"person/getById","level":"info","message":"OK","timestamp":"2023-11-22 01:42:12"}
{"level":"info","message":{"body":"","method":"GET","params":{},"query":{},"url":"/api/person/getAll/"},"timestamp":"2023-11-22 01:42:13"}
{"controller":"person/getAll","level":"info","message":"OK","timestamp":"2023-11-22 01:42:13"}
{"level":"info","message":{"body":"","method":"GET","params":{},"query":{},"url":"/api/person/getAll/"},"timestamp":"2023-11-22 01:42:13"}
{"controller":"person/getAll","level":"info","message":"OK","timestamp":"2023-11-22 01:42:13"}
{"level":"info","message":{"body":"","method":"GET","params":{},"query":{},"url":"/api/person/getById/fee1e91b-c3e8-4e6e-ba68-3520d01b661e"},"timestamp":"2023-11-22 01:52:03"}
{"controller":"person/getById","level":"info","message":"OK","timestamp":"2023-11-22 01:52:04"}
{"level":"info","message":{"body":"","method":"GET","params":{},"query":{},"url":"/api/person/getById/fee1e91b-c3e8-4e6e-ba68-3520d01b661e"},"timestamp":"2023-11-22 01:52:04"}
{"controller":"person/getById","level":"info","message":"OK","timestamp":"2023-11-22 01:52:04"}
{"level":"info","message":{"body":"","method":"GET","params":{},"query":{},"url":"/api/person/getAll/"},"timestamp":"2023-11-22 01:52:06"}
{"controller":"person/getAll","level":"info","message":"OK","timestamp":"2023-11-22 01:52:06"}
{"level":"info","message":{"body":"","method":"GET","params":{},"query":{},"url":"/api/person/getAll/"},"timestamp":"2023-11-22 01:52:06"}
{"controller":"person/getAll","level":"info","message":"OK","timestamp":"2023-11-22 01:52:06"}
{"level":"info","message":{"body":"","method":"GET","params":{},"query":{},"url":"/api/person/getAll/"},"timestamp":"2023-11-22 01:53:30"}
{"controller":"person/getAll","level":"info","message":"OK","timestamp":"2023-11-22 01:53:30"}
{"level":"info","message":{"body":"","method":"GET","params":{},"query":{},"url":"/api/person/getAll/"},"timestamp":"2023-11-22 01:53:30"}
{"controller":"person/getAll","level":"info","message":"OK","timestamp":"2023-11-22 01:53:30"}
{"level":"info","message":{"body":"","method":"GET","params":{},"query":{},"url":"/api/person/getById/0d10c1b4-5f2c-44d7-8ce4-cf366172943a"},"timestamp":"2023-11-22 01:53:42"}
{"controller":"person/getById","level":"info","message":"OK","timestamp":"2023-11-22 01:53:42"}
{"level":"info","message":{"body":"","method":"GET","params":{},"query":{},"url":"/api/person/getById/0d10c1b4-5f2c-44d7-8ce4-cf366172943a"},"timestamp":"2023-11-22 01:53:42"}
{"controller":"person/getById","level":"info","message":"OK","timestamp":"2023-11-22 01:53:43"}
