{"level":"info","message":{"body":{"login":"benja123@gmail.com","password":"123"},"method":"POST","params":"","query":"","url":"/api/user/validate"},"timestamp":"2023-11-16 18:18:59"}
{"controller":"user/validate","level":"info","message":"OK","timestamp":"2023-11-16 18:19:00"}
{"level":"info","message":{"body":{"login":"benja123@gmail.com","password":"123"},"method":"POST","params":"","query":"","url":"/api/user/validate"},"timestamp":"2023-11-16 19:34:26"}
{"controller":"user/validate","level":"info","message":"OK","timestamp":"2023-11-16 19:34:27"}
{"level":"info","message":{"body":{"login":"benja123@gmail.com","password":"123"},"method":"POST","params":"","query":"","url":"/api/user/validate"},"timestamp":"2023-11-16 19:43:06"}
{"controller":"user/validate","level":"info","message":"OK","timestamp":"2023-11-16 19:43:07"}
{"level":"info","message":{"body":{"login":"benja123@gmail.com","password":"123"},"method":"POST","params":"","query":"","url":"/api/user/validate"},"timestamp":"2023-11-16 20:06:44"}
{"controller":"user/validate","level":"info","message":"OK","timestamp":"2023-11-16 20:06:45"}
{"level":"info","message":{"body":{"login":"benja123@gmail.com","password":"123"},"method":"POST","params":"","query":"","url":"/api/user/validate"},"timestamp":"2023-11-16 20:18:04"}
{"controller":"user/validate","level":"info","message":"OK","timestamp":"2023-11-16 20:18:05"}
{"level":"info","message":{"body":{"login":"benja123@gmail.com","password":"123"},"method":"POST","params":"","query":"","url":"/api/user/validate"},"timestamp":"2023-11-16 20:18:30"}
{"controller":"user/validate","level":"info","message":"OK","timestamp":"2023-11-16 20:18:30"}
{"level":"info","message":{"body":{"login":"benja123@gmail.com","password":"123"},"method":"POST","params":"","query":"","url":"/api/user/validate"},"timestamp":"2023-11-16 20:19:45"}
{"controller":"user/validate","level":"info","message":"OK","timestamp":"2023-11-16 20:19:46"}
{"level":"info","message":{"body":{"login":"benja123@gmail.com","password":"123"},"method":"POST","params":"","query":"","url":"/api/user/validate"},"timestamp":"2023-11-16 20:21:47"}
{"controller":"user/validate","level":"info","message":"OK","timestamp":"2023-11-16 20:21:48"}
{"level":"info","message":{"body":{"login":"benja123@gmail.com","password":"123"},"method":"POST","params":"","query":"","url":"/api/user/validate"},"timestamp":"2023-11-16 20:22:42"}
{"controller":"user/validate","level":"info","message":"OK","timestamp":"2023-11-16 20:22:43"}
{"level":"info","message":{"body":{"login":"benja123@gmail.com","password":"123"},"method":"POST","params":"","query":"","url":"/api/user/validate"},"timestamp":"2023-11-16 20:26:56"}
{"controller":"user/validate","level":"info","message":"OK","timestamp":"2023-11-16 20:26:57"}
{"level":"info","message":{"body":"","method":"GET","params":{},"query":{},"url":"/api/product/getByCode/112"},"timestamp":"2023-11-16 20:38:48"}
{"level":"info","message":{"body":{"code":"112","name":"Audifonos","price":"5000"},"method":"POST","params":"","query":"","url":"/api/product/upsert"},"timestamp":"2023-11-16 20:39:24"}
{"level":"info","message":{"body":"","method":"GET","params":{},"query":{},"url":"/api/product/getByCode/1124"},"timestamp":"2023-11-16 20:39:38"}
{"level":"info","message":{"body":"","method":"GET","params":{},"query":{},"url":"/api/person/getByRut/20395011k"},"timestamp":"2023-11-16 20:39:52"}
{"controller":"person/getByRut","level":"info","message":"OK","timestamp":"2023-11-16 20:39:52"}
{"level":"info","message":{"body":"","method":"GET","params":{},"query":{},"url":"/api/person/getByRut/20395011k12e"},"timestamp":"2023-11-16 20:39:55"}
{"level":"info","message":{"body":"","method":"GET","params":{},"query":{},"url":"/api/user/getByRut/"},"timestamp":"2023-11-16 20:40:13"}
{"level":"info","message":{"body":"","method":"GET","params":{},"query":{},"url":"/api/user/getByRut/000"},"timestamp":"2023-11-16 20:40:33"}
{"controller":"user/getByRut","level":"info","message":"OK","timestamp":"2023-11-16 20:40:34"}
{"level":"info","message":{"body":{"address":"Casa 22222","district":"Peñalolen","email":"benja226@gmail.com","maternalLastName":"Zuloaga","name":"Benjamin","paternalLastName":"Vasquez","phone":"555555","rut":"000"},"method":"POST","params":"","query":"","url":"/api/user/upsert"},"timestamp":"2023-11-16 20:40:40"}
{"controller":"user/upsert","level":"info","message":"OK","timestamp":"2023-11-16 20:40:41"}
{"level":"info","message":{"body":{"address":"Casa 22222","district":"Peñalolen","email":"benja2233@gmail.com","maternalLastName":"Zuloaga","name":"Benjamin","paternalLastName":"Vasquez","phone":"555555","rut":"000"},"method":"POST","params":"","query":"","url":"/api/user/upsert"},"timestamp":"2023-11-16 20:41:01"}
{"controller":"user/upsert","level":"info","message":"OK","timestamp":"2023-11-16 20:41:02"}
{"level":"info","message":{"body":{"login":"benja2233@gmail.com","password":"123"},"method":"POST","params":"","query":"","url":"/api/user/assignPassword"},"timestamp":"2023-11-16 20:41:10"}
{"controller":"user/assignPassword","level":"info","message":"OK","timestamp":"2023-11-16 20:41:11"}
{"level":"info","message":{"body":"","method":"GET","params":{},"query":{},"url":"/api/user/getByRut/000231"},"timestamp":"2023-11-16 20:41:18"}
{"level":"info","message":{"body":"","method":"GET","params":{},"query":{},"url":"/api/customer/getByRut/20395011k"},"timestamp":"2023-11-16 20:41:54"}
{"level":"info","message":{"body":"","method":"GET","params":{},"query":{},"url":"/api/customer/getByRut/20395011k1"},"timestamp":"2023-11-16 20:42:02"}
{"controller":"customer/getByRut","level":"info","message":"OK","timestamp":"2023-11-16 20:42:03"}
{"level":"info","message":{"body":{"login":"benja123@gmail.com","password":"123"},"method":"POST","params":"","query":"","url":"/api/user/validate"},"timestamp":"2023-11-17 09:38:26"}
{"controller":"user/validate","level":"info","message":"OK","timestamp":"2023-11-17 09:38:27"}
{"level":"info","message":{"body":"","method":"GET","params":{},"query":{},"url":"/api/person/getByRut/20395011k"},"timestamp":"2023-11-17 09:42:32"}
{"controller":"person/getByRut","level":"info","message":"OK","timestamp":"2023-11-17 09:42:33"}
{"level":"info","message":{"body":"","method":"GET","params":{},"query":{},"url":"/api/person/getByRut/20395011k88"},"timestamp":"2023-11-17 09:42:46"}
{"level":"info","message":{"body":"","method":"GET","params":{},"query":{},"url":"/api/person/getByRut/20395011k88"},"timestamp":"2023-11-17 09:52:59"}
{"level":"info","message":{"body":"","method":"GET","params":{},"query":{},"url":"/api/person/getByRut/20395011k"},"timestamp":"2023-11-17 09:53:03"}
{"controller":"person/getByRut","level":"info","message":"OK","timestamp":"2023-11-17 09:53:03"}
{"level":"info","message":{"body":"","method":"GET","params":{},"query":{},"url":"/api/person/getByRut/hola"},"timestamp":"2023-11-17 09:53:14"}
{"level":"info","message":{"body":"","method":"GET","params":{},"query":{},"url":"/api/person/getByRut/hola"},"timestamp":"2023-11-17 09:53:18"}
{"level":"info","message":{"body":"","method":"GET","params":{},"query":{},"url":"/api/person/getByRut/hola"},"timestamp":"2023-11-17 09:53:42"}
{"level":"info","message":{"body":"","method":"GET","params":{},"query":{},"url":"/api/person/getByRut/HOLA"},"timestamp":"2023-11-17 09:53:47"}
{"level":"info","message":{"body":"","method":"GET","params":{},"query":{},"url":"/api/person/getByRut/3"},"timestamp":"2023-11-17 09:55:50"}
{"level":"info","message":{"body":"","method":"GET","params":{},"query":{},"url":"/api/person/getByRut/3E"},"timestamp":"2023-11-17 09:55:58"}
{"level":"info","message":{"body":"","method":"GET","params":{},"query":{},"url":"/api/person/getByRut/20395011K"},"timestamp":"2023-11-17 09:56:07"}
{"level":"info","message":{"body":"","method":"GET","params":{},"query":{},"url":"/api/person/getByRut/20395011K"},"timestamp":"2023-11-17 09:59:46"}
{"level":"info","message":{"body":"","method":"GET","params":{},"query":{},"url":"/api/person/getByRut/20395011K11"},"timestamp":"2023-11-17 09:59:58"}
{"level":"info","message":{"body":"","method":"GET","params":{},"query":{},"url":"/api/person/getByRut/20395011K11"},"timestamp":"2023-11-17 10:00:04"}
{"level":"info","message":{"body":"","method":"GET","params":{},"query":{},"url":"/api/person/getByRut/20395011K"},"timestamp":"2023-11-17 10:00:22"}
{"level":"info","message":{"body":"","method":"GET","params":{},"query":{},"url":"/api/person/getByRut/20395011K"},"timestamp":"2023-11-17 10:00:54"}
{"level":"info","message":{"body":"","method":"GET","params":{},"query":{},"url":"/api/person/getByRut/20395011K"},"timestamp":"2023-11-17 10:01:38"}
{"controller":"person/getByRut","level":"info","message":"OK","timestamp":"2023-11-17 10:01:39"}
{"level":"info","message":{"body":"","method":"GET","params":{},"query":{},"url":"/api/person/getByRut/20395011KS"},"timestamp":"2023-11-17 10:01:42"}
{"level":"info","message":{"body":"","method":"GET","params":{},"query":{},"url":"/api/person/getByRut/20395011K"},"timestamp":"2023-11-17 10:01:46"}
{"controller":"person/getByRut","level":"info","message":"OK","timestamp":"2023-11-17 10:01:46"}
{"level":"info","message":{"body":"","method":"GET","params":{},"query":{},"url":"/api/company/getByRut/"},"timestamp":"2023-11-17 10:08:05"}
{"level":"info","message":{"body":"","method":"GET","params":{},"query":{},"url":"/api/customer/getByRut/20395011K"},"timestamp":"2023-11-17 10:08:14"}
{"level":"info","message":{"body":"","method":"GET","params":{},"query":{},"url":"/api/customer/getByRut/20395011K"},"timestamp":"2023-11-17 10:08:23"}
{"level":"info","message":{"body":"","method":"GET","params":{},"query":{},"url":"/api/customer/getByRut/20395011K"},"timestamp":"2023-11-17 10:08:40"}
{"level":"info","message":{"body":"","method":"GET","params":{},"query":{},"url":"/api/customer/getByRut/20395011K"},"timestamp":"2023-11-17 10:09:09"}
{"level":"info","message":{"body":"","method":"GET","params":{},"query":{},"url":"/api/customer/getByRut/20395011K"},"timestamp":"2023-11-17 10:09:22"}
{"level":"info","message":{"body":"","method":"GET","params":{},"query":{},"url":"/api/customer/getByRut/20395011K"},"timestamp":"2023-11-17 10:09:24"}
{"level":"info","message":{"body":"","method":"GET","params":{},"query":{},"url":"/api/customer/getByRut/9876554-2"},"timestamp":"2023-11-17 10:10:06"}
{"controller":"customer/getByRut","level":"info","message":"OK","timestamp":"2023-11-17 10:10:07"}
{"level":"info","message":{"body":"","method":"GET","params":{},"query":{},"url":"/api/customer/getByRut/"},"timestamp":"2023-11-17 10:10:11"}
{"level":"info","message":{"body":"","method":"GET","params":{},"query":{},"url":"/api/customer/getByRut/"},"timestamp":"2023-11-17 10:10:18"}
{"level":"info","message":{"body":"","method":"GET","params":{},"query":{},"url":"/api/customer/getByRut/20395011K"},"timestamp":"2023-11-17 10:10:39"}
{"level":"info","message":{"body":"","method":"GET","params":{},"query":{},"url":"/api/customer/getByRut/20395011K"},"timestamp":"2023-11-17 10:10:55"}
{"level":"info","message":{"body":"","method":"GET","params":{},"query":{},"url":"/api/customer/getByRut/20395011K"},"timestamp":"2023-11-17 10:45:35"}
{"level":"info","message":{"body":"","method":"GET","params":{},"query":{},"url":"/api/customer/getByRut/20395011K1"},"timestamp":"2023-11-17 10:45:41"}
{"level":"info","message":{"body":"","method":"GET","params":{},"query":{},"url":"/api/customer/getByRut/20395011K1"},"timestamp":"2023-11-17 10:45:45"}
{"level":"info","message":{"body":"","method":"GET","params":{},"query":{},"url":"/api/customer/getByRut/20395011K8"},"timestamp":"2023-11-17 10:45:50"}
{"level":"info","message":{"body":"","method":"GET","params":{},"query":{},"url":"/api/customer/getByRut/"},"timestamp":"2023-11-17 10:45:53"}
{"level":"info","message":{"body":"","method":"GET","params":{},"query":{},"url":"/api/customer/getByRut/9876554-2"},"timestamp":"2023-11-17 10:46:12"}
{"controller":"customer/getByRut","level":"info","message":"OK","timestamp":"2023-11-17 10:46:13"}
{"level":"info","message":{"body":"","method":"GET","params":{},"query":{},"url":"/api/customer/getByRut/9876554-2"},"timestamp":"2023-11-17 10:46:47"}
{"controller":"customer/getByRut","level":"info","message":"OK","timestamp":"2023-11-17 10:46:48"}
{"level":"info","message":{"body":"","method":"GET","params":{},"query":{},"url":"/api/customer/getByRut/9876554-2"},"timestamp":"2023-11-17 10:47:48"}
{"controller":"customer/getByRut","level":"info","message":"OK","timestamp":"2023-11-17 10:47:49"}
{"level":"info","message":{"body":"","method":"GET","params":{},"query":{},"url":"/api/customer/getByRut/20395011K1"},"timestamp":"2023-11-17 10:47:55"}
{"controller":"customer/getByRut","level":"info","message":"OK","timestamp":"2023-11-17 10:47:55"}
{"level":"info","message":{"body":"","method":"GET","params":{},"query":{},"url":"/api/user/getByRut/20395011k"},"timestamp":"2023-11-17 10:53:12"}
{"level":"info","message":{"body":"","method":"GET","params":{},"query":{},"url":"/api/user/getByRut/20395011k"},"timestamp":"2023-11-17 10:53:14"}
{"level":"info","message":{"body":"","method":"GET","params":{},"query":{},"url":"/api/product/getByCode/NaN"},"timestamp":"2023-11-17 10:54:24"}
{"level":"info","message":{"body":"","method":"GET","params":{},"query":{},"url":"/api/product/getByCode/NaN"},"timestamp":"2023-11-17 10:55:35"}
{"level":"info","message":{"body":"","method":"GET","params":{},"query":{},"url":"/api/product/getByCode/NaN"},"timestamp":"2023-11-17 10:59:28"}
{"level":"error","message":{"error":"connect ETIMEDOUT 138.197.7.205:5432","model":"product/getByCode"},"timestamp":"2023-11-17 10:59:49"}
{"level":"info","message":{"body":"","method":"GET","params":{},"query":{},"url":"/api/product/getByCode/NaN"},"timestamp":"2023-11-17 10:59:49"}
{"level":"info","message":{"body":"","method":"GET","params":{},"query":{},"url":"/api/product/getByCode/NaN"},"timestamp":"2023-11-17 11:00:05"}
{"level":"info","message":{"body":"","method":"GET","params":{},"query":{},"url":"/api/product/getByCode/NaN"},"timestamp":"2023-11-17 11:00:44"}
{"level":"info","message":{"body":"","method":"GET","params":{},"query":{},"url":"/api/product/getByCode/NaN"},"timestamp":"2023-11-17 11:00:48"}
{"level":"info","message":{"body":"","method":"GET","params":{},"query":{},"url":"/api/product/getByCode/NaN"},"timestamp":"2023-11-17 11:01:26"}
{"level":"info","message":{"body":"","method":"GET","params":{},"query":{},"url":"/api/product/getByCode/NaN"},"timestamp":"2023-11-17 11:04:58"}
{"level":"info","message":{"body":"","method":"GET","params":{},"query":{},"url":"/api/person/getByRut/HOLJ"},"timestamp":"2023-11-17 11:08:35"}
{"level":"info","message":{"body":"","method":"GET","params":{},"query":{},"url":"/api/person/getByRut/"},"timestamp":"2023-11-17 11:08:46"}
{"level":"info","message":{"body":"","method":"GET","params":{},"query":{},"url":"/api/person/getByRut/20395011K"},"timestamp":"2023-11-17 11:10:05"}
{"level":"info","message":{"body":"","method":"GET","params":{},"query":{},"url":"/api/person/getByRut/20395011K"},"timestamp":"2023-11-17 11:10:09"}
{"level":"info","message":{"body":"","method":"GET","params":{},"query":{},"url":"/api/person/getByRut/20395011K1"},"timestamp":"2023-11-17 11:10:14"}
{"level":"info","message":{"body":"","method":"GET","params":{},"query":{},"url":"/api/person/getByRut/12869241K"},"timestamp":"2023-11-17 11:10:37"}
{"controller":"person/getByRut","level":"info","message":"OK","timestamp":"2023-11-17 11:10:37"}
{"level":"info","message":{"body":"","method":"GET","params":{},"query":{},"url":"/api/company/getByRut/20395011K"},"timestamp":"2023-11-17 11:10:56"}
{"level":"info","message":{"body":"","method":"GET","params":{},"query":{},"url":"/api/company/getByRut/20395011K8"},"timestamp":"2023-11-17 11:10:59"}
{"level":"info","message":{"body":"","method":"GET","params":{},"query":{},"url":"/api/user/getByRut/qegq"},"timestamp":"2023-11-17 11:11:09"}
{"level":"info","message":{"body":"","method":"GET","params":{},"query":{},"url":"/api/customer/getByRut/QEGQ"},"timestamp":"2023-11-17 11:11:25"}
{"level":"info","message":{"body":"","method":"GET","params":{},"query":{},"url":"/api/customer/getByRut/QEG"},"timestamp":"2023-11-17 11:11:35"}
{"level":"info","message":{"body":"","method":"GET","params":{},"query":{},"url":"/api/customer/getByRut/"},"timestamp":"2023-11-17 11:11:42"}
{"level":"info","message":{"body":"","method":"GET","params":{},"query":{},"url":"/api/customer/getByRut/20395011K"},"timestamp":"2023-11-17 11:11:49"}
{"level":"info","message":{"body":"","method":"GET","params":{},"query":{},"url":"/api/person/getByRut/12869241K"},"timestamp":"2023-11-17 11:19:28"}
{"controller":"person/getByRut","level":"info","message":"OK","timestamp":"2023-11-17 11:19:29"}
{"level":"info","message":{"body":"","method":"GET","params":{},"query":{},"url":"/api/person/getByRut/"},"timestamp":"2023-11-17 11:19:33"}
{"level":"info","message":{"body":"","method":"GET","params":{},"query":{},"url":"/api/person/getByRut/"},"timestamp":"2023-11-17 11:19:35"}
{"level":"info","message":{"body":"","method":"GET","params":{},"query":{},"url":"/api/person/getByRut/"},"timestamp":"2023-11-17 11:19:38"}
{"level":"info","message":{"body":"","method":"GET","params":{},"query":{},"url":"/api/person/getByRut/3"},"timestamp":"2023-11-17 11:19:43"}
{"level":"info","message":{"body":"","method":"GET","params":{},"query":{},"url":"/api/person/getByRut/"},"timestamp":"2023-11-17 11:19:47"}
{"level":"info","message":{"body":"","method":"GET","params":{},"query":{},"url":"/api/person/getByRut/"},"timestamp":"2023-11-17 11:20:08"}
{"level":"info","message":{"body":"","method":"GET","params":{},"query":{},"url":"/api/person/getByRut/"},"timestamp":"2023-11-17 11:20:09"}
{"level":"info","message":{"body":"","method":"GET","params":{},"query":{},"url":"/api/person/getByRut/20395011K"},"timestamp":"2023-11-17 11:20:18"}
{"level":"info","message":{"body":"","method":"GET","params":{},"query":{},"url":"/api/person/getByRut/20395011K"},"timestamp":"2023-11-17 11:20:20"}
{"level":"info","message":{"body":"","method":"GET","params":{},"query":{},"url":"/api/person/getByRut/12869241K"},"timestamp":"2023-11-17 11:20:30"}
{"controller":"person/getByRut","level":"info","message":"OK","timestamp":"2023-11-17 11:20:31"}
{"level":"info","message":{"body":"","method":"GET","params":{},"query":{},"url":"/api/person/getByRut/20395011K"},"timestamp":"2023-11-17 11:20:37"}
{"level":"info","message":{"body":{"address":"Av. providencia","district":"Providencia","email":"benja123@gmail.com","maternalLastName":"Zuloaga","name":"Benjamin","paternalLastName":"Vasquez","phone":"12345678","rut":"20395011K"},"method":"POST","params":"","query":"","url":"/api/person/upsert"},"timestamp":"2023-11-17 11:20:49"}
{"level":"info","message":{"body":"","method":"GET","params":{},"query":{},"url":"/api/person/getByRut/20395011K9"},"timestamp":"2023-11-17 11:20:55"}
{"level":"info","message":{"body":"","method":"GET","params":{},"query":{},"url":"/api/person/getByRut/20395011K"},"timestamp":"2023-11-17 11:20:59"}
{"controller":"person/getByRut","level":"info","message":"OK","timestamp":"2023-11-17 11:20:59"}
{"level":"info","message":{"body":"","method":"GET","params":{},"query":{},"url":"/api/user/getByRut/20395011k"},"timestamp":"2023-11-17 11:21:20"}
{"level":"info","message":{"body":"","method":"GET","params":{},"query":{},"url":"/api/user/getByRut/20395011k"},"timestamp":"2023-11-17 11:21:24"}
{"level":"info","message":{"body":"","method":"GET","params":{},"query":{},"url":"/api/user/getByRut/20395011k"},"timestamp":"2023-11-17 11:21:28"}
{"level":"info","message":{"body":"","method":"GET","params":{},"query":{},"url":"/api/user/getByRut/QTQETQETQET"},"timestamp":"2023-11-17 11:22:28"}
{"level":"info","message":{"body":"","method":"GET","params":{},"query":{},"url":"/api/user/getByRut/20395011K"},"timestamp":"2023-11-17 11:22:32"}
{"level":"info","message":{"body":"","method":"GET","params":{},"query":{},"url":"/api/user/getByRut/20395011K"},"timestamp":"2023-11-17 11:22:43"}
{"level":"info","message":{"body":"","method":"GET","params":{},"query":{},"url":"/api/user/getByRut/20395011K"},"timestamp":"2023-11-17 11:22:51"}
{"level":"info","message":{"body":"","method":"GET","params":{},"query":{},"url":"/api/user/getByRut/20395011K"},"timestamp":"2023-11-17 11:22:53"}
{"level":"info","message":{"body":"","method":"GET","params":{},"query":{},"url":"/api/user/getByRut/20395011K1"},"timestamp":"2023-11-17 11:22:56"}
{"level":"info","message":{"body":"","method":"GET","params":{},"query":{},"url":"/api/user/getByRut/20395011K"},"timestamp":"2023-11-17 11:23:03"}
{"level":"info","message":{"body":"","method":"GET","params":{},"query":{},"url":"/api/user/getByRut/20395011K"},"timestamp":"2023-11-17 11:24:37"}
{"level":"info","message":{"body":"","method":"GET","params":{},"query":{},"url":"/api/user/getByRut/20395011K"},"timestamp":"2023-11-17 11:24:42"}
{"level":"info","message":{"body":"","method":"GET","params":{},"query":{},"url":"/api/user/getByRut/20395011K"},"timestamp":"2023-11-17 11:24:50"}
{"level":"info","message":{"body":"","method":"GET","params":{},"query":{},"url":"/api/user/getByRut/12869241K"},"timestamp":"2023-11-17 11:24:55"}
{"level":"info","message":{"body":"","method":"GET","params":{},"query":{},"url":"/api/user/getByRut/202448933"},"timestamp":"2023-11-17 11:25:02"}
{"level":"info","message":{"body":"","method":"GET","params":{},"query":{},"url":"/api/user/getByRut/202448933"},"timestamp":"2023-11-17 11:25:21"}
{"level":"info","message":{"body":"","method":"GET","params":{},"query":{},"url":"/api/user/getByRut/202448933"},"timestamp":"2023-11-17 11:25:22"}
{"level":"info","message":{"body":"","method":"GET","params":{},"query":{},"url":"/api/company/getByRut/"},"timestamp":"2023-11-17 11:25:29"}
{"level":"info","message":{"body":"","method":"GET","params":{},"query":{},"url":"/api/company/getByRut/20395011K"},"timestamp":"2023-11-17 11:25:45"}
{"level":"info","message":{"body":"","method":"GET","params":{},"query":{},"url":"/api/user/getByRut/20395011K"},"timestamp":"2023-11-17 11:25:51"}
{"level":"info","message":{"body":{"address":"Av. providencia","district":"Providencia","email":"benja123@gmail.com","maternalLastName":"Zuloaga","name":"Benjamin","paternalLastName":"Vasquez","phone":"12345678","rut":"20395011K"},"method":"POST","params":"","query":"","url":"/api/user/upsert"},"timestamp":"2023-11-17 11:26:00"}
{"controller":"user/upsert","level":"info","message":"OK","timestamp":"2023-11-17 11:26:00"}
{"level":"info","message":{"body":"","method":"GET","params":{},"query":{},"url":"/api/user/getByRut/20395011KW"},"timestamp":"2023-11-17 11:26:08"}
{"level":"info","message":{"body":"","method":"GET","params":{},"query":{},"url":"/api/user/getByRut/20395011K"},"timestamp":"2023-11-17 11:26:10"}
{"controller":"user/getByRut","level":"info","message":"OK","timestamp":"2023-11-17 11:26:10"}
{"level":"info","message":{"body":"","method":"GET","params":{},"query":{},"url":"/api/person/getByRut/20395011KU"},"timestamp":"2023-11-17 11:27:07"}
{"level":"info","message":{"body":"","method":"GET","params":{},"query":{},"url":"/api/person/getByRut/"},"timestamp":"2023-11-17 11:27:13"}
{"level":"info","message":{"body":"","method":"GET","params":{},"query":{},"url":"/api/person/getByRut/12869241K"},"timestamp":"2023-11-17 11:27:23"}
{"controller":"person/getByRut","level":"info","message":"OK","timestamp":"2023-11-17 11:27:24"}
{"level":"info","message":{"body":"","method":"GET","params":{},"query":{},"url":"/api/person/getByRut/12869241K2"},"timestamp":"2023-11-17 11:27:32"}
{"level":"info","message":{"body":"","method":"GET","params":{},"query":{},"url":"/api/person/getByRut/20395011K"},"timestamp":"2023-11-17 11:27:38"}
{"controller":"person/getByRut","level":"info","message":"OK","timestamp":"2023-11-17 11:27:39"}
{"level":"info","message":{"body":"","method":"GET","params":{},"query":{},"url":"/api/person/getByRut/20395011K"},"timestamp":"2023-11-17 11:27:45"}
{"controller":"person/getByRut","level":"info","message":"OK","timestamp":"2023-11-17 11:27:45"}
{"level":"info","message":{"body":"","method":"GET","params":{},"query":{},"url":"/api/person/getByRut/1288382"},"timestamp":"2023-11-17 11:27:52"}
{"level":"info","message":{"body":"","method":"GET","params":{},"query":{},"url":"/api/person/getByRut/1288382"},"timestamp":"2023-11-17 11:28:14"}
{"level":"info","message":{"body":"","method":"GET","params":{},"query":{},"url":"/api/person/getByRut/"},"timestamp":"2023-11-17 11:28:23"}
{"level":"info","message":{"body":"","method":"GET","params":{},"query":{},"url":"/api/person/getByRut/12869241K"},"timestamp":"2023-11-17 11:28:27"}
{"controller":"person/getByRut","level":"info","message":"OK","timestamp":"2023-11-17 11:28:28"}
{"level":"info","message":{"body":"","method":"GET","params":{},"query":{},"url":"/api/person/getByRut/20395011K"},"timestamp":"2023-11-17 11:28:33"}
{"level":"info","message":{"body":{"address":"Av. providencia","district":"Providencia","email":"benja123@gmail.com","maternalLastName":"Zuloaga","name":"Benjamin","paternalLastName":"Vasquez","phone":"12345678","rut":"20395011K"},"method":"POST","params":"","query":"","url":"/api/person/upsert"},"timestamp":"2023-11-17 11:28:43"}
{"level":"info","message":{"body":"","method":"GET","params":{},"query":{},"url":"/api/person/getByRut/20395011K2"},"timestamp":"2023-11-17 11:28:47"}
{"level":"info","message":{"body":"","method":"GET","params":{},"query":{},"url":"/api/person/getByRut/20395011K"},"timestamp":"2023-11-17 11:28:51"}
{"controller":"person/getByRut","level":"info","message":"OK","timestamp":"2023-11-17 11:28:51"}
{"level":"info","message":{"body":"","method":"GET","params":{},"query":{},"url":"/api/user/getByRut/20395011K"},"timestamp":"2023-11-17 11:29:01"}
{"level":"info","message":{"body":"","method":"GET","params":{},"query":{},"url":"/api/user/getByRut/20395011K"},"timestamp":"2023-11-17 11:29:07"}
{"level":"info","message":{"body":"","method":"GET","params":{},"query":{},"url":"/api/user/getByRut/20395011K"},"timestamp":"2023-11-17 11:29:14"}
{"level":"info","message":{"body":{"address":"Av. providencia","district":"Providencia","email":"benja123@gmail.com","maternalLastName":"Zuloaga","name":"Benjamin","paternalLastName":"Vasquez","phone":"12345678","rut":"20395011K"},"method":"POST","params":"","query":"","url":"/api/user/upsert"},"timestamp":"2023-11-17 11:29:24"}
{"controller":"user/upsert","level":"info","message":"OK","timestamp":"2023-11-17 11:29:24"}
{"level":"info","message":{"body":{"login":"benja123@gmail.com","password":"123"},"method":"POST","params":"","query":"","url":"/api/user/assignPassword"},"timestamp":"2023-11-17 11:29:40"}
{"controller":"user/assignPassword","level":"info","message":"OK","timestamp":"2023-11-17 11:29:41"}
{"level":"info","message":{"body":{"login":"benja123@gmail.com","password":"1355"},"method":"POST","params":"","query":"","url":"/api/user/validate"},"timestamp":"2023-11-17 11:30:03"}
{"level":"info","message":{"body":{"login":"benja123@gmail.com","password":"123"},"method":"POST","params":"","query":"","url":"/api/user/validate"},"timestamp":"2023-11-17 11:30:07"}
{"controller":"user/validate","level":"info","message":"OK","timestamp":"2023-11-17 11:30:07"}
{"level":"info","message":{"body":"","method":"GET","params":{},"query":{},"url":"/api/company/getByRut/"},"timestamp":"2023-11-17 11:30:36"}
{"level":"info","message":{"body":"","method":"GET","params":{},"query":{},"url":"/api/company/getByRut/20395011K"},"timestamp":"2023-11-17 11:30:44"}
{"level":"info","message":{"body":"","method":"GET","params":{},"query":{},"url":"/api/company/getByRut/777777K"},"timestamp":"2023-11-17 11:30:51"}
{"level":"info","message":{"body":{"activity":"Ventas","address":"pje 372","district":"peñalolen","email":"elparron@gmail.com","fantasyName":"El parron","name":"El parron","phone":"11223344","rut":"777777K"},"method":"POST","params":"","query":"","url":"/api/company/upsert"},"timestamp":"2023-11-17 11:31:29"}
{"level":"info","message":{"body":"","method":"GET","params":{},"query":{},"url":"/api/company/getByRut/777777K2"},"timestamp":"2023-11-17 11:31:38"}
{"level":"info","message":{"body":"","method":"GET","params":{},"query":{},"url":"/api/company/getByRut/777777K"},"timestamp":"2023-11-17 11:31:44"}
{"controller":"company/getByRut","level":"info","message":"OK","timestamp":"2023-11-17 11:31:44"}
{"level":"info","message":{"body":"","method":"GET","params":{},"query":{},"url":"/api/customer/getByRut/20395011K"},"timestamp":"2023-11-17 11:32:23"}
{"level":"info","message":{"body":"","method":"GET","params":{},"query":{},"url":"/api/customer/getByRut/20395011K"},"timestamp":"2023-11-17 11:32:29"}
{"level":"info","message":{"body":{"activity":"","address":"Av. providencia","district":"Providencia","email":"benja123@gmail.com","fantasyName":"","maternalLastName":"Zuloaga","name":"Benjamin","paternalLastName":"Vasquez","phone":"12345678","rut":"20395011K","type":""},"method":"POST","params":"","query":"","url":"/api/customer/upsert"},"timestamp":"2023-11-17 11:32:51"}
{"level":"error","message":{"controller":"person/upsert","error":null},"timestamp":"2023-11-17 11:32:51"}
{"level":"info","message":{"body":{"activity":"","address":"Av. providencia","district":"Providencia","email":"benja123@gmail.com","fantasyName":"","maternalLastName":"Zuloaga","name":"Benjamin","paternalLastName":"Vasquez","phone":"12345678","rut":"20395011K","type":""},"method":"POST","params":"","query":"","url":"/api/customer/upsert"},"timestamp":"2023-11-17 11:33:00"}
{"level":"error","message":{"controller":"person/upsert","error":null},"timestamp":"2023-11-17 11:33:00"}
{"level":"info","message":{"body":{"activity":"Ventas","address":"Av. providencia","district":"Providencia","email":"benja123@gmail.com","fantasyName":"El parron","maternalLastName":"Zuloaga","name":"Benjamin","paternalLastName":"Vasquez","phone":"12345678","rut":"20395011K","type":""},"method":"POST","params":"","query":"","url":"/api/customer/upsert"},"timestamp":"2023-11-17 11:40:28"}
{"level":"error","message":{"controller":"person/upsert","error":null},"timestamp":"2023-11-17 11:40:29"}
{"level":"info","message":{"body":{"activity":"Ventas","address":"Av. providencia","district":"Providencia","email":"benja123@gmail.com","fantasyName":"El parron","maternalLastName":"Zuloaga","name":"Benjamin","paternalLastName":"Vasquez","phone":"12345678","rut":"20395011K","type":"P"},"method":"POST","params":"","query":"","url":"/api/customer/upsert"},"timestamp":"2023-11-17 11:42:33"}
{"level":"error","message":{"controller":"person/upsert","error":"duplicate key value violates unique constraint \"person_rut_idx\""},"timestamp":"2023-11-17 11:42:34"}
{"level":"info","message":{"body":"","method":"GET","params":{},"query":{},"url":"/api/customer/getByRut/20395011K"},"timestamp":"2023-11-17 11:45:26"}
{"level":"info","message":{"body":{"activity":"","address":"Av. providencia","district":"Providencia","email":"benja123@gmail.com","fantasyName":"","maternalLastName":"Zuloaga","name":"Benjamin","paternalLastName":"Vasquez","phone":"12345678","rut":"20395011K","type":""},"method":"POST","params":"","query":"","url":"/api/customer/upsert"},"timestamp":"2023-11-17 11:45:40"}
{"level":"error","message":{"controller":"person/upsert","error":null},"timestamp":"2023-11-17 11:45:41"}
{"level":"info","message":{"body":"","method":"GET","params":{},"query":{},"url":"/api/customer/getByRut/20395011K"},"timestamp":"2023-11-17 11:58:50"}
{"level":"info","message":{"body":{"activity":"","address":"Av. providencia","district":"Providencia","email":"benja123@gmail.com","fantasyName":"","maternalLastName":"Zuloaga","name":"Benjamin","paternalLastName":"Vasquez","phone":"12345678","rut":"20395011K","type":"P"},"method":"POST","params":"","query":"","url":"/api/customer/upsert"},"timestamp":"2023-11-17 11:59:01"}
{"level":"error","message":{"controller":"person/upsert","error":"duplicate key value violates unique constraint \"person_rut_idx\""},"timestamp":"2023-11-17 11:59:02"}
{"level":"info","message":{"body":"","method":"GET","params":{},"query":{},"url":"/api/customer/getByRut/2039501"},"timestamp":"2023-11-17 11:59:11"}
{"level":"info","message":{"body":{"activity":"","address":"Av. providencia","district":"Providencia","email":"benja123@gmail.com","fantasyName":"","maternalLastName":"Zuloaga","name":"Benjamin","paternalLastName":"Vasquez","phone":"12345678","rut":"2039501","type":"P"},"method":"POST","params":"","query":"","url":"/api/customer/upsert"},"timestamp":"2023-11-17 11:59:11"}
{"level":"info","message":{"body":"","method":"GET","params":{},"query":{},"url":"/api/person/getByRut/20395011K"},"timestamp":"2023-11-17 12:00:32"}
{"controller":"person/getByRut","level":"info","message":"OK","timestamp":"2023-11-17 12:00:33"}
{"level":"info","message":{"body":"","method":"GET","params":{},"query":{},"url":"/api/person/getByRut/20395011K"},"timestamp":"2023-11-17 12:00:52"}
{"level":"info","message":{"body":"","method":"GET","params":{},"query":{},"url":"/api/person/getByRut/20395011K"},"timestamp":"2023-11-17 12:00:55"}
{"level":"info","message":{"body":{"address":"Av. providencia","district":"Providencia","email":"benja123@gmail.com","maternalLastName":"Zuloaga","name":"Benjamin","paternalLastName":"Vasquez","phone":"12345678","rut":"20395011K"},"method":"POST","params":"","query":"","url":"/api/person/upsert"},"timestamp":"2023-11-17 12:01:03"}
{"level":"info","message":{"body":"","method":"GET","params":{},"query":{},"url":"/api/person/getByRut/20395011K2"},"timestamp":"2023-11-17 12:01:13"}
{"level":"info","message":{"body":"","method":"GET","params":{},"query":{},"url":"/api/person/getByRut/20395011K"},"timestamp":"2023-11-17 12:01:17"}
{"controller":"person/getByRut","level":"info","message":"OK","timestamp":"2023-11-17 12:01:17"}
{"level":"info","message":{"body":"","method":"GET","params":{},"query":{},"url":"/api/company/getByRut/777777K"},"timestamp":"2023-11-17 12:01:30"}
{"controller":"company/getByRut","level":"info","message":"OK","timestamp":"2023-11-17 12:01:31"}
{"level":"info","message":{"body":"","method":"GET","params":{},"query":{},"url":"/api/company/getByRut/"},"timestamp":"2023-11-17 12:01:35"}
{"level":"info","message":{"body":"","method":"GET","params":{},"query":{},"url":"/api/company/getByRut/S"},"timestamp":"2023-11-17 12:01:38"}
{"level":"info","message":{"body":"","method":"GET","params":{},"query":{},"url":"/api/company/getByRut/777777K"},"timestamp":"2023-11-17 12:01:45"}
{"controller":"company/getByRut","level":"info","message":"OK","timestamp":"2023-11-17 12:01:45"}
{"level":"info","message":{"body":"","method":"GET","params":{},"query":{},"url":"/api/company/getByRut/888888K"},"timestamp":"2023-11-17 12:01:56"}
{"level":"info","message":{"body":{"activity":"Ventas","address":"Av. providencia","district":"Providencia","email":"elparron2@gmail.com","fantasyName":"El parron2","name":"El parron 2","phone":"12345678","rut":"888888K"},"method":"POST","params":"","query":"","url":"/api/company/upsert"},"timestamp":"2023-11-17 12:02:26"}
{"level":"info","message":{"body":"","method":"GET","params":{},"query":{},"url":"/api/company/getByRut/888888K2"},"timestamp":"2023-11-17 12:02:36"}
{"level":"info","message":{"body":"","method":"GET","params":{},"query":{},"url":"/api/company/getByRut/888888K"},"timestamp":"2023-11-17 12:02:39"}
{"controller":"company/getByRut","level":"info","message":"OK","timestamp":"2023-11-17 12:02:39"}
{"level":"info","message":{"body":"","method":"GET","params":{},"query":{},"url":"/api/user/getByRut/20395011K"},"timestamp":"2023-11-17 12:02:47"}
{"level":"info","message":{"body":"","method":"GET","params":{},"query":{},"url":"/api/user/getByRut/20395011K"},"timestamp":"2023-11-17 12:02:48"}
{"level":"info","message":{"body":"","method":"GET","params":{},"query":{},"url":"/api/user/getByRut/20395011K"},"timestamp":"2023-11-17 12:02:52"}
{"level":"info","message":{"body":"","method":"GET","params":{},"query":{},"url":"/api/user/getByRut/20395011K"},"timestamp":"2023-11-17 12:02:54"}
{"level":"info","message":{"body":"","method":"GET","params":{},"query":{},"url":"/api/user/getByRut/20395011K"},"timestamp":"2023-11-17 12:03:04"}
{"level":"info","message":{"body":"","method":"GET","params":{},"query":{},"url":"/api/user/getByRut/20395011K"},"timestamp":"2023-11-17 12:03:05"}
{"level":"info","message":{"body":"","method":"GET","params":{},"query":{},"url":"/api/user/getByRut/20395011K"},"timestamp":"2023-11-17 12:03:15"}
{"level":"info","message":{"body":{"address":"Av. providencia","district":"Providencia","email":"benja123@gmail.com","maternalLastName":"Zuloaga","name":"Benjamin","paternalLastName":"Vasquez","phone":"12345678","rut":"20395011K"},"method":"POST","params":"","query":"","url":"/api/user/upsert"},"timestamp":"2023-11-17 12:03:26"}
{"controller":"user/upsert","level":"info","message":"OK","timestamp":"2023-11-17 12:03:28"}
{"level":"info","message":{"body":{"login":"benja123@gmail.com","password":"123"},"method":"POST","params":"","query":"","url":"/api/user/assignPassword"},"timestamp":"2023-11-17 12:03:39"}
{"controller":"user/assignPassword","level":"info","message":"OK","timestamp":"2023-11-17 12:03:39"}
{"level":"info","message":{"body":"","method":"GET","params":{},"query":{},"url":"/api/user/getByRut/20395011K"},"timestamp":"2023-11-17 12:03:45"}
{"controller":"user/getByRut","level":"info","message":"OK","timestamp":"2023-11-17 12:03:45"}
{"level":"info","message":{"body":"","method":"GET","params":{},"query":{},"url":"/api/user/getByRut/20395011KE"},"timestamp":"2023-11-17 12:03:47"}
{"level":"info","message":{"body":"","method":"GET","params":{},"query":{},"url":"/api/user/getByRut/20395011K"},"timestamp":"2023-11-17 12:03:51"}
{"controller":"user/getByRut","level":"info","message":"OK","timestamp":"2023-11-17 12:03:51"}
{"level":"info","message":{"body":{"login":"benja123@gmail.com","password":"123"},"method":"POST","params":"","query":"","url":"/api/user/validate"},"timestamp":"2023-11-17 12:04:21"}
{"controller":"user/validate","level":"info","message":"OK","timestamp":"2023-11-17 12:04:22"}
{"level":"info","message":{"body":"","method":"GET","params":{},"query":{},"url":"/api/customer/getByRut/20395011K"},"timestamp":"2023-11-17 12:05:53"}
{"level":"info","message":{"body":{"activity":"","address":"Av. providencia","district":"Providencia","email":"benja123@gmail.com","fantasyName":"","maternalLastName":"Zuloaga","name":"Benjamin","paternalLastName":"Vasquez","phone":"12345678","rut":"20395011K","type":"P"},"method":"POST","params":"","query":"","url":"/api/customer/upsert"},"timestamp":"2023-11-17 12:06:20"}
{"level":"error","message":{"controller":"person/upsert","error":"duplicate key value violates unique constraint \"person_rut_idx\""},"timestamp":"2023-11-17 12:06:21"}
{"level":"info","message":{"body":"","method":"GET","params":{},"query":{},"url":"/api/customer/getByRut/20395011K"},"timestamp":"2023-11-17 12:08:26"}
{"level":"info","message":{"body":"","method":"GET","params":{},"query":{},"url":"/api/customer/getByRut/"},"timestamp":"2023-11-17 12:08:30"}
{"level":"info","message":{"body":"","method":"GET","params":{},"query":{},"url":"/api/customer/getByRut/20395011K"},"timestamp":"2023-11-17 12:10:38"}
{"level":"info","message":{"body":"","method":"GET","params":{},"query":{},"url":"/api/customer/getByRut/20395011K"},"timestamp":"2023-11-17 12:10:44"}
{"level":"info","message":{"body":"","method":"GET","params":{},"query":{},"url":"/api/customer/getByRut/20395011K2"},"timestamp":"2023-11-17 12:10:46"}
{"level":"info","message":{"body":"","method":"GET","params":{},"query":{},"url":"/api/customer/getByRut/20395011K212"},"timestamp":"2023-11-17 12:10:49"}
{"level":"info","message":{"body":"","method":"GET","params":{},"query":{},"url":"/api/customer/getByRut/20395011K212"},"timestamp":"2023-11-17 12:10:50"}
{"level":"info","message":{"body":"","method":"GET","params":{},"query":{},"url":"/api/customer/getByRut/20395011K212"},"timestamp":"2023-11-17 12:11:39"}
{"level":"info","message":{"body":"","method":"GET","params":{},"query":{},"url":"/api/customer/getByRut/20395011K212"},"timestamp":"2023-11-17 12:11:43"}
{"level":"info","message":{"body":"","method":"GET","params":{},"query":{},"url":"/api/customer/getByRut/20395011K212"},"timestamp":"2023-11-17 12:12:13"}
{"level":"info","message":{"body":"","method":"GET","params":{},"query":{},"url":"/api/customer/getByRut/20395011K212"},"timestamp":"2023-11-17 12:12:15"}
{"level":"info","message":{"body":"","method":"GET","params":{},"query":{},"url":"/api/customer/getByRut/20395011K212"},"timestamp":"2023-11-17 12:12:16"}
{"level":"info","message":{"body":"","method":"GET","params":{},"query":{},"url":"/api/customer/getByRut/20395011K212S"},"timestamp":"2023-11-17 12:12:19"}
{"level":"info","message":{"body":"","method":"GET","params":{},"query":{},"url":"/api/customer/getByRut/20395011K212S"},"timestamp":"2023-11-17 12:12:22"}
{"level":"info","message":{"body":"","method":"GET","params":{},"query":{},"url":"/api/customer/getByRut/20395011K"},"timestamp":"2023-11-17 12:12:25"}
{"level":"info","message":{"body":"","method":"GET","params":{},"query":{},"url":"/api/customer/getByRut/20395011K"},"timestamp":"2023-11-17 12:12:45"}
{"level":"info","message":{"body":{"activity":"","address":"Av. providencia","district":"Providencia","email":"benja123@gmail.com","fantasyName":"","maternalLastName":"Zuloaga","name":"Benjamin","paternalLastName":"Vasquez","phone":"12345678","rut":"20395011K","type":"P"},"method":"POST","params":"","query":"","url":"/api/customer/upsert"},"timestamp":"2023-11-17 12:12:49"}
{"level":"info","message":{"body":"","method":"GET","params":{},"query":{},"url":"/api/customer/getByRut/20395011K"},"timestamp":"2023-11-17 12:13:12"}
{"controller":"customer/getByRut","level":"info","message":"OK","timestamp":"2023-11-17 12:13:12"}
{"level":"info","message":{"body":"","method":"GET","params":{},"query":{},"url":"/api/customer/getByRut/20395011K1"},"timestamp":"2023-11-17 12:13:18"}
{"level":"info","message":{"body":"","method":"GET","params":{},"query":{},"url":"/api/customer/getByRut/20395011K1"},"timestamp":"2023-11-17 12:13:23"}
{"level":"info","message":{"body":"","method":"GET","params":{},"query":{},"url":"/api/customer/getByRut/20395011K"},"timestamp":"2023-11-17 12:13:27"}
{"controller":"customer/getByRut","level":"info","message":"OK","timestamp":"2023-11-17 12:13:27"}
{"level":"info","message":{"body":"","method":"GET","params":{},"query":{},"url":"/api/customer/getByRut/20395011K"},"timestamp":"2023-11-17 12:13:33"}
{"controller":"customer/getByRut","level":"info","message":"OK","timestamp":"2023-11-17 12:13:33"}
{"level":"info","message":{"body":"","method":"GET","params":{},"query":{},"url":"/api/customer/getByRut/20395011K"},"timestamp":"2023-11-17 12:13:36"}
{"controller":"customer/getByRut","level":"info","message":"OK","timestamp":"2023-11-17 12:13:36"}
{"level":"info","message":{"body":"","method":"GET","params":{},"query":{},"url":"/api/customer/getByRut/20395011K"},"timestamp":"2023-11-17 12:13:43"}
{"controller":"customer/getByRut","level":"info","message":"OK","timestamp":"2023-11-17 12:13:43"}
{"level":"info","message":{"body":"","method":"GET","params":{},"query":{},"url":"/api/customer/getByRut/20395011K8"},"timestamp":"2023-11-17 12:13:47"}
{"level":"info","message":{"body":"","method":"GET","params":{},"query":{},"url":"/api/customer/getByRut/20395011K"},"timestamp":"2023-11-17 12:14:26"}
{"level":"info","message":{"body":"","method":"GET","params":{},"query":{},"url":"/api/customer/getByRut/20395011"},"timestamp":"2023-11-17 12:14:37"}
{"level":"info","message":{"body":{"activity":"pje 372","address":"Av. providencia","district":"Providencia","email":"benja123@gmail.com","fantasyName":"Benjamin Vasquez Zuloaga","maternalLastName":"Zuloaga","name":"Benjamin","paternalLastName":"Vasquez","phone":"12345678","rut":"20395011","type":"P"},"method":"POST","params":"","query":"","url":"/api/customer/upsert"},"timestamp":"2023-11-17 12:14:55"}
{"level":"info","message":{"body":"","method":"GET","params":{},"query":{},"url":"/api/customer/getByRut/777777K"},"timestamp":"2023-11-17 12:15:33"}
{"level":"info","message":{"body":{"activity":"Ventas","address":"pje 372","district":"Providencia","email":"elparron@gmail.com","fantasyName":"El parron","maternalLastName":"","name":"El parron","paternalLastName":"","phone":"11223344","rut":"777777K","type":"C"},"method":"POST","params":"","query":"","url":"/api/customer/upsert"},"timestamp":"2023-11-17 12:15:48"}
{"level":"info","message":{"body":"","method":"GET","params":{},"query":{},"url":"/api/customer/getByRut/777777KE"},"timestamp":"2023-11-17 12:16:06"}
{"level":"info","message":{"body":"","method":"GET","params":{},"query":{},"url":"/api/customer/getByRut/777777K"},"timestamp":"2023-11-17 12:16:12"}
{"controller":"customer/getByRut","level":"info","message":"OK","timestamp":"2023-11-17 12:16:12"}
{"level":"info","message":{"body":"","method":"GET","params":{},"query":{},"url":"/api/customer/getByRut/777777K"},"timestamp":"2023-11-17 12:16:23"}
{"controller":"customer/getByRut","level":"info","message":"OK","timestamp":"2023-11-17 12:16:24"}
{"level":"info","message":{"body":"","method":"GET","params":{},"query":{},"url":"/api/customer/getByRut/20395011"},"timestamp":"2023-11-17 12:16:28"}
{"controller":"customer/getByRut","level":"info","message":"OK","timestamp":"2023-11-17 12:16:28"}
{"level":"info","message":{"body":"","method":"GET","params":{},"query":{},"url":"/api/customer/getByRut/2039501166"},"timestamp":"2023-11-17 12:16:58"}
{"level":"info","message":{"body":"","method":"GET","params":{},"query":{},"url":"/api/product/getByCode/NaN"},"timestamp":"2023-11-17 12:17:16"}
{"level":"info","message":{"body":{"code":"A122","name":"audifonos","price":"10000"},"method":"POST","params":"","query":"","url":"/api/product/upsert"},"timestamp":"2023-11-17 12:17:26"}
{"level":"info","message":{"body":"","method":"GET","params":{},"query":{},"url":"/api/product/getByCode/NaN"},"timestamp":"2023-11-17 12:17:35"}
{"level":"info","message":{"body":{"code":"A123","name":"usb","price":"3000"},"method":"POST","params":"","query":"","url":"/api/product/upsert"},"timestamp":"2023-11-17 12:17:43"}
{"level":"info","message":{"body":"","method":"GET","params":{},"query":{},"url":"/api/product/getByCode/NaN"},"timestamp":"2023-11-17 12:17:49"}
{"level":"info","message":{"body":"","method":"GET","params":{},"query":{},"url":"/api/product/getByCode/NaN"},"timestamp":"2023-11-17 12:17:53"}
{"level":"info","message":{"body":"","method":"GET","params":{},"query":{},"url":"/api/product/getByCode/NaN"},"timestamp":"2023-11-17 12:18:00"}
{"level":"info","message":{"body":"","method":"GET","params":{},"query":{},"url":"/api/product/getByCode/NaN"},"timestamp":"2023-11-17 12:18:08"}
{"level":"info","message":{"body":"","method":"GET","params":{},"query":{},"url":"/api/product/getByCode/NaN"},"timestamp":"2023-11-17 12:18:10"}
{"level":"info","message":{"body":"","method":"GET","params":{},"query":{},"url":"/api/product/getByCode/NaN"},"timestamp":"2023-11-17 12:18:20"}
{"level":"info","message":{"body":"","method":"GET","params":{},"query":{},"url":"/api/product/getByCode/NaN"},"timestamp":"2023-11-17 12:19:02"}
{"level":"info","message":{"body":"","method":"GET","params":{},"query":{},"url":"/api/product/getByCode/NaN"},"timestamp":"2023-11-17 12:19:30"}
{"level":"info","message":{"body":"","method":"GET","params":{},"query":{},"url":"/api/product/getByCode/NaN"},"timestamp":"2023-11-17 12:19:38"}
{"level":"info","message":{"body":"","method":"GET","params":{},"query":{},"url":"/api/product/getByCode/NaN"},"timestamp":"2023-11-17 12:19:41"}
{"level":"info","message":{"body":"","method":"GET","params":{},"query":{},"url":"/api/product/getByCode/NaN"},"timestamp":"2023-11-17 12:19:47"}
{"level":"info","message":{"body":"","method":"GET","params":{},"query":{},"url":"/api/product/getByCode/NaN"},"timestamp":"2023-11-17 12:19:56"}
{"level":"info","message":{"body":"","method":"GET","params":{},"query":{},"url":"/api/product/getByCode/NaN"},"timestamp":"2023-11-17 12:20:19"}
{"level":"info","message":{"body":"","method":"GET","params":{},"query":{},"url":"/api/product/getByCode/NaN"},"timestamp":"2023-11-17 12:22:01"}
{"level":"info","message":{"body":"","method":"GET","params":{},"query":{},"url":"/api/product/getByCode/NaN"},"timestamp":"2023-11-17 12:22:17"}
{"level":"info","message":{"body":"","method":"GET","params":{},"query":{},"url":"/api/product/getByCode/NaN"},"timestamp":"2023-11-17 12:23:41"}
{"level":"info","message":{"body":"","method":"GET","params":{},"query":{},"url":"/api/product/getByCode/NaN"},"timestamp":"2023-11-17 12:23:42"}
{"level":"info","message":{"body":"","method":"GET","params":{},"query":{},"url":"/api/product/getByCode/NaN"},"timestamp":"2023-11-17 12:23:44"}
{"level":"info","message":{"body":"","method":"GET","params":{},"query":{},"url":"/api/product/getByCode/NaN"},"timestamp":"2023-11-17 12:23:46"}
{"level":"info","message":{"body":"","method":"GET","params":{},"query":{},"url":"/api/product/getByCode/NaN"},"timestamp":"2023-11-17 12:24:01"}
{"level":"info","message":{"body":"","method":"GET","params":{},"query":{},"url":"/api/product/getByCode/NaN"},"timestamp":"2023-11-17 12:24:03"}
{"level":"info","message":{"body":"","method":"GET","params":{},"query":{},"url":"/api/product/getByCode/NaN"},"timestamp":"2023-11-17 12:24:05"}
{"level":"info","message":{"body":"","method":"GET","params":{},"query":{},"url":"/api/product/getByCode/NaN"},"timestamp":"2023-11-17 12:24:26"}
{"level":"info","message":{"body":"","method":"GET","params":{},"query":{},"url":"/api/product/getByCode/NaN"},"timestamp":"2023-11-17 12:24:28"}
{"level":"info","message":{"body":"","method":"GET","params":{},"query":{},"url":"/api/product/getByCode/NaN"},"timestamp":"2023-11-17 12:24:47"}
{"level":"info","message":{"body":"","method":"GET","params":{},"query":{},"url":"/api/product/getByCode/NaN"},"timestamp":"2023-11-17 12:24:50"}
{"level":"info","message":{"body":"","method":"GET","params":{},"query":{},"url":"/api/product/getByCode/NaN"},"timestamp":"2023-11-17 12:25:24"}
{"level":"info","message":{"body":"","method":"GET","params":{},"query":{},"url":"/api/product/getByCode/122"},"timestamp":"2023-11-17 12:25:29"}
{"level":"info","message":{"body":"","method":"GET","params":{},"query":{},"url":"/api/product/getByCode/122"},"timestamp":"2023-11-17 12:25:32"}
{"level":"info","message":{"body":"","method":"GET","params":{},"query":{},"url":"/api/product/getByCode/122"},"timestamp":"2023-11-17 12:25:44"}
{"controller":"product/getByCode","level":"info","message":"OK","timestamp":"2023-11-17 12:25:45"}
{"level":"info","message":{"body":"","method":"GET","params":{},"query":{},"url":"/api/product/getByCode/122"},"timestamp":"2023-11-17 12:25:51"}
{"controller":"product/getByCode","level":"info","message":"OK","timestamp":"2023-11-17 12:25:51"}
{"level":"info","message":{"body":"","method":"GET","params":{},"query":{},"url":"/api/customer/getByRut/22333444K"},"timestamp":"2023-11-17 12:27:27"}
{"level":"info","message":{"body":{"activity":"","address":"Av. providencia","district":"Providencia","email":"benja123@gmail.com","fantasyName":"","maternalLastName":"Zuloaga","name":"Benjamin","paternalLastName":"Vasquez","phone":"11223344","rut":"22333444K","type":"P"},"method":"POST","params":"","query":"","url":"/api/customer/upsert"},"timestamp":"2023-11-17 12:27:48"}
{"level":"info","message":{"body":"","method":"GET","params":{},"query":{},"url":"/api/customer/getByRut/22333444K2"},"timestamp":"2023-11-17 12:28:10"}
{"level":"info","message":{"body":"","method":"GET","params":{},"query":{},"url":"/api/customer/getByRut/99999K"},"timestamp":"2023-11-17 12:28:22"}
{"level":"info","message":{"body":{"activity":"Ventas","address":"pje 372","district":"Providencia","email":"elparron@gmail.com","fantasyName":"El parron","maternalLastName":"","name":"El parron","paternalLastName":"","phone":"11223344","rut":"99999K","type":"C"},"method":"POST","params":"","query":"","url":"/api/customer/upsert"},"timestamp":"2023-11-17 12:28:38"}
{"level":"info","message":{"body":"","method":"GET","params":{},"query":{},"url":"/api/customer/getByRut/99999KQEF"},"timestamp":"2023-11-17 12:28:59"}
{"level":"info","message":{"body":"","method":"GET","params":{},"query":{},"url":"/api/customer/getByRut/99999K"},"timestamp":"2023-11-17 12:29:04"}
{"controller":"customer/getByRut","level":"info","message":"OK","timestamp":"2023-11-17 12:29:04"}
{"level":"info","message":{"body":"","method":"GET","params":{},"query":{},"url":"/api/customer/getByRut/99999K"},"timestamp":"2023-11-17 12:29:13"}
{"controller":"customer/getByRut","level":"info","message":"OK","timestamp":"2023-11-17 12:29:13"}
{"level":"info","message":{"body":"","method":"GET","params":{},"query":{},"url":"/api/customer/getByRut/99999K"},"timestamp":"2023-11-17 12:29:16"}
{"controller":"customer/getByRut","level":"info","message":"OK","timestamp":"2023-11-17 12:29:17"}
{"level":"info","message":{"body":"","method":"GET","params":{},"query":{},"url":"/api/customer/getByRut/2"},"timestamp":"2023-11-17 12:29:52"}
{"level":"info","message":{"body":"","method":"GET","params":{},"query":{},"url":"/api/customer/getByRut/22333444K"},"timestamp":"2023-11-17 12:29:59"}
{"controller":"customer/getByRut","level":"info","message":"OK","timestamp":"2023-11-17 12:29:59"}
{"level":"info","message":{"body":"","method":"GET","params":{},"query":{},"url":"/api/customer/getByRut/22333444K"},"timestamp":"2023-11-17 12:30:12"}
{"controller":"customer/getByRut","level":"info","message":"OK","timestamp":"2023-11-17 12:30:13"}
{"level":"info","message":{"body":"","method":"GET","params":{},"query":{},"url":"/api/product/getByCode/122"},"timestamp":"2023-11-17 12:30:26"}
{"controller":"product/getByCode","level":"info","message":"OK","timestamp":"2023-11-17 12:30:26"}
{"level":"info","message":{"body":"","method":"GET","params":{},"query":{},"url":"/api/product/getByCode/123"},"timestamp":"2023-11-17 12:30:30"}
{"controller":"product/getByCode","level":"info","message":"OK","timestamp":"2023-11-17 12:30:31"}
{"level":"info","message":{"body":"","method":"GET","params":{},"query":{},"url":"/api/product/getByCode/122"},"timestamp":"2023-11-17 12:30:33"}
{"controller":"product/getByCode","level":"info","message":"OK","timestamp":"2023-11-17 12:30:33"}
{"level":"info","message":{"body":"","method":"GET","params":{},"query":{},"url":"/api/product/getByCode/124"},"timestamp":"2023-11-17 12:30:37"}
{"level":"info","message":{"body":{"code":"124","name":"cargador","price":"5000"},"method":"POST","params":"","query":"","url":"/api/product/upsert"},"timestamp":"2023-11-17 12:31:33"}
{"level":"info","message":{"body":"","method":"GET","params":{},"query":{},"url":"/api/product/getByCode/122"},"timestamp":"2023-11-17 12:31:46"}
{"controller":"product/getByCode","level":"info","message":"OK","timestamp":"2023-11-17 12:31:47"}
{"level":"info","message":{"body":"","method":"GET","params":{},"query":{},"url":"/api/product/getByCode/124"},"timestamp":"2023-11-17 12:31:51"}
{"controller":"product/getByCode","level":"info","message":"OK","timestamp":"2023-11-17 12:31:51"}
{"level":"info","message":{"body":"","method":"GET","params":{},"query":{},"url":"/api/product/getByCode/122"},"timestamp":"2023-11-17 12:31:53"}
{"controller":"product/getByCode","level":"info","message":"OK","timestamp":"2023-11-17 12:31:53"}
{"level":"info","message":{"body":"","method":"GET","params":{},"query":{},"url":"/api/user/getByRut/"},"timestamp":"2023-11-17 12:42:10"}
