{"level":"info","message":{"body":"","method":"OPTIONS","params":{},"query":"","url":"/api/person/upsert"},"timestamp":"2023-11-13 11:08:46"}
{"level":"info","message":{"body":"","method":"OPTIONS","params":{},"query":"","url":"/api/person/upsert"},"timestamp":"2023-11-13 11:09:49"}
{"level":"info","message":{"body":"","method":"OPTIONS","params":{},"query":"","url":"/api/person/upsert"},"timestamp":"2023-11-13 11:13:35"}
{"level":"info","message":{"body":"","method":"OPTIONS","params":{},"query":"","url":"/api/person/upsert"},"timestamp":"2023-11-13 11:14:39"}
{"level":"info","message":{"body":"","method":"OPTIONS","params":{},"query":"","url":"/api/person/upsert"},"timestamp":"2023-11-13 11:16:37"}
{"level":"info","message":{"body":"","method":"OPTIONS","params":{},"query":"","url":"/api/person/upsert"},"timestamp":"2023-11-13 11:20:22"}
{"level":"info","message":{"body":"","method":"OPTIONS","params":{},"query":"","url":"/api/person/upsert"},"timestamp":"2023-11-13 11:23:52"}
{"level":"info","message":{"body":"","method":"OPTIONS","params":{},"query":"","url":"/api/person/upsert"},"timestamp":"2023-11-13 11:24:27"}
{"level":"info","message":{"body":"","method":"OPTIONS","params":{},"query":"","url":"/api/person/upsert"},"timestamp":"2023-11-13 11:24:29"}
{"level":"info","message":{"body":"","method":"OPTIONS","params":{},"query":"","url":"/api/person/upsert"},"timestamp":"2023-11-13 11:24:32"}
{"level":"info","message":{"body":"","method":"OPTIONS","params":{},"query":"","url":"/api/person/upsert"},"timestamp":"2023-11-13 11:29:22"}
{"level":"info","message":{"body":"","method":"OPTIONS","params":{},"query":"","url":"/api/person/upsert"},"timestamp":"2023-11-13 11:29:31"}
{"level":"info","message":{"body":"","method":"OPTIONS","params":{},"query":"","url":"/api/person/upsert"},"timestamp":"2023-11-13 11:34:23"}
{"level":"info","message":{"body":{"address":"Av. providencia","district":"Providencia","email":"benja123@gmail.com","maternallastname":"Zuloaga","name":"Benjamin","paternallastname":"Vasquez","phone":"56912345678","rut":"20395011k"},"method":"POST","params":"","query":"","url":"/api/person/upsert"},"timestamp":"2023-11-13 11:46:23"}
{"level":"error","message":{"controller":"person/upsert","error":"value too long for type character varying(9)"},"timestamp":"2023-11-13 11:46:24"}
{"level":"info","message":{"body":{"address":"Av. providencia","district":"Providencia","email":"benja123@gmail.com","maternallastname":"Zuloaga","name":"Benjamin","paternallastname":"Vasquez","phone":"12345678","rut":"20395011k"},"method":"POST","params":"","query":"","url":"/api/person/upsert"},"timestamp":"2023-11-13 11:47:37"}
{"level":"info","message":{"body":{"address":"Av. providencia","district":"Providencia","email":"benja123@gmail.com","maternallastname":"Zuloaga","name":"Benjamin","paternallastname":"Vasquez","phone":"12345678","rut":"20395011k"},"method":"POST","params":"","query":"","url":"/api/person/upsert"},"timestamp":"2023-11-13 11:48:03"}
{"level":"info","message":{"body":{"address":"","district":"","email":"","maternallastname":"","name":"","paternallastname":"","phone":"","rut":""},"method":"POST","params":"","query":"","url":"/api/person/upsert"},"timestamp":"2023-11-13 11:52:24"}
{"level":"info","message":{"body":{"address":"Av. providencia","district":"Providencia","email":"benja123@gmail.com","maternallastname":"Zuloaga","name":"Benjamin","paternallastname":"Vasquez","phone":"12345678","rut":"20395011k"},"method":"POST","params":"","query":"","url":"/api/person/upsert"},"timestamp":"2023-11-13 11:54:05"}
{"level":"info","message":{"body":{"address":"Av. providencia","district":"Providencia","email":"benja123@gmail.com","maternallastname":"Zuloaga","name":"Benjamin","paternalLastName":"Vasquez","phone":"12345678","rut":"20395011k"},"method":"POST","params":"","query":"","url":"/api/person/upsert"},"timestamp":"2023-11-13 11:55:51"}
{"level":"info","message":{"body":{"address":"Av. providencia","district":"Providencia","email":"benja123@gmail.com","maternalLastName":"Zuloaga","name":"Benjamin","paternalLastName":"Vasquez","phone":"12345678","rut":"20395011k"},"method":"POST","params":"","query":"","url":"/api/person/upsert"},"timestamp":"2023-11-13 11:57:31"}
{"level":"info","message":{"body":{"address":"","district":"","email":"","maternalLastName":"","name":"","paternalLastName":"","phone":"","rut":""},"method":"POST","params":"","query":"","url":"/api/person/upsert"},"timestamp":"2023-11-13 12:20:23"}
{"level":"info","message":{"body":{"address":"","district":"","email":"","maternalLastName":"","name":"","paternalLastName":"","phone":"","rut":""},"method":"POST","params":"","query":"","url":"/api/person/upsert"},"timestamp":"2023-11-13 14:14:13"}
{"level":"info","message":{"body":{"address":"","district":"","email":"","maternalLastName":"","name":"","password":"eee","paternalLastName":"","phone":"","repeatPassword":"eee","rut":""},"method":"POST","params":"","query":"","url":"/api/person/upsert"},"timestamp":"2023-11-13 14:29:56"}
{"level":"info","message":{"body":{"address":"","district":"","email":"","maternalLastName":"","name":"","password":"","paternalLastName":"","phone":"","repeatPassword":"","rut":"20395011k"},"method":"POST","params":"","query":"","url":"/api/user/upsert"},"timestamp":"2023-11-13 14:57:16"}
{"controller":"user/upsert","level":"info","message":"OK","timestamp":"2023-11-13 14:57:18"}
{"level":"info","message":{"body":"","method":"GET","params":{},"query":{},"url":"/api/person/getByRut/"},"timestamp":"2023-11-13 15:10:44"}
{"level":"info","message":{"body":"","method":"GET","params":{},"query":{},"url":"/api/person/getByRut/20395011k"},"timestamp":"2023-11-13 15:11:39"}
{"controller":"person/getByRut","level":"info","message":"OK","timestamp":"2023-11-13 15:11:40"}
{"level":"info","message":{"body":"","method":"GET","params":{},"query":{},"url":"/api/person/getByRut/"},"timestamp":"2023-11-13 15:12:26"}
{"level":"info","message":{"body":"","method":"GET","params":{},"query":{},"url":"/api/person/getByRut/20395011k"},"timestamp":"2023-11-13 15:12:44"}
{"controller":"person/getByRut","level":"info","message":"OK","timestamp":"2023-11-13 15:12:45"}
{"level":"info","message":{"body":{"address":"Av. providencia","district":"Providencia","email":"benja123@gmail.com","maternalLastName":"Zuloaga","name":"Benjamin","paternalLastName":"Vasquez","phone":"12345678","rut":"20395011k"},"method":"POST","params":"","query":"","url":"/api/person/upsert"},"timestamp":"2023-11-13 15:12:52"}
{"level":"info","message":{"body":"","method":"GET","params":{},"query":{},"url":"/api/person/getByRut/20395011k"},"timestamp":"2023-11-13 15:13:03"}
{"controller":"person/getByRut","level":"info","message":"OK","timestamp":"2023-11-13 15:13:04"}
{"level":"info","message":{"body":"","method":"GET","params":{},"query":{},"url":"/api/person/getByRut/20395011k"},"timestamp":"2023-11-13 15:24:24"}
{"controller":"person/getByRut","level":"info","message":"OK","timestamp":"2023-11-13 15:24:25"}
{"level":"info","message":{"body":"","method":"GET","params":{},"query":{},"url":"/api/person/getByRut/undefined"},"timestamp":"2023-11-13 15:27:05"}
{"level":"info","message":{"body":"","method":"GET","params":{},"query":{},"url":"/api/person/getByRut/undefined"},"timestamp":"2023-11-13 15:27:20"}
{"level":"info","message":{"body":"","method":"GET","params":{},"query":{},"url":"/api/person/getByRut/undefined"},"timestamp":"2023-11-13 15:27:26"}
{"level":"info","message":{"body":"","method":"GET","params":{},"query":{},"url":"/api/person/getByRut/undefined"},"timestamp":"2023-11-13 15:27:28"}
{"level":"info","message":{"body":"","method":"GET","params":{},"query":{},"url":"/api/person/getByRut/undefined"},"timestamp":"2023-11-13 15:27:29"}
{"level":"info","message":{"body":"","method":"GET","params":{},"query":{},"url":"/api/person/getByRut/undefined"},"timestamp":"2023-11-13 15:27:33"}
{"level":"info","message":{"body":"","method":"GET","params":{},"query":{},"url":"/api/person/getByRut/20395011k"},"timestamp":"2023-11-13 15:27:47"}
{"controller":"person/getByRut","level":"info","message":"OK","timestamp":"2023-11-13 15:27:48"}
{"level":"info","message":{"body":"","method":"GET","params":{},"query":{},"url":"/api/person/getByRut/20395011k"},"timestamp":"2023-11-13 15:33:14"}
{"controller":"person/getByRut","level":"info","message":"OK","timestamp":"2023-11-13 15:33:15"}
{"level":"info","message":{"body":"","method":"GET","params":{},"query":{},"url":"/api/person/getByRut/undefined"},"timestamp":"2023-11-13 15:34:57"}
{"level":"info","message":{"body":"","method":"GET","params":{},"query":{},"url":"/api/person/getByRut/undefined"},"timestamp":"2023-11-13 15:35:06"}
{"level":"info","message":{"body":"","method":"GET","params":{},"query":{},"url":"/api/person/getByRut/undefined"},"timestamp":"2023-11-13 15:35:07"}
{"level":"info","message":{"body":"","method":"GET","params":{},"query":{},"url":"/api/person/getByRut/undefined"},"timestamp":"2023-11-13 15:35:09"}
{"level":"info","message":{"body":"","method":"GET","params":{},"query":{},"url":"/api/person/getByRut/20395011k"},"timestamp":"2023-11-13 15:36:48"}
{"controller":"person/getByRut","level":"info","message":"OK","timestamp":"2023-11-13 15:36:48"}
{"level":"info","message":{"body":"","method":"GET","params":{},"query":{},"url":"/api/person/getByRut/20395011k"},"timestamp":"2023-11-13 15:36:59"}
{"controller":"person/getByRut","level":"info","message":"OK","timestamp":"2023-11-13 15:37:00"}
{"level":"info","message":{"body":"","method":"GET","params":{},"query":{},"url":"/api/person/getByRut/20395011k"},"timestamp":"2023-11-13 15:37:50"}
{"controller":"person/getByRut","level":"info","message":"OK","timestamp":"2023-11-13 15:37:51"}
{"level":"info","message":{"body":"","method":"GET","params":{},"query":{},"url":"/api/person/getByRut/20395011k"},"timestamp":"2023-11-13 15:43:53"}
{"controller":"person/getByRut","level":"info","message":"OK","timestamp":"2023-11-13 15:43:54"}
{"level":"info","message":{"body":"","method":"GET","params":{},"query":{},"url":"/api/person/getByRut/20395011k"},"timestamp":"2023-11-13 15:46:02"}
{"controller":"person/getByRut","level":"info","message":"OK","timestamp":"2023-11-13 15:46:03"}
{"level":"info","message":{"body":"","method":"GET","params":{},"query":{},"url":"/api/person/getByRut/20395011k"},"timestamp":"2023-11-13 15:46:07"}
{"controller":"person/getByRut","level":"info","message":"OK","timestamp":"2023-11-13 15:46:07"}
{"level":"info","message":{"body":"","method":"GET","params":{},"query":{},"url":"/api/person/getByRut/20395011k"},"timestamp":"2023-11-13 15:46:22"}
{"controller":"person/getByRut","level":"info","message":"OK","timestamp":"2023-11-13 15:46:22"}
{"level":"info","message":{"body":"","method":"GET","params":{},"query":{},"url":"/api/person/getByRut/20395011k"},"timestamp":"2023-11-13 15:46:25"}
{"controller":"person/getByRut","level":"info","message":"OK","timestamp":"2023-11-13 15:46:25"}
{"level":"info","message":{"body":"","method":"GET","params":{},"query":{},"url":"/api/person/getByRut/20395011k"},"timestamp":"2023-11-13 15:46:30"}
{"controller":"person/getByRut","level":"info","message":"OK","timestamp":"2023-11-13 15:46:30"}
{"level":"info","message":{"body":"","method":"GET","params":{},"query":{},"url":"/api/person/getByRut/20395011k"},"timestamp":"2023-11-13 15:46:33"}
{"controller":"person/getByRut","level":"info","message":"OK","timestamp":"2023-11-13 15:46:33"}
{"level":"info","message":{"body":"","method":"GET","params":{},"query":{},"url":"/api/person/getByRut/20395011k"},"timestamp":"2023-11-13 15:46:42"}
{"controller":"person/getByRut","level":"info","message":"OK","timestamp":"2023-11-13 15:46:42"}
{"level":"info","message":{"body":"","method":"GET","params":{},"query":{},"url":"/api/person/getByRut/20395011k"},"timestamp":"2023-11-13 15:48:43"}
{"controller":"person/getByRut","level":"info","message":"OK","timestamp":"2023-11-13 15:48:44"}
{"level":"info","message":{"body":"","method":"GET","params":{},"query":{},"url":"/api/person/getByRut/20395011k"},"timestamp":"2023-11-13 15:48:52"}
{"controller":"person/getByRut","level":"info","message":"OK","timestamp":"2023-11-13 15:48:52"}
{"level":"info","message":{"body":"","method":"GET","params":{},"query":{},"url":"/api/person/getByRut/"},"timestamp":"2023-11-13 15:50:07"}
{"level":"info","message":{"body":"","method":"GET","params":{},"query":{},"url":"/api/person/getByRut/"},"timestamp":"2023-11-13 15:50:08"}
{"level":"info","message":{"body":"","method":"GET","params":{},"query":{},"url":"/api/person/getByRut/"},"timestamp":"2023-11-13 15:50:16"}
{"level":"info","message":{"body":"","method":"GET","params":{},"query":{},"url":"/api/person/getByRut/20395011k"},"timestamp":"2023-11-13 15:50:24"}
{"controller":"person/getByRut","level":"info","message":"OK","timestamp":"2023-11-13 15:50:25"}
{"level":"info","message":{"body":"","method":"GET","params":{},"query":{},"url":"/api/person/getByRut/20395011k"},"timestamp":"2023-11-13 15:52:03"}
{"controller":"person/getByRut","level":"info","message":"OK","timestamp":"2023-11-13 15:52:04"}
{"level":"info","message":{"body":"","method":"GET","params":{},"query":{},"url":"/api/person/getByRut/20395011k"},"timestamp":"2023-11-13 15:52:06"}
{"controller":"person/getByRut","level":"info","message":"OK","timestamp":"2023-11-13 15:52:07"}
{"level":"info","message":{"body":"","method":"GET","params":{},"query":{},"url":"/api/person/getByRut/20395011k"},"timestamp":"2023-11-13 15:52:34"}
{"controller":"person/getByRut","level":"info","message":"OK","timestamp":"2023-11-13 15:52:36"}
{"level":"info","message":{"body":"","method":"GET","params":{},"query":{},"url":"/api/person/getByRut/20395011k"},"timestamp":"2023-11-13 15:52:36"}
{"controller":"person/getByRut","level":"info","message":"OK","timestamp":"2023-11-13 15:52:36"}
{"level":"info","message":{"body":"","method":"GET","params":{},"query":{},"url":"/api/person/getByRut/20395011k"},"timestamp":"2023-11-13 15:54:55"}
{"controller":"person/getByRut","level":"info","message":"OK","timestamp":"2023-11-13 15:54:56"}
{"level":"info","message":{"body":"","method":"GET","params":{},"query":{},"url":"/api/person/getByRut/20395011k"},"timestamp":"2023-11-13 15:55:07"}
{"controller":"person/getByRut","level":"info","message":"OK","timestamp":"2023-11-13 15:55:08"}
{"level":"info","message":{"body":"","method":"GET","params":{},"query":{},"url":"/api/person/getByRut/20395011k"},"timestamp":"2023-11-13 15:55:40"}
{"controller":"person/getByRut","level":"info","message":"OK","timestamp":"2023-11-13 15:55:42"}
{"level":"info","message":{"body":"","method":"GET","params":{},"query":{},"url":"/api/person/getByRut/20395011k"},"timestamp":"2023-11-13 15:57:12"}
{"controller":"person/getByRut","level":"info","message":"OK","timestamp":"2023-11-13 15:57:13"}
{"level":"info","message":{"body":"","method":"GET","params":{},"query":{},"url":"/api/person/getByRut/20395011k"},"timestamp":"2023-11-13 15:58:01"}
{"controller":"person/getByRut","level":"info","message":"OK","timestamp":"2023-11-13 15:58:02"}
{"level":"info","message":{"body":"","method":"GET","params":{},"query":{},"url":"/api/person/getByRut/20395011k"},"timestamp":"2023-11-13 15:58:09"}
{"controller":"person/getByRut","level":"info","message":"OK","timestamp":"2023-11-13 15:58:09"}
{"level":"info","message":{"body":"","method":"GET","params":{},"query":{},"url":"/api/person/getByRut/20395011k"},"timestamp":"2023-11-13 15:58:33"}
{"controller":"person/getByRut","level":"info","message":"OK","timestamp":"2023-11-13 15:58:34"}
{"level":"info","message":{"body":"","method":"GET","params":{},"query":{},"url":"/api/person/getByRut/20395011k"},"timestamp":"2023-11-13 15:58:37"}
{"controller":"person/getByRut","level":"info","message":"OK","timestamp":"2023-11-13 15:58:37"}
{"level":"info","message":{"body":"","method":"GET","params":{},"query":{},"url":"/api/person/getByRut/20395011k"},"timestamp":"2023-11-13 15:58:39"}
{"controller":"person/getByRut","level":"info","message":"OK","timestamp":"2023-11-13 15:58:40"}
{"level":"info","message":{"body":"","method":"GET","params":{},"query":{},"url":"/api/person/getByRut/20395011k"},"timestamp":"2023-11-13 15:58:42"}
{"controller":"person/getByRut","level":"info","message":"OK","timestamp":"2023-11-13 15:58:42"}
{"level":"info","message":{"body":"","method":"GET","params":{},"query":{},"url":"/api/person/getByRut/20395011k"},"timestamp":"2023-11-13 15:59:25"}
{"controller":"person/getByRut","level":"info","message":"OK","timestamp":"2023-11-13 15:59:26"}
{"level":"info","message":{"body":"","method":"GET","params":{},"query":{},"url":"/api/person/getByRut/20395011k"},"timestamp":"2023-11-13 15:59:55"}
{"controller":"person/getByRut","level":"info","message":"OK","timestamp":"2023-11-13 15:59:56"}
{"level":"info","message":{"body":"","method":"GET","params":{},"query":{},"url":"/api/person/getByRut/20395011k"},"timestamp":"2023-11-13 16:00:02"}
{"controller":"person/getByRut","level":"info","message":"OK","timestamp":"2023-11-13 16:00:02"}
{"level":"info","message":{"body":"","method":"GET","params":{},"query":{},"url":"/api/person/getByRut/20395011k"},"timestamp":"2023-11-13 16:00:21"}
{"controller":"person/getByRut","level":"info","message":"OK","timestamp":"2023-11-13 16:00:22"}
{"level":"info","message":{"body":"","method":"GET","params":{},"query":{},"url":"/api/person/getByRut/20395011k"},"timestamp":"2023-11-13 16:02:26"}
{"controller":"person/getByRut","level":"info","message":"OK","timestamp":"2023-11-13 16:02:27"}
{"level":"info","message":{"body":"","method":"GET","params":{},"query":{},"url":"/api/person/getByRut/20395011k"},"timestamp":"2023-11-13 16:02:30"}
{"controller":"person/getByRut","level":"info","message":"OK","timestamp":"2023-11-13 16:02:31"}
{"level":"info","message":{"body":"","method":"GET","params":{},"query":{},"url":"/api/person/getByRut/"},"timestamp":"2023-11-13 16:02:45"}
{"level":"info","message":{"body":"","method":"GET","params":{},"query":{},"url":"/api/person/getByRut/20395011k"},"timestamp":"2023-11-13 16:03:16"}
{"controller":"person/getByRut","level":"info","message":"OK","timestamp":"2023-11-13 16:03:17"}
{"level":"info","message":{"body":"","method":"GET","params":{},"query":{},"url":"/api/person/getByRut/20395011k"},"timestamp":"2023-11-13 16:10:19"}
{"controller":"person/getByRut","level":"info","message":"OK","timestamp":"2023-11-13 16:10:20"}
{"level":"info","message":{"body":"","method":"GET","params":{},"query":{},"url":"/api/person/getByRut/20395011k"},"timestamp":"2023-11-13 16:10:23"}
{"controller":"person/getByRut","level":"info","message":"OK","timestamp":"2023-11-13 16:10:23"}
{"level":"info","message":{"body":{"address":"","district":"","email":"","maternalLastName":"","name":"","paternalLastName":"","phone":"","rut":""},"method":"POST","params":"","query":"","url":"/api/user/upsert"},"timestamp":"2023-11-13 16:38:30"}
{"level":"info","message":{"body":{"login":"benja123@gmail.com","password":"asdfg"},"method":"POST","params":"","query":"","url":"/api/user/assignPassword"},"timestamp":"2023-11-13 16:48:43"}
{"level":"info","message":{"body":{"login":"benja123@gmail.com","password":"asdfg"},"method":"POST","params":"","query":"","url":"/api/user/assignPassword"},"timestamp":"2023-11-13 16:50:28"}
{"level":"info","message":{"body":{"login":"benja123@gmail.com","password":"asdfg"},"method":"POST","params":"","query":"","url":"/api/user/assignPassword/"},"timestamp":"2023-11-13 16:51:14"}
{"level":"info","message":{"body":{"login":"benja123@gmail.com","password":"asdfg"},"method":"POST","params":"","query":"","url":"/api/user/assignPassword/"},"timestamp":"2023-11-13 16:52:13"}
{"level":"info","message":{"body":{"login":"benja123@gmail.com","password":"hola"},"method":"POST","params":"","query":"","url":"/api/user/assignPassword/"},"timestamp":"2023-11-13 16:53:09"}
{"level":"info","message":{"body":{"login":"benja123@gmail.com","password":"hola"},"method":"POST","params":"","query":"","url":"/api/user/assignPassword/"},"timestamp":"2023-11-13 16:53:43"}
{"level":"info","message":{"body":{"login":"benja123@gmail.com","password":"hola"},"method":"POST","params":"","query":"","url":"/api/user/assignPassword/"},"timestamp":"2023-11-13 16:53:59"}
{"level":"info","message":{"body":{"login":"benja123@gmail.com","password":"hola"},"method":"POST","params":"","query":"","url":"/api/user/assignPassword/"},"timestamp":"2023-11-13 16:54:57"}
{"level":"info","message":{"body":{"login":"benja123@gmail.com","password":"hola"},"method":"POST","params":"","query":"","url":"/api/user/assignPassword/"},"timestamp":"2023-11-13 16:56:00"}
{"level":"info","message":{"body":{"address":"Av. providencia","district":"Providencia","email":"benja123@gmail.com","maternalLastName":"Zuloaga","name":"Benjamin","paternalLastName":"Vasquez","phone":"12345678","rut":"20395011k"},"method":"POST","params":"","query":"","url":"/api/user/upsert"},"timestamp":"2023-11-13 16:57:13"}
{"controller":"user/upsert","level":"info","message":"OK","timestamp":"2023-11-13 16:57:14"}
{"level":"info","message":{"body":{"login":"benja123@gmail.com","password":"asdfg"},"method":"POST","params":"","query":"","url":"/api/user/assignPassword/"},"timestamp":"2023-11-13 16:57:26"}
{"controller":"user/assignPassword","level":"info","message":"OK","timestamp":"2023-11-13 16:57:27"}
{"level":"info","message":{"body":{"login":"benja123@gmail.com","password":"asdfg"},"method":"POST","params":"","query":"","url":"/api/user/assignPassword/"},"timestamp":"2023-11-13 17:05:55"}
{"level":"info","message":{"body":{"address":"Av. providencia","district":"Providencia","email":"benja1234@gmail.com","maternalLastName":"Zuloaga","name":"Benjamin","paternalLastName":"Vasquez","phone":"12345678","rut":"20395011k"},"method":"POST","params":"","query":"","url":"/api/user/upsert"},"timestamp":"2023-11-13 17:06:49"}
{"controller":"user/upsert","level":"info","message":"OK","timestamp":"2023-11-13 17:06:50"}
{"level":"info","message":{"body":{"login":"benja1234@gmail.com","password":"asdfg"},"method":"POST","params":"","query":"","url":"/api/user/assignPassword/"},"timestamp":"2023-11-13 17:07:22"}
{"controller":"user/assignPassword","level":"info","message":"OK","timestamp":"2023-11-13 17:07:23"}
{"level":"info","message":{"body":{"login":"benja123@gmail.com","password":"hola"},"method":"POST","params":"","query":"","url":"/api/user/validate/"},"timestamp":"2023-11-13 17:15:22"}
{"level":"info","message":{"body":{"login":"benja.vasquez017@gmail.com","password":"hola"},"method":"POST","params":"","query":"","url":"/api/user/validate/"},"timestamp":"2023-11-13 17:16:07"}
{"level":"info","message":{"body":{"login":"benja.vasquez017@gmail.com","password":"asdfg"},"method":"POST","params":"","query":"","url":"/api/user/validate/"},"timestamp":"2023-11-13 17:16:19"}
{"level":"info","message":{"body":"","method":"GET","params":{},"query":{},"url":"/api/person/getByRut/20395011k"},"timestamp":"2023-11-13 17:34:10"}
{"controller":"person/getByRut","level":"info","message":"OK","timestamp":"2023-11-13 17:34:11"}
{"level":"info","message":{"body":"","method":"GET","params":{},"query":{},"url":"/api/person/getByRut/20395011k"},"timestamp":"2023-11-13 17:34:19"}
{"controller":"person/getByRut","level":"info","message":"OK","timestamp":"2023-11-13 17:34:19"}
{"level":"info","message":{"body":"","method":"GET","params":{},"query":{},"url":"/api/person/getByRut/12869241K"},"timestamp":"2023-11-13 17:34:27"}
{"controller":"person/getByRut","level":"info","message":"OK","timestamp":"2023-11-13 17:34:27"}
{"level":"info","message":{"body":"","method":"GET","params":{},"query":{},"url":"/api/person/getByRut/"},"timestamp":"2023-11-13 17:34:37"}
{"level":"info","message":{"body":{"login":"benja.vasquez017@gmail.com","password":"asdfg"},"method":"POST","params":"","query":"","url":"/api/user/validate/"},"timestamp":"2023-11-13 17:42:25"}
{"level":"info","message":{"body":{"login":"","password":""},"method":"POST","params":"","query":"","url":"/api/user/validate/"},"timestamp":"2023-11-13 17:43:27"}
{"level":"info","message":{"body":{"login":"","password":""},"method":"POST","params":"","query":"","url":"/api/user/validate/"},"timestamp":"2023-11-13 17:45:28"}
{"level":"info","message":{"body":{"login":"","password":""},"method":"POST","params":"","query":"","url":"/api/user/validate/"},"timestamp":"2023-11-13 17:45:44"}
{"level":"info","message":{"body":{"login":"","password":""},"method":"POST","params":"","query":"","url":"/api/user/validate/"},"timestamp":"2023-11-13 17:45:47"}
{"level":"info","message":{"body":{"login":"benja.vasquez017@gmail.com","password":"asdfg"},"method":"POST","params":"","query":"","url":"/api/user/validate/"},"timestamp":"2023-11-13 17:56:38"}
{"level":"info","message":{"body":{"login":"benja.vasquez017@gmail.com","password":"asdfgh"},"method":"POST","params":"","query":"","url":"/api/user/validate/"},"timestamp":"2023-11-13 17:56:45"}
{"level":"info","message":{"body":{"login":"benja.vasquez017@gmail.com","password":"asdasd"},"method":"POST","params":"","query":"","url":"/api/user/validate/"},"timestamp":"2023-11-13 17:56:55"}
{"level":"info","message":{"body":{"login":"benja.vasquez017@gmail.com","password":"asdfghj"},"method":"POST","params":"","query":"","url":"/api/user/validate/"},"timestamp":"2023-11-13 17:57:05"}
{"level":"info","message":{"body":{"login":"benja.vasquez017@gmail.com","password":"123"},"method":"POST","params":"","query":"","url":"/api/user/validate/"},"timestamp":"2023-11-13 17:57:13"}
{"level":"info","message":{"body":{"login":"benja123@gmail.com","password":"123"},"method":"POST","params":"","query":"","url":"/api/user/assignPassword/"},"timestamp":"2023-11-13 17:58:51"}
{"level":"info","message":{"body":{"address":"Av. providencia","district":"Providencia","email":"benja123@gmail.com","maternalLastName":"Zuloaga","name":"Benjamin","paternalLastName":"Vasquez","phone":"12345678","rut":"20395011k"},"method":"POST","params":"","query":"","url":"/api/user/upsert"},"timestamp":"2023-11-13 17:59:17"}
{"controller":"user/upsert","level":"info","message":"OK","timestamp":"2023-11-13 17:59:19"}
{"level":"info","message":{"body":{"login":"benja123@gmail.com","password":"123"},"method":"POST","params":"","query":"","url":"/api/user/assignPassword/"},"timestamp":"2023-11-13 17:59:22"}
{"controller":"user/assignPassword","level":"info","message":"OK","timestamp":"2023-11-13 17:59:23"}
{"level":"info","message":{"body":{"login":"benja.vasquez017@gmail.com","password":"123"},"method":"POST","params":"","query":"","url":"/api/user/validate/"},"timestamp":"2023-11-13 17:59:28"}
{"level":"info","message":{"body":{"login":"benja.vasquez017@gmail.com","password":"123"},"method":"POST","params":"","query":"","url":"/api/user/validate/"},"timestamp":"2023-11-13 17:59:29"}
{"level":"info","message":{"body":{"login":"benja123@gmail.com","password":"123"},"method":"POST","params":"","query":"","url":"/api/user/validate/"},"timestamp":"2023-11-13 17:59:35"}
{"controller":"user/validate","level":"info","message":"OK","timestamp":"2023-11-13 17:59:35"}
{"level":"info","message":{"body":{"login":"benja123@gmail.com","password":"123"},"method":"POST","params":"","query":"","url":"/api/user/validate/"},"timestamp":"2023-11-13 17:59:47"}
{"controller":"user/validate","level":"info","message":"OK","timestamp":"2023-11-13 17:59:48"}
{"level":"info","message":{"body":{"login":"benja123@gmail.com","password":"123"},"method":"POST","params":"","query":"","url":"/api/user/validate/"},"timestamp":"2023-11-13 17:59:51"}
{"controller":"user/validate","level":"info","message":"OK","timestamp":"2023-11-13 17:59:52"}
{"level":"info","message":{"body":{"login":"benja123@gmail.com","password":"123"},"method":"POST","params":"","query":"","url":"/api/user/validate/"},"timestamp":"2023-11-13 18:00:16"}
{"controller":"user/validate","level":"info","message":"OK","timestamp":"2023-11-13 18:00:17"}
{"level":"info","message":{"body":{"login":"benja123@gmail.com","password":"123"},"method":"POST","params":"","query":"","url":"/api/user/validate/"},"timestamp":"2023-11-13 18:00:51"}
{"controller":"user/validate","level":"info","message":"OK","timestamp":"2023-11-13 18:00:52"}
{"level":"info","message":{"body":{"login":"benja123@gmail.com","password":"123"},"method":"POST","params":"","query":"","url":"/api/user/validate/"},"timestamp":"2023-11-13 18:00:55"}
{"controller":"user/validate","level":"info","message":"OK","timestamp":"2023-11-13 18:00:55"}
{"level":"info","message":{"body":{"login":"benja123@gmail.com","password":"123"},"method":"POST","params":"","query":"","url":"/api/user/validate/"},"timestamp":"2023-11-13 18:01:10"}
{"controller":"user/validate","level":"info","message":"OK","timestamp":"2023-11-13 18:01:11"}
{"level":"info","message":{"body":{"login":"benja123@gmail.com","password":"123"},"method":"POST","params":"","query":"","url":"/api/user/validate/"},"timestamp":"2023-11-13 18:01:12"}
{"controller":"user/validate","level":"info","message":"OK","timestamp":"2023-11-13 18:01:13"}
{"level":"info","message":{"body":{"login":"benja123@gmail.com","password":"123"},"method":"POST","params":"","query":"","url":"/api/user/validate/"},"timestamp":"2023-11-13 18:01:14"}
{"controller":"user/validate","level":"info","message":"OK","timestamp":"2023-11-13 18:01:14"}
{"level":"info","message":{"body":{"login":"benja123@gmail.com","password":"123"},"method":"POST","params":"","query":"","url":"/api/user/validate/"},"timestamp":"2023-11-13 18:01:20"}
{"controller":"user/validate","level":"info","message":"OK","timestamp":"2023-11-13 18:01:21"}
