{"level":"info","message":{"body":"","method":"GET","params":{},"query":{},"url":"/api/company/getByRut/"},"timestamp":"2023-11-24 14:09:31"}
{"level":"info","message":{"body":"","method":"GET","params":{},"query":{},"url":"/api/company/getAll/"},"timestamp":"2023-11-24 14:09:32"}
{"controller":"company/getAll","level":"info","message":"OK","timestamp":"2023-11-24 14:09:33"}
{"level":"info","message":{"body":"","method":"GET","params":{},"query":{},"url":"/api/company/getAll/"},"timestamp":"2023-11-24 14:09:33"}
{"controller":"company/getAll","level":"info","message":"OK","timestamp":"2023-11-24 14:09:33"}
{"level":"info","message":{"body":"","method":"GET","params":{},"query":{},"url":"/api/company/getByRut/777777K"},"timestamp":"2023-11-24 14:09:35"}
{"controller":"company/getByRut","level":"info","message":"OK","timestamp":"2023-11-24 14:09:35"}
{"level":"info","message":{"body":"","method":"GET","params":{},"query":{},"url":"/api/company/getAll/"},"timestamp":"2023-11-24 14:09:37"}
{"controller":"company/getAll","level":"info","message":"OK","timestamp":"2023-11-24 14:09:37"}
{"level":"info","message":{"body":"","method":"GET","params":{},"query":{},"url":"/api/company/getAll/"},"timestamp":"2023-11-24 14:09:37"}
{"controller":"company/getAll","level":"info","message":"OK","timestamp":"2023-11-24 14:09:37"}
{"level":"info","message":{"body":"","method":"GET","params":{},"query":{},"url":"/api/user/getAll/"},"timestamp":"2023-11-24 14:09:41"}
{"controller":"user/getAll","level":"info","message":"OK","timestamp":"2023-11-24 14:09:41"}
{"level":"info","message":{"body":"","method":"GET","params":{},"query":{},"url":"/api/user/getAll/"},"timestamp":"2023-11-24 14:09:41"}
{"controller":"user/getAll","level":"info","message":"OK","timestamp":"2023-11-24 14:09:42"}
{"level":"info","message":{"body":"","method":"GET","params":{},"query":{},"url":"/api/user/getById/b17e3f93-a5f0-4350-a847-489292bbd0a7"},"timestamp":"2023-11-24 14:09:42"}
{"controller":"user/getById","level":"info","message":"OK","timestamp":"2023-11-24 14:09:42"}
{"level":"info","message":{"body":"","method":"GET","params":{},"query":{},"url":"/api/user/getById/b17e3f93-a5f0-4350-a847-489292bbd0a7"},"timestamp":"2023-11-24 14:09:42"}
{"controller":"user/getById","level":"info","message":"OK","timestamp":"2023-11-24 14:09:42"}
{"level":"info","message":{"body":"","method":"GET","params":{},"query":{},"url":"/api/user/getByRut/128838238"},"timestamp":"2023-11-24 14:09:45"}
{"level":"info","message":{"body":"","method":"GET","params":{},"query":{},"url":"/api/user/getByRut/8"},"timestamp":"2023-11-24 14:09:47"}
{"level":"info","message":{"body":"","method":"GET","params":{},"query":{},"url":"/api/user/getByRut/88"},"timestamp":"2023-11-24 14:09:48"}
{"level":"info","message":{"body":"","method":"GET","params":{},"query":{},"url":"/api/user/getByRut/888"},"timestamp":"2023-11-24 14:09:48"}
{"level":"info","message":{"body":"","method":"GET","params":{},"query":{},"url":"/api/user/getByRut/8888"},"timestamp":"2023-11-24 14:09:48"}
{"level":"info","message":{"body":"","method":"GET","params":{},"query":{},"url":"/api/user/getByRut/88888"},"timestamp":"2023-11-24 14:09:48"}
{"level":"info","message":{"body":"","method":"GET","params":{},"query":{},"url":"/api/user/getByRut/8888"},"timestamp":"2023-11-24 14:09:49"}
{"level":"info","message":{"body":"","method":"GET","params":{},"query":{},"url":"/api/user/getByRut/888"},"timestamp":"2023-11-24 14:09:49"}
{"level":"info","message":{"body":"","method":"GET","params":{},"query":{},"url":"/api/user/getByRut/88"},"timestamp":"2023-11-24 14:09:49"}
{"level":"info","message":{"body":"","method":"GET","params":{},"query":{},"url":"/api/user/getByRut/8"},"timestamp":"2023-11-24 14:09:49"}
{"level":"info","message":{"body":"","method":"GET","params":{},"query":{},"url":"/api/user/getByRut/"},"timestamp":"2023-11-24 14:09:49"}
{"level":"info","message":{"body":"","method":"GET","params":{},"query":{},"url":"/api/user/getByRut/"},"timestamp":"2023-11-24 14:09:57"}
{"level":"info","message":{"body":"","method":"GET","params":{},"query":{},"url":"/api/user/getByRut/777777K"},"timestamp":"2023-11-24 14:10:27"}
{"level":"info","message":{"body":"","method":"GET","params":{},"query":{},"url":"/api/user/getByRut/"},"timestamp":"2023-11-24 14:10:29"}
{"level":"info","message":{"body":"","method":"GET","params":{},"query":{},"url":"/api/user/getByRut/2"},"timestamp":"2023-11-24 14:10:29"}
{"level":"info","message":{"body":"","method":"GET","params":{},"query":{},"url":"/api/user/getByRut/21"},"timestamp":"2023-11-24 14:10:29"}
{"level":"info","message":{"body":"","method":"GET","params":{},"query":{},"url":"/api/user/getByRut/2"},"timestamp":"2023-11-24 14:10:30"}
{"level":"info","message":{"body":"","method":"GET","params":{},"query":{},"url":"/api/user/getByRut/"},"timestamp":"2023-11-24 14:10:30"}
{"level":"info","message":{"body":"","method":"GET","params":{},"query":{},"url":"/api/user/getByRut/2"},"timestamp":"2023-11-24 14:10:33"}
{"level":"info","message":{"body":"","method":"GET","params":{},"query":{},"url":"/api/user/getByRut/20"},"timestamp":"2023-11-24 14:10:33"}
{"level":"info","message":{"body":"","method":"GET","params":{},"query":{},"url":"/api/user/getByRut/203"},"timestamp":"2023-11-24 14:10:33"}
{"level":"info","message":{"body":"","method":"GET","params":{},"query":{},"url":"/api/user/getByRut/2039"},"timestamp":"2023-11-24 14:10:33"}
{"level":"info","message":{"body":"","method":"GET","params":{},"query":{},"url":"/api/user/getByRut/20395"},"timestamp":"2023-11-24 14:10:34"}
{"level":"info","message":{"body":"","method":"GET","params":{},"query":{},"url":"/api/user/getByRut/203950"},"timestamp":"2023-11-24 14:10:35"}
{"level":"info","message":{"body":"","method":"GET","params":{},"query":{},"url":"/api/user/getByRut/2039501"},"timestamp":"2023-11-24 14:10:35"}
{"level":"info","message":{"body":"","method":"GET","params":{},"query":{},"url":"/api/user/getByRut/20395011"},"timestamp":"2023-11-24 14:10:36"}
{"level":"info","message":{"body":"","method":"GET","params":{},"query":{},"url":"/api/user/getByRut/20395011K"},"timestamp":"2023-11-24 14:10:36"}
{"controller":"user/getByRut","level":"info","message":"OK","timestamp":"2023-11-24 14:10:36"}
{"level":"info","message":{"body":"","method":"GET","params":{},"query":{},"url":"/api/user/getByRut/20395011K"},"timestamp":"2023-11-24 14:10:37"}
{"controller":"user/getByRut","level":"info","message":"OK","timestamp":"2023-11-24 14:10:38"}
{"level":"info","message":{"body":"","method":"GET","params":{},"query":{},"url":"/api/user/getByRut/20395011"},"timestamp":"2023-11-24 14:10:42"}
{"level":"info","message":{"body":"","method":"GET","params":{},"query":{},"url":"/api/user/getByRut/2"},"timestamp":"2023-11-24 14:10:44"}
{"level":"info","message":{"body":"","method":"GET","params":{},"query":{},"url":"/api/user/getByRut/25"},"timestamp":"2023-11-24 14:10:44"}
{"level":"info","message":{"body":"","method":"GET","params":{},"query":{},"url":"/api/user/getByRut/251"},"timestamp":"2023-11-24 14:10:44"}
{"level":"info","message":{"body":"","method":"GET","params":{},"query":{},"url":"/api/user/getByRut/2512"},"timestamp":"2023-11-24 14:10:44"}
{"level":"info","message":{"body":"","method":"GET","params":{},"query":{},"url":"/api/user/getByRut/25125"},"timestamp":"2023-11-24 14:10:44"}
{"level":"info","message":{"body":"","method":"GET","params":{},"query":{},"url":"/api/user/getByRut/251251"},"timestamp":"2023-11-24 14:10:44"}
{"level":"info","message":{"body":"","method":"GET","params":{},"query":{},"url":"/api/user/getByRut/2512515"},"timestamp":"2023-11-24 14:10:45"}
{"level":"info","message":{"body":"","method":"GET","params":{},"query":{},"url":"/api/user/getByRut/25125154"},"timestamp":"2023-11-24 14:10:45"}
{"level":"info","message":{"body":"","method":"GET","params":{},"query":{},"url":"/api/user/getByRut/251251547"},"timestamp":"2023-11-24 14:10:45"}
{"level":"info","message":{"body":"","method":"GET","params":{},"query":{},"url":"/api/user/getByRut/25125154"},"timestamp":"2023-11-24 14:10:45"}
{"level":"info","message":{"body":"","method":"GET","params":{},"query":{},"url":"/api/user/getByRut/2512515"},"timestamp":"2023-11-24 14:10:46"}
{"level":"info","message":{"body":"","method":"GET","params":{},"query":{},"url":"/api/user/getByRut/251251"},"timestamp":"2023-11-24 14:10:46"}
{"level":"info","message":{"body":"","method":"GET","params":{},"query":{},"url":"/api/user/getByRut/25125"},"timestamp":"2023-11-24 14:10:46"}
{"level":"info","message":{"body":"","method":"GET","params":{},"query":{},"url":"/api/user/getByRut/2512"},"timestamp":"2023-11-24 14:10:46"}
{"level":"info","message":{"body":"","method":"GET","params":{},"query":{},"url":"/api/user/getByRut/251"},"timestamp":"2023-11-24 14:10:46"}
{"level":"info","message":{"body":"","method":"GET","params":{},"query":{},"url":"/api/user/getByRut/25"},"timestamp":"2023-11-24 14:10:46"}
{"level":"info","message":{"body":"","method":"GET","params":{},"query":{},"url":"/api/user/getByRut/2"},"timestamp":"2023-11-24 14:10:46"}
{"level":"info","message":{"body":"","method":"GET","params":{},"query":{},"url":"/api/user/getByRut/"},"timestamp":"2023-11-24 14:10:46"}
{"level":"info","message":{"body":"","method":"GET","params":{},"query":{},"url":"/api/user/getByRut/"},"timestamp":"2023-11-24 14:10:48"}
{"level":"info","message":{"body":"","method":"GET","params":{},"query":{},"url":"/api/product/getAll/"},"timestamp":"2023-11-24 14:10:51"}
{"controller":"product/getAll","level":"info","message":"OK","timestamp":"2023-11-24 14:10:51"}
{"level":"info","message":{"body":"","method":"GET","params":{},"query":{},"url":"/api/product/getAll/"},"timestamp":"2023-11-24 14:10:51"}
{"controller":"product/getAll","level":"info","message":"OK","timestamp":"2023-11-24 14:10:52"}
{"level":"info","message":{"body":"","method":"GET","params":{},"query":{},"url":"/api/product/getById/2ac7db30-2c19-451e-880f-8d53b5acbf85"},"timestamp":"2023-11-24 14:10:53"}
{"controller":"product/getById","level":"info","message":"OK","timestamp":"2023-11-24 14:10:53"}
{"level":"info","message":{"body":"","method":"GET","params":{},"query":{},"url":"/api/product/getById/2ac7db30-2c19-451e-880f-8d53b5acbf85"},"timestamp":"2023-11-24 14:10:53"}
{"controller":"product/getById","level":"info","message":"OK","timestamp":"2023-11-24 14:10:53"}
{"level":"info","message":{"body":"","method":"GET","params":{},"query":{},"url":"/api/product/getByCode/123"},"timestamp":"2023-11-24 14:10:58"}
{"controller":"product/getByCode","level":"info","message":"OK","timestamp":"2023-11-24 14:10:58"}
{"level":"info","message":{"body":"","method":"GET","params":{},"query":{},"url":"/api/product/getByCode/12"},"timestamp":"2023-11-24 14:11:00"}
{"level":"info","message":{"body":"","method":"GET","params":{},"query":{},"url":"/api/product/getByCode/12"},"timestamp":"2023-11-24 14:11:03"}
{"level":"info","message":{"body":"","method":"GET","params":{},"query":{},"url":"/api/person/getAll/"},"timestamp":"2023-11-24 14:11:18"}
{"controller":"person/getAll","level":"info","message":"OK","timestamp":"2023-11-24 14:11:18"}
{"level":"info","message":{"body":"","method":"GET","params":{},"query":{},"url":"/api/person/getAll/"},"timestamp":"2023-11-24 14:11:18"}
{"controller":"person/getAll","level":"info","message":"OK","timestamp":"2023-11-24 14:11:19"}
{"level":"info","message":{"body":"","method":"GET","params":{},"query":{},"url":"/api/person/getAll/"},"timestamp":"2023-11-24 14:11:22"}
{"controller":"person/getAll","level":"info","message":"OK","timestamp":"2023-11-24 14:11:22"}
{"level":"info","message":{"body":"","method":"GET","params":{},"query":{},"url":"/api/person/getAll/"},"timestamp":"2023-11-24 14:11:22"}
{"controller":"person/getAll","level":"info","message":"OK","timestamp":"2023-11-24 14:11:22"}
{"level":"info","message":{"body":"","method":"GET","params":{},"query":{},"url":"/api/product/getById/2ac7db30-2c19-451e-880f-8d53b5acbf85"},"timestamp":"2023-11-24 14:11:24"}
{"controller":"product/getById","level":"info","message":"OK","timestamp":"2023-11-24 14:11:24"}
{"level":"info","message":{"body":"","method":"GET","params":{},"query":{},"url":"/api/product/getById/2ac7db30-2c19-451e-880f-8d53b5acbf85"},"timestamp":"2023-11-24 14:11:24"}
{"controller":"product/getById","level":"info","message":"OK","timestamp":"2023-11-24 14:11:24"}
{"level":"info","message":{"body":"","method":"GET","params":{},"query":{},"url":"/api/customer/getAll/"},"timestamp":"2023-11-24 14:11:27"}
{"controller":"customer/getAll","level":"info","message":"OK","timestamp":"2023-11-24 14:11:27"}
{"level":"info","message":{"body":"","method":"GET","params":{},"query":{},"url":"/api/customer/getAll/"},"timestamp":"2023-11-24 14:11:27"}
{"controller":"customer/getAll","level":"info","message":"OK","timestamp":"2023-11-24 14:11:27"}
{"level":"info","message":{"body":"","method":"GET","params":{},"query":{},"url":"/api/customer/getById/578df720-b7d5-4d15-bace-2f13f96fbd30"},"timestamp":"2023-11-24 14:11:31"}
{"controller":"customer/getById","level":"info","message":"OK","timestamp":"2023-11-24 14:11:31"}
{"level":"info","message":{"body":"","method":"GET","params":{},"query":{},"url":"/api/customer/getById/578df720-b7d5-4d15-bace-2f13f96fbd30"},"timestamp":"2023-11-24 14:11:31"}
{"controller":"customer/getById","level":"info","message":"OK","timestamp":"2023-11-24 14:11:31"}
{"level":"info","message":{"body":"","method":"GET","params":{},"query":{},"url":"/api/customer/getByRut/22333444K7"},"timestamp":"2023-11-24 14:11:58"}
{"level":"info","message":{"body":"","method":"GET","params":{},"query":{},"url":"/api/customer/getByRut/2"},"timestamp":"2023-11-24 14:12:01"}
{"level":"info","message":{"body":"","method":"GET","params":{},"query":{},"url":"/api/customer/getByRut/20"},"timestamp":"2023-11-24 14:12:01"}
{"level":"info","message":{"body":"","method":"GET","params":{},"query":{},"url":"/api/customer/getByRut/203"},"timestamp":"2023-11-24 14:12:02"}
{"level":"info","message":{"body":"","method":"GET","params":{},"query":{},"url":"/api/customer/getByRut/2039"},"timestamp":"2023-11-24 14:12:02"}
{"level":"info","message":{"body":"","method":"GET","params":{},"query":{},"url":"/api/customer/getByRut/20395"},"timestamp":"2023-11-24 14:12:02"}
{"level":"info","message":{"body":"","method":"GET","params":{},"query":{},"url":"/api/customer/getByRut/203950"},"timestamp":"2023-11-24 14:12:02"}
{"level":"info","message":{"body":"","method":"GET","params":{},"query":{},"url":"/api/customer/getByRut/2039501"},"timestamp":"2023-11-24 14:12:02"}
{"level":"info","message":{"body":"","method":"GET","params":{},"query":{},"url":"/api/customer/getByRut/20395011"},"timestamp":"2023-11-24 14:12:03"}
{"level":"info","message":{"body":"","method":"GET","params":{},"query":{},"url":"/api/customer/getByRut/20395011K"},"timestamp":"2023-11-24 14:12:03"}
{"level":"info","message":{"body":"","method":"GET","params":{},"query":{},"url":"/api/customer/getByRut/20395011K"},"timestamp":"2023-11-24 14:12:06"}
{"level":"info","message":{"body":"","method":"GET","params":{},"query":{},"url":"/api/customer/getByRut/"},"timestamp":"2023-11-24 14:12:08"}
{"level":"info","message":{"body":"","method":"GET","params":{},"query":{},"url":"/api/customer/getAll/"},"timestamp":"2023-11-24 14:12:13"}
{"controller":"customer/getAll","level":"info","message":"OK","timestamp":"2023-11-24 14:12:13"}
{"level":"info","message":{"body":"","method":"GET","params":{},"query":{},"url":"/api/customer/getAll/"},"timestamp":"2023-11-24 14:12:13"}
{"controller":"customer/getAll","level":"info","message":"OK","timestamp":"2023-11-24 14:12:13"}
{"level":"info","message":{"body":"","method":"GET","params":{},"query":{},"url":"/api/customer/getById/578df720-b7d5-4d15-bace-2f13f96fbd30"},"timestamp":"2023-11-24 14:12:14"}
{"controller":"customer/getById","level":"info","message":"OK","timestamp":"2023-11-24 14:12:14"}
{"level":"info","message":{"body":"","method":"GET","params":{},"query":{},"url":"/api/customer/getById/578df720-b7d5-4d15-bace-2f13f96fbd30"},"timestamp":"2023-11-24 14:12:14"}
{"controller":"customer/getById","level":"info","message":"OK","timestamp":"2023-11-24 14:12:14"}
{"level":"info","message":{"body":"","method":"GET","params":{},"query":{},"url":"/api/customer/getByRut/22333444K"},"timestamp":"2023-11-24 14:12:20"}
{"controller":"customer/getByRut","level":"info","message":"OK","timestamp":"2023-11-24 14:12:20"}
{"level":"info","message":{"body":"","method":"GET","params":{},"query":{},"url":"/api/customer/getByRut/22333444"},"timestamp":"2023-11-24 14:12:21"}
{"level":"info","message":{"body":"","method":"GET","params":{},"query":{},"url":"/api/customer/getByRut/"},"timestamp":"2023-11-24 14:12:25"}
{"level":"info","message":{"body":"","method":"GET","params":{},"query":{},"url":"/api/customer/getByRut/"},"timestamp":"2023-11-24 14:12:25"}
{"level":"info","message":{"body":"","method":"GET","params":{},"query":{},"url":"/api/customer/getByRut/22333444K"},"timestamp":"2023-11-24 14:12:27"}
{"controller":"customer/getByRut","level":"info","message":"OK","timestamp":"2023-11-24 14:12:27"}
{"level":"info","message":{"body":"","method":"GET","params":{},"query":{},"url":"/api/customer/getByRut/22333444"},"timestamp":"2023-11-24 14:12:31"}
{"level":"info","message":{"body":"","method":"GET","params":{},"query":{},"url":"/api/customer/getByRut/"},"timestamp":"2023-11-24 14:12:35"}
{"level":"info","message":{"body":"","method":"GET","params":{},"query":{},"url":"/api/customer/getByRut/"},"timestamp":"2023-11-24 14:13:39"}
{"level":"info","message":{"body":"","method":"GET","params":{},"query":{},"url":"/api/customer/getAll/"},"timestamp":"2023-11-24 14:13:42"}
{"controller":"customer/getAll","level":"info","message":"OK","timestamp":"2023-11-24 14:13:43"}
{"level":"info","message":{"body":"","method":"GET","params":{},"query":{},"url":"/api/customer/getAll/"},"timestamp":"2023-11-24 14:13:43"}
{"controller":"customer/getAll","level":"info","message":"OK","timestamp":"2023-11-24 14:13:43"}
{"level":"info","message":{"body":"","method":"GET","params":{},"query":{},"url":"/api/customer/getById/5805cd04-4b52-4427-8ecb-dae0344d741e"},"timestamp":"2023-11-24 14:13:44"}
{"controller":"customer/getById","level":"info","message":"OK","timestamp":"2023-11-24 14:13:44"}
{"level":"info","message":{"body":"","method":"GET","params":{},"query":{},"url":"/api/customer/getById/5805cd04-4b52-4427-8ecb-dae0344d741e"},"timestamp":"2023-11-24 14:13:44"}
{"controller":"customer/getById","level":"info","message":"OK","timestamp":"2023-11-24 14:13:44"}
{"level":"info","message":{"body":"","method":"GET","params":{},"query":{},"url":"/api/customer/getByRut/666666K"},"timestamp":"2023-11-24 14:13:47"}
{"controller":"customer/getByRut","level":"info","message":"OK","timestamp":"2023-11-24 14:13:47"}
{"level":"info","message":{"body":"","method":"GET","params":{},"query":{},"url":"/api/person/getAll/"},"timestamp":"2023-11-24 14:14:23"}
{"controller":"person/getAll","level":"info","message":"OK","timestamp":"2023-11-24 14:14:23"}
{"level":"info","message":{"body":"","method":"GET","params":{},"query":{},"url":"/api/person/getAll/"},"timestamp":"2023-11-24 14:14:23"}
{"controller":"person/getAll","level":"info","message":"OK","timestamp":"2023-11-24 14:14:23"}
{"level":"info","message":{"body":"","method":"GET","params":{},"query":{},"url":"/api/person/getById/0c2755cc-78da-4fdc-8610-6e66bae56337"},"timestamp":"2023-11-24 14:14:28"}
{"controller":"person/getById","level":"info","message":"OK","timestamp":"2023-11-24 14:14:28"}
{"level":"info","message":{"body":"","method":"GET","params":{},"query":{},"url":"/api/person/getById/0c2755cc-78da-4fdc-8610-6e66bae56337"},"timestamp":"2023-11-24 14:14:28"}
{"controller":"person/getById","level":"info","message":"OK","timestamp":"2023-11-24 14:14:28"}
{"level":"info","message":{"body":"","method":"GET","params":{},"query":{},"url":"/api/person/getByRut/202448933"},"timestamp":"2023-11-24 14:14:30"}
{"controller":"person/getByRut","level":"info","message":"OK","timestamp":"2023-11-24 14:14:30"}
{"level":"info","message":{"body":"","method":"GET","params":{},"query":{},"url":"/api/person/getAll/"},"timestamp":"2023-11-24 14:14:37"}
{"controller":"person/getAll","level":"info","message":"OK","timestamp":"2023-11-24 14:14:37"}
{"level":"info","message":{"body":"","method":"GET","params":{},"query":{},"url":"/api/person/getAll/"},"timestamp":"2023-11-24 14:14:37"}
{"controller":"person/getAll","level":"info","message":"OK","timestamp":"2023-11-24 14:14:37"}
{"level":"info","message":{"body":"","method":"GET","params":{},"query":{},"url":"/api/person/getAll/"},"timestamp":"2023-11-24 14:14:43"}
{"controller":"person/getAll","level":"info","message":"OK","timestamp":"2023-11-24 14:14:43"}
{"level":"info","message":{"body":"","method":"GET","params":{},"query":{},"url":"/api/person/getAll/"},"timestamp":"2023-11-24 14:14:43"}
{"controller":"person/getAll","level":"info","message":"OK","timestamp":"2023-11-24 14:14:43"}
{"level":"info","message":{"body":"","method":"GET","params":{},"query":{},"url":"/api/person/getById/0c2755cc-78da-4fdc-8610-6e66bae56337"},"timestamp":"2023-11-24 14:14:44"}
{"controller":"person/getById","level":"info","message":"OK","timestamp":"2023-11-24 14:14:44"}
{"level":"info","message":{"body":"","method":"GET","params":{},"query":{},"url":"/api/person/getById/0c2755cc-78da-4fdc-8610-6e66bae56337"},"timestamp":"2023-11-24 14:14:44"}
{"controller":"person/getById","level":"info","message":"OK","timestamp":"2023-11-24 14:14:44"}
{"level":"info","message":{"body":"","method":"GET","params":{},"query":{},"url":"/api/person/getByRut/202448933"},"timestamp":"2023-11-24 14:14:45"}
{"controller":"person/getByRut","level":"info","message":"OK","timestamp":"2023-11-24 14:14:46"}
{"level":"info","message":{"body":"","method":"GET","params":{},"query":{},"url":"/api/person/getByRut/20244893"},"timestamp":"2023-11-24 14:14:50"}
{"level":"info","message":{"body":"","method":"GET","params":{},"query":{},"url":"/api/person/getByRut/2024489"},"timestamp":"2023-11-24 14:14:51"}
{"level":"info","message":{"body":"","method":"GET","params":{},"query":{},"url":"/api/person/getByRut/202448"},"timestamp":"2023-11-24 14:14:51"}
{"level":"info","message":{"body":"","method":"GET","params":{},"query":{},"url":"/api/person/getByRut/20244"},"timestamp":"2023-11-24 14:14:51"}
{"level":"info","message":{"body":"","method":"GET","params":{},"query":{},"url":"/api/person/getByRut/2024"},"timestamp":"2023-11-24 14:14:51"}
{"level":"info","message":{"body":"","method":"GET","params":{},"query":{},"url":"/api/person/getByRut/202"},"timestamp":"2023-11-24 14:14:52"}
{"level":"info","message":{"body":"","method":"GET","params":{},"query":{},"url":"/api/person/getByRut/20"},"timestamp":"2023-11-24 14:14:52"}
{"level":"info","message":{"body":"","method":"GET","params":{},"query":{},"url":"/api/person/getByRut/2"},"timestamp":"2023-11-24 14:14:52"}
{"level":"info","message":{"body":"","method":"GET","params":{},"query":{},"url":"/api/person/getByRut/"},"timestamp":"2023-11-24 14:14:52"}
{"level":"info","message":{"body":"","method":"GET","params":{},"query":{},"url":"/api/person/getByRut/20395011K"},"timestamp":"2023-11-24 14:14:54"}
{"controller":"person/getByRut","level":"info","message":"OK","timestamp":"2023-11-24 14:14:54"}
{"level":"info","message":{"body":"","method":"GET","params":{},"query":{},"url":"/api/person/getByRut/20395011K"},"timestamp":"2023-11-24 14:14:55"}
{"controller":"person/getByRut","level":"info","message":"OK","timestamp":"2023-11-24 14:14:55"}
{"level":"info","message":{"body":"","method":"GET","params":{},"query":{},"url":"/api/person/getAll/"},"timestamp":"2023-11-24 14:14:59"}
{"controller":"person/getAll","level":"info","message":"OK","timestamp":"2023-11-24 14:15:00"}
{"level":"info","message":{"body":"","method":"GET","params":{},"query":{},"url":"/api/person/getAll/"},"timestamp":"2023-11-24 14:15:00"}
{"controller":"person/getAll","level":"info","message":"OK","timestamp":"2023-11-24 14:15:00"}
{"level":"info","message":{"body":"","method":"GET","params":{},"query":{},"url":"/api/person/getByRut/20395011K"},"timestamp":"2023-11-24 14:15:02"}
{"controller":"person/getByRut","level":"info","message":"OK","timestamp":"2023-11-24 14:15:02"}
{"level":"info","message":{"body":"","method":"GET","params":{},"query":{},"url":"/api/person/getByRut/"},"timestamp":"2023-11-24 14:15:04"}
{"level":"info","message":{"body":"","method":"GET","params":{},"query":{},"url":"/api/person/getByRut/"},"timestamp":"2023-11-24 14:15:06"}
{"level":"info","message":{"body":"","method":"GET","params":{},"query":{},"url":"/api/person/getByRut/O"},"timestamp":"2023-11-24 14:15:10"}
{"level":"info","message":{"body":"","method":"GET","params":{},"query":{},"url":"/api/person/getByRut/"},"timestamp":"2023-11-24 14:15:11"}
{"level":"info","message":{"body":"","method":"GET","params":{},"query":{},"url":"/api/person/getByRut/20395011K"},"timestamp":"2023-11-24 14:15:17"}
{"controller":"person/getByRut","level":"info","message":"OK","timestamp":"2023-11-24 14:15:17"}
{"level":"info","message":{"body":"","method":"GET","params":{},"query":{},"url":"/api/person/getByRut/20395011"},"timestamp":"2023-11-24 14:15:19"}
{"level":"info","message":{"body":"","method":"GET","params":{},"query":{},"url":"/api/person/getByRut/2039501"},"timestamp":"2023-11-24 14:15:20"}
{"level":"info","message":{"body":"","method":"GET","params":{},"query":{},"url":"/api/person/getByRut/203950"},"timestamp":"2023-11-24 14:15:20"}
{"level":"info","message":{"body":"","method":"GET","params":{},"query":{},"url":"/api/person/getByRut/20395"},"timestamp":"2023-11-24 14:15:20"}
{"level":"info","message":{"body":"","method":"GET","params":{},"query":{},"url":"/api/person/getByRut/"},"timestamp":"2023-11-24 14:15:21"}
{"level":"info","message":{"body":"","method":"GET","params":{},"query":{},"url":"/api/person/getByRut/"},"timestamp":"2023-11-24 14:15:22"}
{"level":"info","message":{"body":"","method":"GET","params":{},"query":{},"url":"/api/person/getAll/"},"timestamp":"2023-11-24 14:16:15"}
{"controller":"person/getAll","level":"info","message":"OK","timestamp":"2023-11-24 14:16:16"}
{"level":"info","message":{"body":"","method":"GET","params":{},"query":{},"url":"/api/person/getAll/"},"timestamp":"2023-11-24 14:16:16"}
{"controller":"person/getAll","level":"info","message":"OK","timestamp":"2023-11-24 14:16:16"}
{"level":"info","message":{"body":"","method":"GET","params":{},"query":{},"url":"/api/person/getById/0c2755cc-78da-4fdc-8610-6e66bae56337"},"timestamp":"2023-11-24 14:16:19"}
{"controller":"person/getById","level":"info","message":"OK","timestamp":"2023-11-24 14:16:19"}
{"level":"info","message":{"body":"","method":"GET","params":{},"query":{},"url":"/api/person/getById/0c2755cc-78da-4fdc-8610-6e66bae56337"},"timestamp":"2023-11-24 14:16:19"}
{"controller":"person/getById","level":"info","message":"OK","timestamp":"2023-11-24 14:16:19"}
{"level":"info","message":{"body":"","method":"GET","params":{},"query":{},"url":"/api/person/getByRut/202448933"},"timestamp":"2023-11-24 14:16:21"}
{"controller":"person/getByRut","level":"info","message":"OK","timestamp":"2023-11-24 14:16:21"}
{"level":"info","message":{"body":"","method":"GET","params":{},"query":{},"url":"/api/person/getByRut/2024489338"},"timestamp":"2023-11-24 14:16:25"}
{"level":"info","message":{"body":"","method":"GET","params":{},"query":{},"url":"/api/person/getByRut/202448933"},"timestamp":"2023-11-24 14:16:26"}
{"controller":"person/getByRut","level":"info","message":"OK","timestamp":"2023-11-24 14:16:26"}
{"level":"info","message":{"body":"","method":"GET","params":{},"query":{},"url":"/api/person/getByRut/2024489338"},"timestamp":"2023-11-24 14:16:27"}
{"level":"info","message":{"body":"","method":"GET","params":{},"query":{},"url":"/api/person/getByRut/202448933"},"timestamp":"2023-11-24 14:16:27"}
{"controller":"person/getByRut","level":"info","message":"OK","timestamp":"2023-11-24 14:16:27"}
{"level":"info","message":{"body":"","method":"GET","params":{},"query":{},"url":"/api/person/getByRut/2024489338"},"timestamp":"2023-11-24 14:16:27"}
{"level":"info","message":{"body":"","method":"GET","params":{},"query":{},"url":"/api/person/getByRut/202448933"},"timestamp":"2023-11-24 14:16:28"}
{"controller":"person/getByRut","level":"info","message":"OK","timestamp":"2023-11-24 14:16:28"}
{"level":"info","message":{"body":"","method":"GET","params":{},"query":{},"url":"/api/person/getByRut/20244893"},"timestamp":"2023-11-24 14:16:28"}
{"level":"info","message":{"body":"","method":"GET","params":{},"query":{},"url":"/api/person/getByRut/2024489"},"timestamp":"2023-11-24 14:16:29"}
{"level":"info","message":{"body":"","method":"GET","params":{},"query":{},"url":"/api/person/getByRut/202448"},"timestamp":"2023-11-24 14:16:29"}
{"level":"info","message":{"body":"","method":"GET","params":{},"query":{},"url":"/api/person/getByRut/20244"},"timestamp":"2023-11-24 14:16:29"}
{"level":"info","message":{"body":"","method":"GET","params":{},"query":{},"url":"/api/person/getByRut/2024"},"timestamp":"2023-11-24 14:16:29"}
{"level":"info","message":{"body":"","method":"GET","params":{},"query":{},"url":"/api/person/getByRut/202"},"timestamp":"2023-11-24 14:16:29"}
{"level":"info","message":{"body":"","method":"GET","params":{},"query":{},"url":"/api/person/getByRut/20"},"timestamp":"2023-11-24 14:16:29"}
{"level":"info","message":{"body":"","method":"GET","params":{},"query":{},"url":"/api/person/getAll/"},"timestamp":"2023-11-24 14:16:31"}
{"controller":"person/getAll","level":"info","message":"OK","timestamp":"2023-11-24 14:16:31"}
{"level":"info","message":{"body":"","method":"GET","params":{},"query":{},"url":"/api/person/getAll/"},"timestamp":"2023-11-24 14:16:31"}
{"controller":"person/getAll","level":"info","message":"OK","timestamp":"2023-11-24 14:16:31"}
{"level":"info","message":{"body":"","method":"GET","params":{},"query":{},"url":"/api/person/getByRut/20395011K"},"timestamp":"2023-11-24 14:16:34"}
{"controller":"person/getByRut","level":"info","message":"OK","timestamp":"2023-11-24 14:16:34"}
{"level":"info","message":{"body":"","method":"GET","params":{},"query":{},"url":"/api/person/getByRut/20395011K"},"timestamp":"2023-11-24 14:16:35"}
{"controller":"person/getByRut","level":"info","message":"OK","timestamp":"2023-11-24 14:16:35"}
{"level":"info","message":{"body":"","method":"GET","params":{},"query":{},"url":"/api/person/getByRut/20395011K8"},"timestamp":"2023-11-24 14:16:37"}
{"level":"info","message":{"body":"","method":"GET","params":{},"query":{},"url":"/api/person/getByRut/20395011K88"},"timestamp":"2023-11-24 14:16:37"}
{"level":"info","message":{"body":"","method":"GET","params":{},"query":{},"url":"/api/person/getByRut/20395011K888"},"timestamp":"2023-11-24 14:16:37"}
{"level":"info","message":{"body":"","method":"GET","params":{},"query":{},"url":"/api/person/getByRut/20395011K8888"},"timestamp":"2023-11-24 14:16:37"}
{"level":"info","message":{"body":"","method":"GET","params":{},"query":{},"url":"/api/person/getByRut/20395011K8888"},"timestamp":"2023-11-24 14:16:39"}
{"level":"info","message":{"body":"","method":"GET","params":{},"query":{},"url":"/api/company/getAll/"},"timestamp":"2023-11-24 14:16:41"}
{"controller":"company/getAll","level":"info","message":"OK","timestamp":"2023-11-24 14:16:41"}
{"level":"info","message":{"body":"","method":"GET","params":{},"query":{},"url":"/api/company/getAll/"},"timestamp":"2023-11-24 14:16:41"}
{"controller":"company/getAll","level":"info","message":"OK","timestamp":"2023-11-24 14:16:41"}
{"level":"info","message":{"body":"","method":"GET","params":{},"query":{},"url":"/api/company/getById/73c9a0b7-c5c0-4922-86f6-cf2c9d780cb0"},"timestamp":"2023-11-24 14:16:42"}
{"controller":"company/getById","level":"info","message":"OK","timestamp":"2023-11-24 14:16:42"}
{"level":"info","message":{"body":"","method":"GET","params":{},"query":{},"url":"/api/company/getById/73c9a0b7-c5c0-4922-86f6-cf2c9d780cb0"},"timestamp":"2023-11-24 14:16:42"}
{"controller":"company/getById","level":"info","message":"OK","timestamp":"2023-11-24 14:16:42"}
{"level":"info","message":{"body":"","method":"GET","params":{},"query":{},"url":"/api/company/getByRut/99999K8"},"timestamp":"2023-11-24 14:16:45"}
{"level":"info","message":{"body":"","method":"GET","params":{},"query":{},"url":"/api/company/getByRut/99999K88"},"timestamp":"2023-11-24 14:16:45"}
{"level":"info","message":{"body":"","method":"GET","params":{},"query":{},"url":"/api/company/getByRut/99999K8"},"timestamp":"2023-11-24 14:16:46"}
{"level":"info","message":{"body":"","method":"GET","params":{},"query":{},"url":"/api/company/getByRut/99999K"},"timestamp":"2023-11-24 14:16:47"}
{"controller":"company/getByRut","level":"info","message":"OK","timestamp":"2023-11-24 14:16:47"}
{"level":"info","message":{"body":"","method":"GET","params":{},"query":{},"url":"/api/company/getByRut/99999"},"timestamp":"2023-11-24 14:16:47"}
{"level":"info","message":{"body":"","method":"GET","params":{},"query":{},"url":"/api/company/getByRut/9999"},"timestamp":"2023-11-24 14:16:48"}
{"level":"info","message":{"body":"","method":"GET","params":{},"query":{},"url":"/api/company/getByRut/999"},"timestamp":"2023-11-24 14:16:48"}
{"level":"info","message":{"body":"","method":"GET","params":{},"query":{},"url":"/api/company/getByRut/99"},"timestamp":"2023-11-24 14:16:48"}
{"level":"info","message":{"body":"","method":"GET","params":{},"query":{},"url":"/api/company/getByRut/9"},"timestamp":"2023-11-24 14:16:48"}
{"level":"info","message":{"body":"","method":"GET","params":{},"query":{},"url":"/api/company/getByRut/"},"timestamp":"2023-11-24 14:16:48"}
{"level":"info","message":{"body":"","method":"GET","params":{},"query":{},"url":"/api/company/getAll/"},"timestamp":"2023-11-24 14:16:51"}
{"controller":"company/getAll","level":"info","message":"OK","timestamp":"2023-11-24 14:16:51"}
{"level":"info","message":{"body":"","method":"GET","params":{},"query":{},"url":"/api/company/getAll/"},"timestamp":"2023-11-24 14:16:51"}
{"controller":"company/getAll","level":"info","message":"OK","timestamp":"2023-11-24 14:16:51"}
{"level":"info","message":{"body":"","method":"GET","params":{},"query":{},"url":"/api/company/getByRut/777777K"},"timestamp":"2023-11-24 14:16:53"}
{"controller":"company/getByRut","level":"info","message":"OK","timestamp":"2023-11-24 14:16:53"}
{"level":"info","message":{"body":"","method":"GET","params":{},"query":{},"url":"/api/company/getByRut/777777"},"timestamp":"2023-11-24 14:16:56"}
{"level":"info","message":{"body":"","method":"GET","params":{},"query":{},"url":"/api/company/getByRut/77777"},"timestamp":"2023-11-24 14:16:57"}
{"level":"info","message":{"body":"","method":"GET","params":{},"query":{},"url":"/api/company/getByRut/7777"},"timestamp":"2023-11-24 14:16:57"}
{"level":"info","message":{"body":"","method":"GET","params":{},"query":{},"url":"/api/company/getByRut/777"},"timestamp":"2023-11-24 14:16:58"}
{"level":"info","message":{"body":"","method":"GET","params":{},"query":{},"url":"/api/company/getByRut/777"},"timestamp":"2023-11-24 14:16:59"}
{"level":"info","message":{"body":"","method":"GET","params":{},"query":{},"url":"/api/product/getAll/"},"timestamp":"2023-11-24 14:17:02"}
{"controller":"product/getAll","level":"info","message":"OK","timestamp":"2023-11-24 14:17:02"}
{"level":"info","message":{"body":"","method":"GET","params":{},"query":{},"url":"/api/product/getAll/"},"timestamp":"2023-11-24 14:17:02"}
{"controller":"product/getAll","level":"info","message":"OK","timestamp":"2023-11-24 14:17:03"}
{"level":"info","message":{"body":"","method":"GET","params":{},"query":{},"url":"/api/product/getById/2ac7db30-2c19-451e-880f-8d53b5acbf85"},"timestamp":"2023-11-24 14:17:03"}
{"controller":"product/getById","level":"info","message":"OK","timestamp":"2023-11-24 14:17:03"}
{"level":"info","message":{"body":"","method":"GET","params":{},"query":{},"url":"/api/product/getById/2ac7db30-2c19-451e-880f-8d53b5acbf85"},"timestamp":"2023-11-24 14:17:03"}
{"controller":"product/getById","level":"info","message":"OK","timestamp":"2023-11-24 14:17:04"}
{"level":"info","message":{"body":"","method":"GET","params":{},"query":{},"url":"/api/product/getByCode/NaN"},"timestamp":"2023-11-24 14:17:07"}
{"level":"info","message":{"body":"","method":"GET","params":{},"query":{},"url":"/api/product/getByCode/1"},"timestamp":"2023-11-24 14:17:09"}
{"level":"info","message":{"body":"","method":"GET","params":{},"query":{},"url":"/api/product/getByCode/12"},"timestamp":"2023-11-24 14:17:10"}
{"level":"info","message":{"body":"","method":"GET","params":{},"query":{},"url":"/api/product/getByCode/122"},"timestamp":"2023-11-24 14:17:10"}
{"level":"info","message":{"body":"","method":"GET","params":{},"query":{},"url":"/api/product/getByCode/1223"},"timestamp":"2023-11-24 14:17:12"}
{"level":"info","message":{"body":"","method":"GET","params":{},"query":{},"url":"/api/product/getByCode/122"},"timestamp":"2023-11-24 14:17:13"}
{"level":"info","message":{"body":"","method":"GET","params":{},"query":{},"url":"/api/product/getByCode/12"},"timestamp":"2023-11-24 14:17:13"}
{"level":"info","message":{"body":"","method":"GET","params":{},"query":{},"url":"/api/product/getByCode/123"},"timestamp":"2023-11-24 14:17:14"}
{"controller":"product/getByCode","level":"info","message":"OK","timestamp":"2023-11-24 14:17:14"}
{"level":"info","message":{"body":"","method":"GET","params":{},"query":{},"url":"/api/product/getByCode/12"},"timestamp":"2023-11-24 14:17:16"}
{"level":"info","message":{"body":"","method":"GET","params":{},"query":{},"url":"/api/product/getByCode/1"},"timestamp":"2023-11-24 14:17:17"}
{"level":"info","message":{"body":"","method":"GET","params":{},"query":{},"url":"/api/product/getByCode/NaN"},"timestamp":"2023-11-24 14:17:17"}
{"level":"info","message":{"body":"","method":"GET","params":{},"query":{},"url":"/api/product/getByCode/NaN"},"timestamp":"2023-11-24 14:17:18"}
{"level":"info","message":{"body":"","method":"GET","params":{},"query":{},"url":"/api/product/getAll/"},"timestamp":"2023-11-24 14:17:20"}
{"controller":"product/getAll","level":"info","message":"OK","timestamp":"2023-11-24 14:17:21"}
{"level":"info","message":{"body":"","method":"GET","params":{},"query":{},"url":"/api/product/getAll/"},"timestamp":"2023-11-24 14:17:21"}
{"controller":"product/getAll","level":"info","message":"OK","timestamp":"2023-11-24 14:17:21"}
{"level":"info","message":{"body":"","method":"GET","params":{},"query":{},"url":"/api/product/getByCode/1"},"timestamp":"2023-11-24 14:17:23"}
{"level":"info","message":{"body":"","method":"GET","params":{},"query":{},"url":"/api/product/getByCode/12"},"timestamp":"2023-11-24 14:17:23"}
{"level":"info","message":{"body":"","method":"GET","params":{},"query":{},"url":"/api/product/getByCode/123"},"timestamp":"2023-11-24 14:17:23"}
{"controller":"product/getByCode","level":"info","message":"OK","timestamp":"2023-11-24 14:17:23"}
{"level":"info","message":{"body":"","method":"GET","params":{},"query":{},"url":"/api/product/getByCode/123"},"timestamp":"2023-11-24 14:17:25"}
{"controller":"product/getByCode","level":"info","message":"OK","timestamp":"2023-11-24 14:17:25"}
{"level":"info","message":{"body":"","method":"GET","params":{},"query":{},"url":"/api/product/getByCode/1232"},"timestamp":"2023-11-24 14:17:27"}
{"level":"info","message":{"body":"","method":"GET","params":{},"query":{},"url":"/api/product/getByCode/12323"},"timestamp":"2023-11-24 14:17:28"}
{"level":"info","message":{"body":"","method":"GET","params":{},"query":{},"url":"/api/product/getByCode/1232"},"timestamp":"2023-11-24 14:17:28"}
{"level":"info","message":{"body":"","method":"GET","params":{},"query":{},"url":"/api/product/getByCode/123"},"timestamp":"2023-11-24 14:17:29"}
{"controller":"product/getByCode","level":"info","message":"OK","timestamp":"2023-11-24 14:17:29"}
{"level":"info","message":{"body":"","method":"GET","params":{},"query":{},"url":"/api/product/getByCode/1232"},"timestamp":"2023-11-24 14:17:30"}
{"level":"info","message":{"body":"","method":"GET","params":{},"query":{},"url":"/api/product/getByCode/123"},"timestamp":"2023-11-24 14:17:30"}
{"controller":"product/getByCode","level":"info","message":"OK","timestamp":"2023-11-24 14:17:30"}
{"level":"info","message":{"body":"","method":"GET","params":{},"query":{},"url":"/api/product/getByCode/12"},"timestamp":"2023-11-24 14:17:31"}
{"level":"info","message":{"body":"","method":"GET","params":{},"query":{},"url":"/api/product/getByCode/1"},"timestamp":"2023-11-24 14:17:32"}
{"level":"info","message":{"body":"","method":"GET","params":{},"query":{},"url":"/api/product/getByCode/NaN"},"timestamp":"2023-11-24 14:17:32"}
{"level":"info","message":{"body":"","method":"GET","params":{},"query":{},"url":"/api/product/getByCode/NaN"},"timestamp":"2023-11-24 14:17:34"}
{"level":"info","message":{"body":"","method":"GET","params":{},"query":{},"url":"/api/user/getAll/"},"timestamp":"2023-11-24 14:17:35"}
{"controller":"user/getAll","level":"info","message":"OK","timestamp":"2023-11-24 14:17:35"}
{"level":"info","message":{"body":"","method":"GET","params":{},"query":{},"url":"/api/user/getAll/"},"timestamp":"2023-11-24 14:17:35"}
{"controller":"user/getAll","level":"info","message":"OK","timestamp":"2023-11-24 14:17:35"}
{"level":"info","message":{"body":"","method":"GET","params":{},"query":{},"url":"/api/user/getById/b17e3f93-a5f0-4350-a847-489292bbd0a7"},"timestamp":"2023-11-24 14:17:40"}
{"controller":"user/getById","level":"info","message":"OK","timestamp":"2023-11-24 14:17:40"}
{"level":"info","message":{"body":"","method":"GET","params":{},"query":{},"url":"/api/user/getById/b17e3f93-a5f0-4350-a847-489292bbd0a7"},"timestamp":"2023-11-24 14:17:40"}
{"controller":"user/getById","level":"info","message":"OK","timestamp":"2023-11-24 14:17:41"}
{"level":"info","message":{"body":"","method":"GET","params":{},"query":{},"url":"/api/user/getByRut/12883823"},"timestamp":"2023-11-24 14:17:44"}
{"controller":"user/getByRut","level":"info","message":"OK","timestamp":"2023-11-24 14:17:44"}
{"level":"info","message":{"body":"","method":"GET","params":{},"query":{},"url":"/api/user/getByRut/1288382"},"timestamp":"2023-11-24 14:17:47"}
{"level":"info","message":{"body":"","method":"GET","params":{},"query":{},"url":"/api/user/getByRut/W"},"timestamp":"2023-11-24 14:17:51"}
{"level":"info","message":{"body":"","method":"GET","params":{},"query":{},"url":"/api/user/getByRut/"},"timestamp":"2023-11-24 14:17:52"}
{"level":"info","message":{"body":"","method":"GET","params":{},"query":{},"url":"/api/user/getByRut/2"},"timestamp":"2023-11-24 14:17:53"}
{"level":"info","message":{"body":"","method":"GET","params":{},"query":{},"url":"/api/user/getByRut/20395011K"},"timestamp":"2023-11-24 14:17:54"}
{"controller":"user/getByRut","level":"info","message":"OK","timestamp":"2023-11-24 14:17:54"}
{"level":"info","message":{"body":"","method":"GET","params":{},"query":{},"url":"/api/user/getByRut/20395011K"},"timestamp":"2023-11-24 14:17:57"}
{"controller":"user/getByRut","level":"info","message":"OK","timestamp":"2023-11-24 14:17:57"}
{"level":"info","message":{"body":"","method":"GET","params":{},"query":{},"url":"/api/user/getByRut/20395011K"},"timestamp":"2023-11-24 14:18:31"}
{"controller":"user/getByRut","level":"info","message":"OK","timestamp":"2023-11-24 14:18:31"}
{"level":"info","message":{"body":"","method":"GET","params":{},"query":{},"url":"/api/user/getAll/"},"timestamp":"2023-11-24 14:18:35"}
{"controller":"user/getAll","level":"info","message":"OK","timestamp":"2023-11-24 14:18:35"}
{"level":"info","message":{"body":"","method":"GET","params":{},"query":{},"url":"/api/user/getAll/"},"timestamp":"2023-11-24 14:18:35"}
{"controller":"user/getAll","level":"info","message":"OK","timestamp":"2023-11-24 14:18:36"}
{"level":"info","message":{"body":"","method":"GET","params":{},"query":{},"url":"/api/user/getByRut/20395011K"},"timestamp":"2023-11-24 14:18:38"}
{"controller":"user/getByRut","level":"info","message":"OK","timestamp":"2023-11-24 14:18:38"}
{"level":"info","message":{"body":"","method":"GET","params":{},"query":{},"url":"/api/user/getByRut/20395011"},"timestamp":"2023-11-24 14:18:41"}
{"level":"info","message":{"body":"","method":"GET","params":{},"query":{},"url":"/api/user/getByRut/"},"timestamp":"2023-11-24 14:18:42"}
{"level":"info","message":{"body":"","method":"GET","params":{},"query":{},"url":"/api/customer/getAll/"},"timestamp":"2023-11-24 14:18:47"}
{"controller":"customer/getAll","level":"info","message":"OK","timestamp":"2023-11-24 14:18:47"}
{"level":"info","message":{"body":"","method":"GET","params":{},"query":{},"url":"/api/customer/getAll/"},"timestamp":"2023-11-24 14:18:47"}
{"controller":"customer/getAll","level":"info","message":"OK","timestamp":"2023-11-24 14:18:47"}
{"level":"info","message":{"body":"","method":"GET","params":{},"query":{},"url":"/api/customer/getById/578df720-b7d5-4d15-bace-2f13f96fbd30"},"timestamp":"2023-11-24 14:18:49"}
{"controller":"customer/getById","level":"info","message":"OK","timestamp":"2023-11-24 14:18:50"}
{"level":"info","message":{"body":"","method":"GET","params":{},"query":{},"url":"/api/customer/getById/578df720-b7d5-4d15-bace-2f13f96fbd30"},"timestamp":"2023-11-24 14:18:50"}
{"controller":"customer/getById","level":"info","message":"OK","timestamp":"2023-11-24 14:18:50"}
{"level":"info","message":{"body":"","method":"GET","params":{},"query":{},"url":"/api/customer/getAll/"},"timestamp":"2023-11-24 14:19:24"}
{"controller":"customer/getAll","level":"info","message":"OK","timestamp":"2023-11-24 14:19:24"}
{"level":"info","message":{"body":"","method":"GET","params":{},"query":{},"url":"/api/customer/getAll/"},"timestamp":"2023-11-24 14:19:24"}
{"controller":"customer/getAll","level":"info","message":"OK","timestamp":"2023-11-24 14:19:24"}
{"level":"info","message":{"body":"","method":"GET","params":{},"query":{},"url":"/api/customer/getById/578df720-b7d5-4d15-bace-2f13f96fbd30"},"timestamp":"2023-11-24 14:19:27"}
{"controller":"customer/getById","level":"info","message":"OK","timestamp":"2023-11-24 14:19:27"}
{"level":"info","message":{"body":"","method":"GET","params":{},"query":{},"url":"/api/customer/getById/578df720-b7d5-4d15-bace-2f13f96fbd30"},"timestamp":"2023-11-24 14:19:27"}
{"controller":"customer/getById","level":"info","message":"OK","timestamp":"2023-11-24 14:19:27"}
{"level":"info","message":{"body":"","method":"GET","params":{},"query":{},"url":"/api/person/getByRut/"},"timestamp":"2023-11-24 16:58:15"}
{"level":"info","message":{"body":"","method":"GET","params":{},"query":{},"url":"/api/person/getByRut/"},"timestamp":"2023-11-24 16:58:36"}
{"level":"info","message":{"body":"","method":"GET","params":{},"query":{},"url":"/api/person/getByRut/"},"timestamp":"2023-11-24 16:59:31"}
{"level":"info","message":{"body":"","method":"GET","params":{},"query":{},"url":"/api/person/getByRut/4gfd"},"timestamp":"2023-11-24 17:00:17"}
{"level":"info","message":{"body":"","method":"GET","params":{},"query":{},"url":"/api/person/getByRut/20395011k"},"timestamp":"2023-11-24 17:00:47"}
{"level":"info","message":{"body":"","method":"GET","params":{},"query":{},"url":"/api/person/getByRut/20395011"},"timestamp":"2023-11-24 17:01:02"}
{"level":"info","message":{"body":"","method":"GET","params":{},"query":{},"url":"/api/person/getByRut/20395011"},"timestamp":"2023-11-24 17:01:10"}
{"level":"info","message":{"body":"","method":"GET","params":{},"query":{},"url":"/api/person/getByRut/20395011k"},"timestamp":"2023-11-24 17:05:16"}
{"level":"info","message":{"body":"","method":"GET","params":{},"query":{},"url":"/api/person/getByRut/20.395.011-K"},"timestamp":"2023-11-24 17:05:46"}
{"level":"info","message":{"body":"","method":"GET","params":{},"query":{},"url":"/api/person/getByRut/20395011K"},"timestamp":"2023-11-24 17:10:12"}
{"level":"info","message":{"body":"","method":"GET","params":{},"query":{},"url":"/api/person/getByRut/20395011K"},"timestamp":"2023-11-24 17:10:14"}
{"level":"info","message":{"body":"","method":"GET","params":{},"query":{},"url":"/api/person/getByRut/20395011K"},"timestamp":"2023-11-24 17:10:16"}
{"level":"info","message":{"body":"","method":"GET","params":{},"query":{},"url":"/api/person/getByRut/20395011K2"},"timestamp":"2023-11-24 17:10:22"}
{"level":"info","message":{"body":"","method":"GET","params":{},"query":{},"url":"/api/person/getByRut/20395011K"},"timestamp":"2023-11-24 17:10:25"}
{"level":"info","message":{"body":"","method":"GET","params":{},"query":{},"url":"/api/person/getByRut/20395011k"},"timestamp":"2023-11-24 17:19:24"}
{"level":"info","message":{"body":{"address":"pje 372","district":"Peñalolen","email":"benja@gmail.com","id":"","maternalLastName":"Zuloaga","name":"Benjamin","paternalLastName":"Vasquez","phone":"123456789","rut":"20.395.011-K"},"method":"POST","params":"","query":"","url":"/api/person/upsert"},"timestamp":"2023-11-24 17:37:30"}
{"level":"info","message":{"body":"","method":"GET","params":{},"query":{},"url":"/api/person/getAll/"},"timestamp":"2023-11-24 17:37:30"}
{"controller":"person/getAll","level":"info","message":"OK","timestamp":"2023-11-24 17:37:31"}
{"level":"info","message":{"body":"","method":"GET","params":{},"query":{},"url":"/api/person/getAll/"},"timestamp":"2023-11-24 17:37:31"}
{"controller":"person/getAll","level":"info","message":"OK","timestamp":"2023-11-24 17:37:31"}
{"level":"info","message":{"body":"","method":"GET","params":{},"query":{},"url":"/api/person/getById/56e10853-0c80-47be-a35b-368a0fb37522"},"timestamp":"2023-11-24 17:37:54"}
{"controller":"person/getById","level":"info","message":"OK","timestamp":"2023-11-24 17:37:55"}
{"level":"info","message":{"body":"","method":"GET","params":{},"query":{},"url":"/api/person/getById/56e10853-0c80-47be-a35b-368a0fb37522"},"timestamp":"2023-11-24 17:37:55"}
{"controller":"person/getById","level":"info","message":"OK","timestamp":"2023-11-24 17:37:55"}
{"level":"info","message":{"body":"","method":"GET","params":{},"query":{},"url":"/api/person/getByRut/20395011K"},"timestamp":"2023-11-24 17:38:02"}
{"level":"info","message":{"body":"","method":"GET","params":{},"query":{},"url":"/api/person/getByRut/20395011K"},"timestamp":"2023-11-24 17:38:06"}
{"level":"info","message":{"body":"","method":"GET","params":{},"query":{},"url":"/api/person/getByRut/20395011K"},"timestamp":"2023-11-24 17:38:08"}
{"level":"info","message":{"body":"","method":"GET","params":{},"query":{},"url":"/api/person/getByRut/20395011K"},"timestamp":"2023-11-24 17:38:11"}
{"level":"info","message":{"body":"","method":"GET","params":{},"query":{},"url":"/api/person/getByRut/20395011K"},"timestamp":"2023-11-24 17:46:49"}
