{"level":"info","message":{"body":"","method":"GET","params":{},"query":{},"url":"/api/company/getAll/"},"timestamp":"2023-11-27 20:42:38"}
{"controller":"company/getAll","level":"info","message":"OK","timestamp":"2023-11-27 20:42:38"}
{"level":"info","message":{"body":"","method":"GET","params":{},"query":{},"url":"/api/company/getAll/"},"timestamp":"2023-11-27 20:42:38"}
{"controller":"company/getAll","level":"info","message":"OK","timestamp":"2023-11-27 20:42:39"}
{"level":"info","message":{"body":"","method":"GET","params":{},"query":{},"url":"/api/person/getAll/"},"timestamp":"2023-11-27 20:52:17"}
{"controller":"person/getAll","level":"info","message":"OK","timestamp":"2023-11-27 20:52:18"}
{"level":"info","message":{"body":"","method":"GET","params":{},"query":{},"url":"/api/person/getAll/"},"timestamp":"2023-11-27 20:52:18"}
{"controller":"person/getAll","level":"info","message":"OK","timestamp":"2023-11-27 20:52:18"}
{"level":"info","message":{"body":"","method":"GET","params":{},"query":{},"url":"/api/company/getAll/"},"timestamp":"2023-11-27 20:54:01"}
{"controller":"company/getAll","level":"info","message":"OK","timestamp":"2023-11-27 20:54:02"}
{"level":"info","message":{"body":"","method":"GET","params":{},"query":{},"url":"/api/company/getAll/"},"timestamp":"2023-11-27 20:54:02"}
{"controller":"company/getAll","level":"info","message":"OK","timestamp":"2023-11-27 20:54:02"}
{"level":"info","message":{"body":"","method":"GET","params":{},"query":{},"url":"/api/company/getAll/"},"timestamp":"2023-11-28 01:39:23"}
{"controller":"company/getAll","level":"info","message":"OK","timestamp":"2023-11-28 01:39:24"}
{"level":"info","message":{"body":"","method":"GET","params":{},"query":{},"url":"/api/company/getAll/"},"timestamp":"2023-11-28 01:39:24"}
{"controller":"company/getAll","level":"info","message":"OK","timestamp":"2023-11-28 01:39:24"}
{"level":"info","message":{"body":"","method":"GET","params":{},"query":{},"url":"/api/user/getAll/"},"timestamp":"2023-11-28 01:53:08"}
{"controller":"user/getAll","level":"info","message":"OK","timestamp":"2023-11-28 01:53:09"}
{"level":"info","message":{"body":"","method":"GET","params":{},"query":{},"url":"/api/user/getAll/"},"timestamp":"2023-11-28 01:53:09"}
{"controller":"user/getAll","level":"info","message":"OK","timestamp":"2023-11-28 01:53:09"}
{"level":"info","message":{"body":"","method":"GET","params":{},"query":{},"url":"/api/customer/getAll/"},"timestamp":"2023-11-28 01:53:24"}
{"controller":"customer/getAll","level":"info","message":"OK","timestamp":"2023-11-28 01:53:25"}
{"level":"info","message":{"body":"","method":"GET","params":{},"query":{},"url":"/api/customer/getAll/"},"timestamp":"2023-11-28 01:53:25"}
{"controller":"customer/getAll","level":"info","message":"OK","timestamp":"2023-11-28 01:53:25"}
{"level":"info","message":{"body":"","method":"GET","params":{},"query":{},"url":"/api/product/getAll/"},"timestamp":"2023-11-28 01:53:29"}
{"controller":"product/getAll","level":"info","message":"OK","timestamp":"2023-11-28 01:53:29"}
{"level":"info","message":{"body":"","method":"GET","params":{},"query":{},"url":"/api/product/getAll/"},"timestamp":"2023-11-28 01:53:29"}
{"controller":"product/getAll","level":"info","message":"OK","timestamp":"2023-11-28 01:53:29"}
{"level":"info","message":{"body":"","method":"GET","params":{},"query":{},"url":"/api/product/getById/2ac7db30-2c19-451e-880f-8d53b5acbf85"},"timestamp":"2023-11-28 01:59:22"}
{"controller":"product/getById","level":"info","message":"OK","timestamp":"2023-11-28 01:59:23"}
{"level":"info","message":{"body":"","method":"GET","params":{},"query":{},"url":"/api/product/getById/2ac7db30-2c19-451e-880f-8d53b5acbf85"},"timestamp":"2023-11-28 01:59:23"}
{"controller":"product/getById","level":"info","message":"OK","timestamp":"2023-11-28 01:59:23"}
{"level":"info","message":{"body":"","method":"GET","params":{},"query":{},"url":"/api/product/getByCode/123"},"timestamp":"2023-11-28 01:59:31"}
{"controller":"product/getByCode","level":"info","message":"OK","timestamp":"2023-11-28 01:59:31"}
{"level":"info","message":{"body":"","method":"GET","params":{},"query":{},"url":"/api/product/getByCode/12"},"timestamp":"2023-11-28 01:59:31"}
{"level":"info","message":{"body":"","method":"GET","params":{},"query":{},"url":"/api/product/getByCode/1"},"timestamp":"2023-11-28 01:59:31"}
{"level":"info","message":{"body":"","method":"GET","params":{},"query":{},"url":"/api/product/getByCode/NaN"},"timestamp":"2023-11-28 01:59:31"}
{"level":"info","message":{"body":"","method":"GET","params":{},"query":{},"url":"/api/product/getByCode/1"},"timestamp":"2023-11-28 01:59:33"}
{"level":"info","message":{"body":"","method":"GET","params":{},"query":{},"url":"/api/product/getByCode/12"},"timestamp":"2023-11-28 01:59:33"}
{"level":"info","message":{"body":"","method":"GET","params":{},"query":{},"url":"/api/product/getByCode/122"},"timestamp":"2023-11-28 01:59:33"}
{"level":"info","message":{"body":"","method":"GET","params":{},"query":{},"url":"/api/product/getByCode/1223"},"timestamp":"2023-11-28 01:59:35"}
{"level":"info","message":{"body":"","method":"GET","params":{},"query":{},"url":"/api/product/getByCode/122"},"timestamp":"2023-11-28 01:59:37"}
{"level":"info","message":{"body":"","method":"GET","params":{},"query":{},"url":"/api/product/getByCode/12"},"timestamp":"2023-11-28 01:59:38"}
{"level":"info","message":{"body":"","method":"GET","params":{},"query":{},"url":"/api/product/getByCode/123"},"timestamp":"2023-11-28 01:59:38"}
{"controller":"product/getByCode","level":"info","message":"OK","timestamp":"2023-11-28 01:59:39"}
{"level":"info","message":{"body":"","method":"GET","params":{},"query":{},"url":"/api/product/getByCode/12"},"timestamp":"2023-11-28 01:59:46"}
{"level":"info","message":{"body":"","method":"GET","params":{},"query":{},"url":"/api/product/getByCode/1"},"timestamp":"2023-11-28 01:59:46"}
{"level":"info","message":{"body":"","method":"GET","params":{},"query":{},"url":"/api/product/getByCode/NaN"},"timestamp":"2023-11-28 01:59:46"}
{"level":"info","message":{"body":"","method":"GET","params":{},"query":{},"url":"/api/product/getByCode/1"},"timestamp":"2023-11-28 01:59:49"}
{"level":"info","message":{"body":"","method":"GET","params":{},"query":{},"url":"/api/product/getByCode/12"},"timestamp":"2023-11-28 01:59:49"}
{"level":"info","message":{"body":"","method":"GET","params":{},"query":{},"url":"/api/product/getByCode/1"},"timestamp":"2023-11-28 01:59:50"}
{"level":"info","message":{"body":"","method":"GET","params":{},"query":{},"url":"/api/product/getByCode/NaN"},"timestamp":"2023-11-28 01:59:50"}
{"level":"info","message":{"body":"","method":"GET","params":{},"query":{},"url":"/api/product/getByCode/NaN"},"timestamp":"2023-11-28 01:59:53"}
{"level":"info","message":{"body":"","method":"GET","params":{},"query":{},"url":"/api/product/getById/2ac7db30-2c19-451e-880f-8d53b5acbf85"},"timestamp":"2023-11-28 02:03:51"}
{"controller":"product/getById","level":"info","message":"OK","timestamp":"2023-11-28 02:03:52"}
{"level":"info","message":{"body":"","method":"GET","params":{},"query":{},"url":"/api/product/getById/2ac7db30-2c19-451e-880f-8d53b5acbf85"},"timestamp":"2023-11-28 02:03:52"}
{"controller":"product/getById","level":"info","message":"OK","timestamp":"2023-11-28 02:03:52"}
{"level":"info","message":{"body":{"code":"1233","id":"","name":"Control","price":7500},"method":"POST","params":"","query":"","url":"/api/product/upsert"},"timestamp":"2023-11-28 02:08:57"}
{"level":"info","message":{"body":"","method":"GET","params":{},"query":{},"url":"/api/product/getAll/"},"timestamp":"2023-11-28 02:09:06"}
{"controller":"product/getAll","level":"info","message":"OK","timestamp":"2023-11-28 02:09:06"}
{"level":"info","message":{"body":"","method":"GET","params":{},"query":{},"url":"/api/product/getAll/"},"timestamp":"2023-11-28 02:09:06"}
{"controller":"product/getAll","level":"info","message":"OK","timestamp":"2023-11-28 02:09:06"}
{"level":"info","message":{"body":"","method":"GET","params":{},"query":{},"url":"/api/product/getAll/"},"timestamp":"2023-11-28 02:09:21"}
{"controller":"product/getAll","level":"info","message":"OK","timestamp":"2023-11-28 02:09:22"}
{"level":"info","message":{"body":"","method":"GET","params":{},"query":{},"url":"/api/product/getAll/"},"timestamp":"2023-11-28 02:09:22"}
{"controller":"product/getAll","level":"info","message":"OK","timestamp":"2023-11-28 02:09:22"}
{"level":"info","message":{"body":"","method":"GET","params":{},"query":{},"url":"/api/product/getAll/"},"timestamp":"2023-11-28 02:09:33"}
{"controller":"product/getAll","level":"info","message":"OK","timestamp":"2023-11-28 02:09:34"}
{"level":"info","message":{"body":"","method":"GET","params":{},"query":{},"url":"/api/product/getAll/"},"timestamp":"2023-11-28 02:09:34"}
{"controller":"product/getAll","level":"info","message":"OK","timestamp":"2023-11-28 02:09:34"}
{"level":"info","message":{"body":"","method":"GET","params":{},"query":{},"url":"/api/product/getAll/"},"timestamp":"2023-11-28 02:14:57"}
{"controller":"product/getAll","level":"info","message":"OK","timestamp":"2023-11-28 02:14:58"}
{"level":"info","message":{"body":"","method":"GET","params":{},"query":{},"url":"/api/product/getAll/"},"timestamp":"2023-11-28 02:14:58"}
{"controller":"product/getAll","level":"info","message":"OK","timestamp":"2023-11-28 02:14:58"}
{"level":"info","message":{"body":"","method":"GET","params":{},"query":{},"url":"/api/product/getAll/"},"timestamp":"2023-11-28 02:15:02"}
{"controller":"product/getAll","level":"info","message":"OK","timestamp":"2023-11-28 02:15:02"}
{"level":"info","message":{"body":"","method":"GET","params":{},"query":{},"url":"/api/product/getAll/"},"timestamp":"2023-11-28 02:15:02"}
{"controller":"product/getAll","level":"info","message":"OK","timestamp":"2023-11-28 02:15:02"}
{"level":"info","message":{"body":"","method":"GET","params":{},"query":{},"url":"/api/product/getById/2ac7db30-2c19-451e-880f-8d53b5acbf85"},"timestamp":"2023-11-28 02:15:52"}
{"controller":"product/getById","level":"info","message":"OK","timestamp":"2023-11-28 02:15:52"}
{"level":"info","message":{"body":"","method":"GET","params":{},"query":{},"url":"/api/product/getById/2ac7db30-2c19-451e-880f-8d53b5acbf85"},"timestamp":"2023-11-28 02:15:52"}
{"controller":"product/getById","level":"info","message":"OK","timestamp":"2023-11-28 02:15:52"}
{"level":"info","message":{"body":"","method":"GET","params":{},"query":{},"url":"/api/user/getAll/"},"timestamp":"2023-11-28 02:33:01"}
{"controller":"user/getAll","level":"info","message":"OK","timestamp":"2023-11-28 02:33:02"}
{"level":"info","message":{"body":"","method":"GET","params":{},"query":{},"url":"/api/user/getAll/"},"timestamp":"2023-11-28 02:33:02"}
{"controller":"user/getAll","level":"info","message":"OK","timestamp":"2023-11-28 02:33:02"}
{"level":"info","message":{"body":"","method":"GET","params":{},"query":{},"url":"/api/user/getAll/"},"timestamp":"2023-11-28 02:33:11"}
{"controller":"user/getAll","level":"info","message":"OK","timestamp":"2023-11-28 02:33:11"}
{"level":"info","message":{"body":"","method":"GET","params":{},"query":{},"url":"/api/user/getAll/"},"timestamp":"2023-11-28 02:33:11"}
{"controller":"user/getAll","level":"info","message":"OK","timestamp":"2023-11-28 02:33:11"}
{"level":"info","message":{"body":"","method":"GET","params":{},"query":{},"url":"/api/user/getAll/"},"timestamp":"2023-11-28 02:34:12"}
{"controller":"user/getAll","level":"info","message":"OK","timestamp":"2023-11-28 02:34:13"}
{"level":"info","message":{"body":"","method":"GET","params":{},"query":{},"url":"/api/user/getAll/"},"timestamp":"2023-11-28 02:34:13"}
{"controller":"user/getAll","level":"info","message":"OK","timestamp":"2023-11-28 02:34:13"}
{"level":"info","message":{"body":"","method":"GET","params":{},"query":{},"url":"/api/customer/getAll/"},"timestamp":"2023-11-28 02:52:48"}
{"controller":"customer/getAll","level":"info","message":"OK","timestamp":"2023-11-28 02:52:48"}
{"level":"info","message":{"body":"","method":"GET","params":{},"query":{},"url":"/api/customer/getAll/"},"timestamp":"2023-11-28 02:52:48"}
{"controller":"customer/getAll","level":"info","message":"OK","timestamp":"2023-11-28 02:52:48"}
{"level":"info","message":{"body":"","method":"GET","params":{},"query":{},"url":"/api/customer/getAll/"},"timestamp":"2023-11-28 02:57:35"}
{"controller":"customer/getAll","level":"info","message":"OK","timestamp":"2023-11-28 02:57:36"}
{"level":"info","message":{"body":"","method":"GET","params":{},"query":{},"url":"/api/customer/getAll/"},"timestamp":"2023-11-28 02:59:28"}
{"controller":"customer/getAll","level":"info","message":"OK","timestamp":"2023-11-28 02:59:29"}
{"level":"info","message":{"body":"","method":"GET","params":{},"query":{},"url":"/api/customer/getAll/"},"timestamp":"2023-11-28 02:59:29"}
{"controller":"customer/getAll","level":"info","message":"OK","timestamp":"2023-11-28 02:59:29"}
{"level":"info","message":{"body":"","method":"GET","params":{},"query":{},"url":"/api/customer/getById/5805cd04-4b52-4427-8ecb-dae0344d741e"},"timestamp":"2023-11-28 03:11:02"}
{"controller":"customer/getById","level":"info","message":"OK","timestamp":"2023-11-28 03:11:03"}
{"level":"info","message":{"body":"","method":"GET","params":{},"query":{},"url":"/api/customer/getById/5805cd04-4b52-4427-8ecb-dae0344d741e"},"timestamp":"2023-11-28 03:11:03"}
{"controller":"customer/getById","level":"info","message":"OK","timestamp":"2023-11-28 03:11:03"}
{"level":"info","message":{"body":"","method":"GET","params":{},"query":{},"url":"/api/customer/getAll/"},"timestamp":"2023-11-28 03:14:17"}
{"controller":"customer/getAll","level":"info","message":"OK","timestamp":"2023-11-28 03:14:18"}
{"level":"info","message":{"body":"","method":"GET","params":{},"query":{},"url":"/api/customer/getAll/"},"timestamp":"2023-11-28 03:14:18"}
{"controller":"customer/getAll","level":"info","message":"OK","timestamp":"2023-11-28 03:14:18"}
{"level":"info","message":{"body":"","method":"GET","params":{},"query":{},"url":"/api/user/getByRut/20.395.011-K"},"timestamp":"2023-11-28 03:19:27"}
{"level":"info","message":{"body":"","method":"GET","params":{},"query":{},"url":"/api/user/getByRut/2.039.501-1"},"timestamp":"2023-11-28 03:19:30"}
{"level":"info","message":{"body":"","method":"GET","params":{},"query":{},"url":"/api/user/getByRut/20.395.011-K"},"timestamp":"2023-11-28 03:19:32"}
{"level":"info","message":{"body":"","method":"GET","params":{},"query":{},"url":"/api/user/getByRut/2.039.501-1"},"timestamp":"2023-11-28 03:19:36"}
{"level":"info","message":{"body":"","method":"GET","params":{},"query":{},"url":"/api/user/getByRut/2039501"},"timestamp":"2023-11-28 03:19:37"}
{"level":"info","message":{"body":"","method":"GET","params":{},"query":{},"url":"/api/user/getByRut/203950"},"timestamp":"2023-11-28 03:19:37"}
{"level":"info","message":{"body":"","method":"GET","params":{},"query":{},"url":"/api/user/getByRut/20395"},"timestamp":"2023-11-28 03:19:37"}
{"level":"info","message":{"body":"","method":"GET","params":{},"query":{},"url":"/api/user/getByRut/2039"},"timestamp":"2023-11-28 03:19:38"}
{"level":"info","message":{"body":"","method":"GET","params":{},"query":{},"url":"/api/user/getByRut/203"},"timestamp":"2023-11-28 03:19:38"}
{"level":"info","message":{"body":"","method":"GET","params":{},"query":{},"url":"/api/user/getByRut/20"},"timestamp":"2023-11-28 03:19:38"}
{"level":"info","message":{"body":"","method":"GET","params":{},"query":{},"url":"/api/user/getByRut/2"},"timestamp":"2023-11-28 03:19:38"}
{"level":"info","message":{"body":"","method":"GET","params":{},"query":{},"url":"/api/user/getByRut/"},"timestamp":"2023-11-28 03:19:38"}
{"level":"info","message":{"body":"","method":"GET","params":{},"query":{},"url":"/api/user/getByRut/"},"timestamp":"2023-11-28 03:19:40"}
{"level":"info","message":{"body":"","method":"GET","params":{},"query":{},"url":"/api/user/getByRut/U"},"timestamp":"2023-11-28 03:19:45"}
{"level":"info","message":{"body":"","method":"GET","params":{},"query":{},"url":"/api/user/getByRut/UH"},"timestamp":"2023-11-28 03:19:45"}
{"level":"info","message":{"body":"","method":"GET","params":{},"query":{},"url":"/api/user/getByRut/U"},"timestamp":"2023-11-28 03:19:46"}
{"level":"info","message":{"body":"","method":"GET","params":{},"query":{},"url":"/api/user/getByRut/"},"timestamp":"2023-11-28 03:19:47"}
{"level":"info","message":{"body":"","method":"GET","params":{},"query":{},"url":"/api/user/getByRut/"},"timestamp":"2023-11-28 03:19:47"}
{"level":"info","message":{"body":"","method":"GET","params":{},"query":{},"url":"/api/user/getAll/"},"timestamp":"2023-11-28 03:19:58"}
{"controller":"user/getAll","level":"info","message":"OK","timestamp":"2023-11-28 03:19:59"}
{"level":"info","message":{"body":"","method":"GET","params":{},"query":{},"url":"/api/user/getAll/"},"timestamp":"2023-11-28 03:19:59"}
{"controller":"user/getAll","level":"info","message":"OK","timestamp":"2023-11-28 03:19:59"}
