{"level":"info","message":{"body":{"address":"Casa 22222","district":"Peñalolen","email":"benja.vasquez017@gmail.com","maternalLastName":"Zuloaga","name":"Benjamin","paternalLastName":"Vasquez","phone":"555555","rut":"20395011k"},"method":"POST","params":"","query":"","url":"/api/user/upsert/"},"timestamp":"2023-10-16 19:41:23"}
{"level":"error","message":{"controller":"person/upsert","error":null},"timestamp":"2023-10-16 19:41:23"}
{"level":"info","message":{"body":{"address":"Casa 22222","district":"Peñalolen","email":"benja.vasquez017@gmail.com","maternalLastName":"Zuloaga","name":"Benjamin","paternalLastName":"Vasquez","phone":"555555","rut":"20395011k"},"method":"POST","params":"","query":"","url":"/api/user/upsert/"},"timestamp":"2023-10-16 19:44:19"}
{"level":"error","message":{"controller":"person/upsert","error":null},"timestamp":"2023-10-16 19:44:20"}
{"level":"info","message":{"body":{"address":"Casa 22222","district":"Peñalolen","email":"benja.vasquez017@gmail.com","maternalLastName":"Zuloaga","name":"Benjamin","paternalLastName":"Vasquez","phone":"555555","rut":"203950"},"method":"POST","params":"","query":"","url":"/api/user/upsert/"},"timestamp":"2023-10-16 19:45:14"}
{"level":"info","message":{"body":{"address":"pje 372","district":"peñalolen","email":"ignacio@gmail.com","maternalLastName":"Zuloaga","name":"Ignacio","paternalLastName":"Vasquez000","phone":"11223344","rut":"22332211"},"method":"POST","params":"","query":"","url":"/api/person/upsert"},"timestamp":"2023-10-16 19:46:14"}
{"level":"error","message":{"controller":"person/upsert","error":null},"timestamp":"2023-10-16 19:46:15"}
{"level":"info","message":{"body":{"address":"pje 372","district":"peñalolen","email":"ignacio@gmail.com","maternalLastName":"Zuloaga","name":"Ignacio","paternalLastName":"Vasquez000","phone":"11223344","rut":"2233221100"},"method":"POST","params":"","query":"","url":"/api/person/upsert"},"timestamp":"2023-10-16 19:46:23"}
{"level":"info","message":{"body":{"address":"pje 372","district":"peñalolen","email":"ignacio@gmail.com","maternalLastName":"Zuloaga","name":"Ignacio","paternalLastName":"Vasquez000","phone":"11223344","rut":"2233221100"},"method":"POST","params":"","query":"","url":"/api/person/upsert"},"timestamp":"2023-10-16 20:34:32"}
{"level":"info","message":{"body":{"address":"pje 372","district":"peñalolen","email":"ignacio@gmail.com","maternalLastName":"Zuloaga","name":"Ignacio","paternalLastName":"Vasquez000","phone":"11223344","rut":"2233221100"},"method":"POST","params":"","query":"","url":"/api/person/upsert"},"timestamp":"2023-10-16 20:34:43"}
{"level":"info","message":{"body":{"address":"pje 372","district":"peñalolen","email":"ignacio@gmail.com","maternalLastName":"Zuloaga","name":"Ignacio","paternalLastName":"Vasquez000","phone":"11223344","rut":"22332211"},"method":"POST","params":"","query":"","url":"/api/person/upsert"},"timestamp":"2023-10-16 20:34:47"}
{"level":"info","message":{"body":{"address":"pje 372","district":"peñalolen","email":"ignacio@gmail.com","maternalLastName":"Zuloaga","name":"Ignacio","paternalLastName":"Vasquez000","phone":"11223344","rut":"22332211"},"method":"POST","params":"","query":"","url":"/api/person/upsert"},"timestamp":"2023-10-16 20:52:05"}
{"level":"info","message":{"body":{"address":"Casa 22222","district":"Peñalolen","email":"benja.vasquez017@gmail.com","maternalLastName":"Zuloaga","name":"Benjamin","paternalLastName":"Vasquez","phone":"555555","rut":"203950"},"method":"POST","params":"","query":"","url":"/api/user/upsert/"},"timestamp":"2023-10-16 20:53:09"}
{"level":"info","message":{"body":{"address":"Casa 22222","district":"Peñalolen","email":"benja.vasquez017@gmail.com","maternalLastName":"Zuloaga","name":"Benjamin","paternalLastName":"Vasquez","phone":"555555","rut":"203950"},"method":"POST","params":"","query":"","url":"/api/user/upsert/"},"timestamp":"2023-10-16 23:11:11"}
{"level":"info","message":{"body":{"address":"Casa 22222","district":"Peñalolen","email":"benja55666@gmail.com","maternalLastName":"Zuloaga","name":"Benjamin","paternalLastName":"Vasquez","phone":"555555","rut":"556666"},"method":"POST","params":"","query":"","url":"/api/user/upsert/"},"timestamp":"2023-10-16 23:14:26"}
{"controller":"user/upsert","level":"info","message":"OK","timestamp":"2023-10-16 23:14:27"}
{"level":"info","message":{"body":{"address":"Casa 22222","district":"Peñalolen","email":"benja55666@gmail.com","maternalLastName":"Zuloaga","name":"Benjamin","paternalLastName":"Vasquez","phone":"555555","rut":"556666"},"method":"POST","params":"","query":"","url":"/api/user/upsert/"},"timestamp":"2023-10-16 23:15:11"}
{"controller":"user/upsert","level":"info","message":"OK","timestamp":"2023-10-16 23:15:12"}
{"level":"info","message":{"body":{"address":"Casa 22222","district":"Peñalolen","email":"benja55@gmail.com","maternalLastName":"Zuloaga","name":"Benjamin","paternalLastName":"Vasquez","phone":"555555","rut":"556666"},"method":"POST","params":"","query":"","url":"/api/user/upsert/"},"timestamp":"2023-10-16 23:15:43"}
{"controller":"user/upsert","level":"info","message":"OK","timestamp":"2023-10-16 23:15:45"}
{"level":"info","message":{"body":{"address":"Casa 22222","district":"Peñalolen","email":"benja55@gmail.com","maternalLastName":"Zuloaga","name":"Benjamin","paternalLastName":"Vasquez","phone":"555555","rut":"556666"},"method":"POST","params":"","query":"","url":"/api/user/upsert/"},"timestamp":"2023-10-16 23:30:24"}
{"controller":"user/upsert","level":"info","message":"OK","timestamp":"2023-10-16 23:30:25"}
{"level":"info","message":{"body":{"address":"Casa 22222","district":"Peñalolen","email":"benja55@gmail.com","maternalLastName":"Zuloaga","name":"Benjamin","paternalLastName":"Vasquez","phone":"555555","rut":"556666"},"method":"POST","params":"","query":"","url":"/api/user/upsert/"},"timestamp":"2023-10-16 23:30:28"}
{"controller":"user/upsert","level":"info","message":"OK","timestamp":"2023-10-16 23:30:29"}
{"level":"info","message":{"body":{"address":"Casa 22222","district":"Peñalolen","email":"benja226@gmail.com","maternalLastName":"Zuloaga","name":"Benjamin","paternalLastName":"Vasquez","phone":"555555","rut":"000"},"method":"POST","params":"","query":"","url":"/api/user/upsert/"},"timestamp":"2023-10-16 23:30:50"}
{"controller":"user/upsert","level":"info","message":"OK","timestamp":"2023-10-16 23:30:51"}
