{"level":"info","message":{"body":{"login":"benja123@gmail.com","password":"1234"},"method":"POST","params":"","query":"","url":"/api/user/validate"},"timestamp":"2023-11-26 17:33:15"}
{"level":"info","message":{"body":{"login":"benja123@gmail.com","password":"1234"},"method":"POST","params":"","query":"","url":"/api/user/validate"},"timestamp":"2023-11-26 17:33:19"}
{"level":"info","message":{"body":{"login":"benja123@gmail.com","password":"1234"},"method":"POST","params":"","query":"","url":"/api/user/validate"},"timestamp":"2023-11-26 17:33:28"}
{"level":"info","message":{"body":{"login":"benja123@gmail.com","password":"1234"},"method":"POST","params":"","query":"","url":"/api/user/validate"},"timestamp":"2023-11-26 17:33:29"}
{"level":"info","message":{"body":"","method":"GET","params":{},"query":{},"url":"/api/person/getAll/"},"timestamp":"2023-11-26 17:35:50"}
{"controller":"person/getAll","level":"info","message":"OK","timestamp":"2023-11-26 17:35:50"}
{"level":"info","message":{"body":"","method":"GET","params":{},"query":{},"url":"/api/person/getAll/"},"timestamp":"2023-11-26 17:35:50"}
{"controller":"person/getAll","level":"info","message":"OK","timestamp":"2023-11-26 17:35:50"}
{"level":"info","message":{"body":"","method":"GET","params":{},"query":{},"url":"/api/person/getById/0c2755cc-78da-4fdc-8610-6e66bae56337"},"timestamp":"2023-11-26 17:36:05"}
{"controller":"person/getById","level":"info","message":"OK","timestamp":"2023-11-26 17:36:06"}
{"level":"info","message":{"body":"","method":"GET","params":{},"query":{},"url":"/api/person/getById/0c2755cc-78da-4fdc-8610-6e66bae56337"},"timestamp":"2023-11-26 17:36:06"}
{"controller":"person/getById","level":"info","message":"OK","timestamp":"2023-11-26 17:36:06"}
{"level":"info","message":{"body":"","method":"GET","params":{},"query":{},"url":"/api/person/getById/0c2755cc-78da-4fdc-8610-6e66bae56337"},"timestamp":"2023-11-26 17:36:51"}
{"controller":"person/getById","level":"info","message":"OK","timestamp":"2023-11-26 17:36:52"}
{"level":"info","message":{"body":"","method":"GET","params":{},"query":{},"url":"/api/person/getById/0c2755cc-78da-4fdc-8610-6e66bae56337"},"timestamp":"2023-11-26 17:36:52"}
{"controller":"person/getById","level":"info","message":"OK","timestamp":"2023-11-26 17:36:52"}
{"level":"info","message":{"body":"","method":"GET","params":{},"query":{},"url":"/api/person/getAll/"},"timestamp":"2023-11-26 17:36:57"}
{"controller":"person/getAll","level":"info","message":"OK","timestamp":"2023-11-26 17:36:57"}
{"level":"info","message":{"body":"","method":"GET","params":{},"query":{},"url":"/api/person/getAll/"},"timestamp":"2023-11-26 17:36:57"}
{"controller":"person/getAll","level":"info","message":"OK","timestamp":"2023-11-26 17:36:58"}
{"level":"info","message":{"body":"","method":"GET","params":{},"query":{},"url":"/api/person/getByRut/"},"timestamp":"2023-11-26 17:37:18"}
{"level":"info","message":{"body":"","method":"GET","params":{},"query":{},"url":"/api/person/getByRut/20395011K"},"timestamp":"2023-11-26 17:37:24"}
{"level":"info","message":{"body":"","method":"GET","params":{},"query":{},"url":"/api/person/getByRut/20395011K"},"timestamp":"2023-11-26 17:37:36"}
{"level":"info","message":{"body":"","method":"GET","params":{},"query":{},"url":"/api/person/getByRut/20395011K"},"timestamp":"2023-11-26 17:37:42"}
{"level":"info","message":{"body":"","method":"GET","params":{},"query":{},"url":"/api/person/getByRut/20395011K"},"timestamp":"2023-11-26 17:55:00"}
{"level":"info","message":{"body":"","method":"GET","params":{},"query":{},"url":"/api/person/getByRut/20395011K"},"timestamp":"2023-11-26 17:55:05"}
{"level":"info","message":{"body":"","method":"GET","params":{},"query":{},"url":"/api/person/getByRut/20395011-K"},"timestamp":"2023-11-26 17:55:11"}
{"level":"info","message":{"body":"","method":"GET","params":{},"query":{},"url":"/api/person/getByRut/20395011K"},"timestamp":"2023-11-26 17:55:19"}
{"level":"info","message":{"body":"","method":"GET","params":{},"query":{},"url":"/api/person/getByRut/20395011K"},"timestamp":"2023-11-26 17:55:27"}
{"level":"info","message":{"body":"","method":"GET","params":{},"query":{},"url":"/api/person/getByRut/20.395.011-K"},"timestamp":"2023-11-26 17:56:42"}
{"controller":"person/getByRut","level":"info","message":"OK","timestamp":"2023-11-26 17:56:43"}
{"level":"info","message":{"body":"","method":"GET","params":{},"query":{},"url":"/api/person/getByRut/20.395.011-K"},"timestamp":"2023-11-26 17:57:03"}
{"controller":"person/getByRut","level":"info","message":"OK","timestamp":"2023-11-26 17:57:03"}
{"level":"info","message":{"body":{"address":"pje 372","district":"peñalolen","email":"benja@gmail.com","id":"","maternalLastName":"Zuloaga","name":"Benjamin","paternalLastName":"Vasquez","phone":"12345678","rut":"20.395.011-K"},"method":"POST","params":"","query":"","url":"/api/person/upsert"},"timestamp":"2023-11-26 17:57:09"}
{"level":"info","message":{"body":"","method":"GET","params":{},"query":{},"url":"/api/person/getAll/"},"timestamp":"2023-11-26 17:57:10"}
{"controller":"person/getAll","level":"info","message":"OK","timestamp":"2023-11-26 17:57:10"}
{"level":"info","message":{"body":"","method":"GET","params":{},"query":{},"url":"/api/person/getAll/"},"timestamp":"2023-11-26 17:57:10"}
{"controller":"person/getAll","level":"info","message":"OK","timestamp":"2023-11-26 17:57:10"}
{"level":"info","message":{"body":"","method":"GET","params":{},"query":{},"url":"/api/person/getById/abf980fe-fb4a-4dab-970d-097c3addafac"},"timestamp":"2023-11-26 17:57:23"}
{"controller":"person/getById","level":"info","message":"OK","timestamp":"2023-11-26 17:57:23"}
{"level":"info","message":{"body":"","method":"GET","params":{},"query":{},"url":"/api/person/getById/abf980fe-fb4a-4dab-970d-097c3addafac"},"timestamp":"2023-11-26 17:57:23"}
{"controller":"person/getById","level":"info","message":"OK","timestamp":"2023-11-26 17:57:23"}
{"level":"info","message":{"body":"","method":"GET","params":{},"query":{},"url":"/api/person/getByRut/20.395.011-K"},"timestamp":"2023-11-26 17:57:47"}
{"controller":"person/getByRut","level":"info","message":"OK","timestamp":"2023-11-26 17:57:48"}
{"level":"info","message":{"body":"","method":"GET","params":{},"query":{},"url":"/api/person/getByRut/20.395.011-K"},"timestamp":"2023-11-26 18:01:12"}
{"level":"info","message":{"body":"","method":"GET","params":{},"query":{},"url":"/api/person/getByRut/20.395.011-K"},"timestamp":"2023-11-26 18:02:27"}
{"level":"info","message":{"body":{"address":"pje 372","district":"peñalolen","email":"benja123@gmail.com","id":"","maternalLastName":"Zuloaga","name":"Benjamin","paternalLastName":"Vasquez","phone":"74057293","rut":"20.395.011-K"},"method":"POST","params":"","query":"","url":"/api/person/upsert"},"timestamp":"2023-11-26 18:03:02"}
{"level":"info","message":{"body":"","method":"GET","params":{},"query":{},"url":"/api/person/getAll/"},"timestamp":"2023-11-26 18:03:02"}
{"controller":"person/getAll","level":"info","message":"OK","timestamp":"2023-11-26 18:03:03"}
{"level":"info","message":{"body":"","method":"GET","params":{},"query":{},"url":"/api/person/getAll/"},"timestamp":"2023-11-26 18:03:03"}
{"controller":"person/getAll","level":"info","message":"OK","timestamp":"2023-11-26 18:03:03"}
{"level":"info","message":{"body":"","method":"GET","params":{},"query":{},"url":"/api/person/getById/948f7aee-e1e0-4a5d-ba24-da97c281a7ea"},"timestamp":"2023-11-26 18:04:38"}
{"controller":"person/getById","level":"info","message":"OK","timestamp":"2023-11-26 18:04:38"}
{"level":"info","message":{"body":"","method":"GET","params":{},"query":{},"url":"/api/person/getById/948f7aee-e1e0-4a5d-ba24-da97c281a7ea"},"timestamp":"2023-11-26 18:04:38"}
{"controller":"person/getById","level":"info","message":"OK","timestamp":"2023-11-26 18:04:39"}
{"level":"info","message":{"body":"","method":"GET","params":{},"query":{},"url":"/api/person/getByRut/20.395.011-K"},"timestamp":"2023-11-26 18:04:52"}
{"controller":"person/getByRut","level":"info","message":"OK","timestamp":"2023-11-26 18:04:53"}
{"level":"info","message":{"body":"","method":"GET","params":{},"query":{},"url":"/api/person/getByRut/"},"timestamp":"2023-11-26 18:04:58"}
{"level":"info","message":{"body":"","method":"GET","params":{},"query":{},"url":"/api/person/getByRut/"},"timestamp":"2023-11-26 18:05:01"}
{"level":"info","message":{"body":"","method":"GET","params":{},"query":{},"url":"/api/person/getByRut/"},"timestamp":"2023-11-26 18:05:03"}
{"level":"info","message":{"body":"","method":"GET","params":{},"query":{},"url":"/api/person/getByRut/"},"timestamp":"2023-11-26 18:05:08"}
{"level":"info","message":{"body":"","method":"GET","params":{},"query":{},"url":"/api/person/getByRut/20.395.011-K"},"timestamp":"2023-11-26 18:05:21"}
{"controller":"person/getByRut","level":"info","message":"OK","timestamp":"2023-11-26 18:05:22"}
{"level":"info","message":{"body":"","method":"GET","params":{},"query":{},"url":"/api/person/getByRut/2.039.501-1"},"timestamp":"2023-11-26 18:05:26"}
{"level":"info","message":{"body":"","method":"GET","params":{},"query":{},"url":"/api/person/getByRut/"},"timestamp":"2023-11-26 18:05:30"}
{"level":"info","message":{"body":"","method":"GET","params":{},"query":{},"url":"/api/person/getByRut/20.395.011-K"},"timestamp":"2023-11-26 18:05:40"}
{"controller":"person/getByRut","level":"info","message":"OK","timestamp":"2023-11-26 18:05:41"}
{"level":"info","message":{"body":"","method":"GET","params":{},"query":{},"url":"/api/person/getByRut/2039501"},"timestamp":"2023-11-26 18:06:53"}
{"level":"info","message":{"body":"","method":"GET","params":{},"query":{},"url":"/api/person/getByRut/20.395.011-K"},"timestamp":"2023-11-26 18:06:58"}
{"controller":"person/getByRut","level":"info","message":"OK","timestamp":"2023-11-26 18:06:58"}
{"level":"info","message":{"body":"","method":"GET","params":{},"query":{},"url":"/api/person/getByRut/20.395.011-K"},"timestamp":"2023-11-26 18:07:25"}
{"controller":"person/getByRut","level":"info","message":"OK","timestamp":"2023-11-26 18:07:26"}
{"level":"info","message":{"body":"","method":"GET","params":{},"query":{},"url":"/api/person/getByRut/20.395.011-K"},"timestamp":"2023-11-26 18:11:12"}
{"controller":"person/getByRut","level":"info","message":"OK","timestamp":"2023-11-26 18:11:13"}
{"level":"info","message":{"body":"","method":"GET","params":{},"query":{},"url":"/api/person/getById/948f7aee-e1e0-4a5d-ba24-da97c281a7ea"},"timestamp":"2023-11-26 18:11:22"}
{"controller":"person/getById","level":"info","message":"OK","timestamp":"2023-11-26 18:11:22"}
{"level":"info","message":{"body":"","method":"GET","params":{},"query":{},"url":"/api/person/getById/948f7aee-e1e0-4a5d-ba24-da97c281a7ea"},"timestamp":"2023-11-26 18:11:22"}
{"controller":"person/getById","level":"info","message":"OK","timestamp":"2023-11-26 18:11:22"}
{"level":"info","message":{"body":"","method":"GET","params":{},"query":{},"url":"/api/person/getByRut/20.395.011-K"},"timestamp":"2023-11-26 18:11:35"}
{"controller":"person/getByRut","level":"info","message":"OK","timestamp":"2023-11-26 18:11:35"}
{"level":"info","message":{"body":"","method":"GET","params":{},"query":{},"url":"/api/person/getByRut/20.395.011-K"},"timestamp":"2023-11-26 18:12:00"}
{"controller":"person/getByRut","level":"info","message":"OK","timestamp":"2023-11-26 18:12:01"}
{"level":"info","message":{"body":"","method":"GET","params":{},"query":{},"url":"/api/person/getByRut/"},"timestamp":"2023-11-26 18:12:09"}
{"level":"info","message":{"body":"","method":"GET","params":{},"query":{},"url":"/api/person/getByRut/2"},"timestamp":"2023-11-26 18:20:21"}
{"level":"info","message":{"body":"","method":"GET","params":{},"query":{},"url":"/api/person/getByRut/20"},"timestamp":"2023-11-26 18:20:23"}
{"level":"info","message":{"body":"","method":"GET","params":{},"query":{},"url":"/api/person/getByRut/203"},"timestamp":"2023-11-26 18:20:25"}
{"level":"info","message":{"body":"","method":"GET","params":{},"query":{},"url":"/api/person/getByRut/2039"},"timestamp":"2023-11-26 18:20:25"}
{"level":"info","message":{"body":"","method":"GET","params":{},"query":{},"url":"/api/person/getByRut/20395"},"timestamp":"2023-11-26 18:20:25"}
{"level":"info","message":{"body":"","method":"GET","params":{},"query":{},"url":"/api/person/getByRut/203950"},"timestamp":"2023-11-26 18:20:26"}
{"level":"info","message":{"body":"","method":"GET","params":{},"query":{},"url":"/api/person/getByRut/2039501"},"timestamp":"2023-11-26 18:20:26"}
{"level":"info","message":{"body":"","method":"GET","params":{},"query":{},"url":"/api/person/getByRut/20395011"},"timestamp":"2023-11-26 18:20:26"}
{"level":"info","message":{"body":"","method":"GET","params":{},"query":{},"url":"/api/person/getByRut/20395011k"},"timestamp":"2023-11-26 18:20:27"}
{"level":"info","message":{"body":"","method":"GET","params":{},"query":{},"url":"/api/person/getByRut/20.395.011-K"},"timestamp":"2023-11-26 18:20:31"}
{"controller":"person/getByRut","level":"info","message":"OK","timestamp":"2023-11-26 18:20:31"}
{"level":"info","message":{"body":"","method":"GET","params":{},"query":{},"url":"/api/person/getByRut/2"},"timestamp":"2023-11-26 18:21:50"}
{"level":"info","message":{"body":"","method":"GET","params":{},"query":{},"url":"/api/person/getByRut/20"},"timestamp":"2023-11-26 18:21:50"}
{"level":"info","message":{"body":"","method":"GET","params":{},"query":{},"url":"/api/person/getByRut/203"},"timestamp":"2023-11-26 18:21:51"}
{"level":"info","message":{"body":"","method":"GET","params":{},"query":{},"url":"/api/person/getByRut/2039"},"timestamp":"2023-11-26 18:21:51"}
{"level":"info","message":{"body":"","method":"GET","params":{},"query":{},"url":"/api/person/getByRut/20395"},"timestamp":"2023-11-26 18:21:52"}
{"level":"info","message":{"body":"","method":"GET","params":{},"query":{},"url":"/api/person/getByRut/203950"},"timestamp":"2023-11-26 18:21:53"}
{"level":"info","message":{"body":"","method":"GET","params":{},"query":{},"url":"/api/person/getByRut/2039501"},"timestamp":"2023-11-26 18:21:53"}
{"level":"info","message":{"body":"","method":"GET","params":{},"query":{},"url":"/api/person/getByRut/2.039.501-1"},"timestamp":"2023-11-26 18:21:54"}
{"level":"info","message":{"body":"","method":"GET","params":{},"query":{},"url":"/api/person/getByRut/20.395.011-K"},"timestamp":"2023-11-26 18:21:54"}
{"controller":"person/getByRut","level":"info","message":"OK","timestamp":"2023-11-26 18:21:55"}
{"level":"info","message":{"body":"","method":"GET","params":{},"query":{},"url":"/api/person/getByRut/20.395.011-K"},"timestamp":"2023-11-26 18:21:58"}
{"controller":"person/getByRut","level":"info","message":"OK","timestamp":"2023-11-26 18:21:58"}
{"level":"info","message":{"body":"","method":"GET","params":{},"query":{},"url":"/api/person/getByRut/20.395.011-K"},"timestamp":"2023-11-26 18:46:16"}
{"controller":"person/getByRut","level":"info","message":"OK","timestamp":"2023-11-26 18:46:16"}
{"level":"info","message":{"body":"","method":"GET","params":{},"query":{},"url":"/api/person/getByRut/20.395.011-K"},"timestamp":"2023-11-26 18:51:20"}
{"controller":"person/getByRut","level":"info","message":"OK","timestamp":"2023-11-26 18:51:21"}
