{"level":"info","message":{"body":"","method":"GET","params":{},"query":{},"url":"/api/invoice/getAll/"},"timestamp":"2023-10-13 18:43:20"}
{"controller":"user/getAll","level":"info","message":"OK","timestamp":"2023-10-13 18:43:20"}
{"level":"info","message":{"body":"","method":"GET","params":{},"query":{},"url":"/api/invoice/getAll/"},"timestamp":"2023-10-13 18:46:38"}
{"controller":"user/getAll","level":"info","message":"OK","timestamp":"2023-10-13 18:46:38"}
{"level":"info","message":{"body":"","method":"GET","params":{},"query":{},"url":"/api/invoice/getAll/"},"timestamp":"2023-10-13 18:47:06"}
{"controller":"user/getAll","level":"info","message":"OK","timestamp":"2023-10-13 18:47:07"}
{"level":"info","message":{"body":"","method":"GET","params":{},"query":{},"url":"/api/invoice/getAll/"},"timestamp":"2023-10-13 18:50:26"}
{"controller":"user/getAll","level":"info","message":"OK","timestamp":"2023-10-13 18:50:26"}
{"level":"info","message":{"body":"","method":"GET","params":{},"query":{},"url":"/api/product/getById/8ef8647d-b608-4f4c-bcd9-aa2355e5f23b"},"timestamp":"2023-10-13 19:22:43"}
{"controller":"product/getById","level":"info","message":"OK","timestamp":"2023-10-13 19:22:44"}
{"level":"info","message":{"body":"","method":"GET","params":{},"query":{},"url":"/api/product/getByCode/0111"},"timestamp":"2023-10-13 19:22:47"}
{"level":"info","message":{"body":"","method":"GET","params":{},"query":{},"url":"/api/product/getByCode/0112"},"timestamp":"2023-10-13 19:22:52"}
{"controller":"product/getByCode","level":"info","message":"OK","timestamp":"2023-10-13 19:22:52"}
{"level":"info","message":{"body":"","method":"GET","params":{},"query":{},"url":"/api/product/getAll/"},"timestamp":"2023-10-13 19:22:56"}
{"controller":"product/getAll","level":"info","message":"OK","timestamp":"2023-10-13 19:22:56"}
{"level":"info","message":{"body":"","method":"GET","params":{},"query":{},"url":"/api/invoice/getAll/"},"timestamp":"2023-10-13 19:23:05"}
{"controller":"user/getAll","level":"info","message":"OK","timestamp":"2023-10-13 19:23:05"}
{"level":"info","message":{"body":"","method":"GET","params":{},"query":{},"url":"/api/product/getById/8ef8647d-b608-4f4c-bcd9-aa2355e5f23b"},"timestamp":"2023-10-13 19:25:07"}
{"controller":"product/getById","level":"info","message":"OK","timestamp":"2023-10-13 19:25:07"}
{"level":"info","message":{"body":"","method":"GET","params":{},"query":{},"url":"/api/product/getByCode/0111"},"timestamp":"2023-10-13 19:25:14"}
{"level":"info","message":{"body":"","method":"GET","params":{},"query":{},"url":"/api/product/getByCode/0112"},"timestamp":"2023-10-13 19:25:17"}
{"controller":"product/getByCode","level":"info","message":"OK","timestamp":"2023-10-13 19:25:18"}
{"level":"info","message":{"body":"","method":"GET","params":{},"query":{},"url":"/api/product/getByCode/0113"},"timestamp":"2023-10-13 19:25:23"}
{"controller":"product/getByCode","level":"info","message":"OK","timestamp":"2023-10-13 19:25:23"}
{"level":"info","message":{"body":"","method":"GET","params":{},"query":{},"url":"/api/product/getAll/"},"timestamp":"2023-10-13 19:25:25"}
{"controller":"product/getAll","level":"info","message":"OK","timestamp":"2023-10-13 19:25:26"}
{"level":"info","message":{"body":{"code":"0114","name":"Cargador 2.0","price":9000},"method":"POST","params":"","query":"","url":"/api/product/upsert"},"timestamp":"2023-10-13 19:25:46"}
{"controller":"product/upsert","level":"info","message":"OK","timestamp":"2023-10-13 19:25:47"}
{"level":"info","message":{"body":"","method":"GET","params":{},"query":{},"url":"/api/product/getById/8ef8647d-b608-4f4c-bcd9-aa2355e5f23b"},"timestamp":"2023-10-13 19:27:34"}
{"controller":"product/getById","level":"info","message":"OK","timestamp":"2023-10-13 19:27:35"}
{"level":"info","message":{"body":"","method":"GET","params":{},"query":{},"url":"/api/product/getByCode/0114"},"timestamp":"2023-10-13 19:27:43"}
{"controller":"product/getByCode","level":"info","message":"OK","timestamp":"2023-10-13 19:27:43"}
{"level":"info","message":{"body":"","method":"GET","params":{},"query":{},"url":"/api/product/getByCode/0113"},"timestamp":"2023-10-13 19:27:48"}
{"controller":"product/getByCode","level":"info","message":"OK","timestamp":"2023-10-13 19:27:48"}
{"level":"info","message":{"body":"","method":"GET","params":{},"query":{},"url":"/api/product/getAll/"},"timestamp":"2023-10-13 19:27:53"}
{"controller":"product/getAll","level":"info","message":"OK","timestamp":"2023-10-13 19:27:53"}
{"level":"info","message":{"body":{"code":"0115","name":"Cargador 2.0","price":9000},"method":"POST","params":"","query":"","url":"/api/product/upsert"},"timestamp":"2023-10-13 19:28:10"}
{"controller":"product/upsert","level":"info","message":"OK","timestamp":"2023-10-13 19:28:11"}
{"level":"info","message":{"body":"","method":"DELETE","params":{},"query":"","url":"/api/product/deleteById/6dc5c3b5-3acc-4ebd-a048-aee5b6e12fee"},"timestamp":"2023-10-13 19:28:34"}
{"controller":"product/deteleById","level":"info","message":"OK","timestamp":"2023-10-13 19:28:34"}
{"level":"info","message":{"body":"","method":"GET","params":{},"query":{},"url":"/api/invoice/getAll/"},"timestamp":"2023-10-13 19:29:47"}
{"controller":"user/getAll","level":"info","message":"OK","timestamp":"2023-10-13 19:29:48"}
