{"level":"info","message":{"body":"","method":"GET","params":{},"query":{},"url":"/api/person/getById/56e10853-0c80-47be-a35b-368a0fb37522"},"timestamp":"2023-11-24 19:38:35"}
{"controller":"person/getById","level":"info","message":"OK","timestamp":"2023-11-24 19:38:35"}
{"level":"info","message":{"body":"","method":"GET","params":{},"query":{},"url":"/api/person/getById/56e10853-0c80-47be-a35b-368a0fb37522"},"timestamp":"2023-11-24 19:38:35"}
{"controller":"person/getById","level":"info","message":"OK","timestamp":"2023-11-24 19:38:35"}
{"level":"info","message":{"body":"","method":"GET","params":{},"query":{},"url":"/api/person/getByRut/benja@gmail.com"},"timestamp":"2023-11-24 19:38:42"}
{"level":"info","message":{"body":"","method":"GET","params":{},"query":{},"url":"/api/person/getByRut/benja"},"timestamp":"2023-11-24 19:39:31"}
{"level":"info","message":{"body":"","method":"GET","params":{},"query":{},"url":"/api/person/getByRut/benja@"},"timestamp":"2023-11-24 19:39:34"}
{"level":"info","message":{"body":"","method":"GET","params":{},"query":{},"url":"/api/person/getByRut/benja@s"},"timestamp":"2023-11-24 19:39:37"}
{"level":"info","message":{"body":"","method":"GET","params":{},"query":{},"url":"/api/person/getByRut/benja@s."},"timestamp":"2023-11-24 19:39:40"}
{"level":"info","message":{"body":"","method":"GET","params":{},"query":{},"url":"/api/person/getByRut/benja@s.c"},"timestamp":"2023-11-24 19:39:41"}
{"level":"info","message":{"body":"","method":"GET","params":{},"query":{},"url":"/api/person/getByRut/benja@s.co"},"timestamp":"2023-11-24 19:39:43"}
{"level":"info","message":{"body":"","method":"GET","params":{},"query":{},"url":"/api/person/getByRut/"},"timestamp":"2023-11-24 19:39:53"}
{"level":"info","message":{"body":"","method":"GET","params":{},"query":{},"url":"/api/person/getByRut/20395011K"},"timestamp":"2023-11-24 19:39:55"}
{"level":"info","message":{"body":"","method":"GET","params":{},"query":{},"url":"/api/person/getByRut/20395011K"},"timestamp":"2023-11-24 19:40:09"}
{"level":"info","message":{"body":"","method":"GET","params":{},"query":{},"url":"/api/person/getAll/"},"timestamp":"2023-11-24 19:40:14"}
{"controller":"person/getAll","level":"info","message":"OK","timestamp":"2023-11-24 19:40:14"}
{"level":"info","message":{"body":"","method":"GET","params":{},"query":{},"url":"/api/person/getAll/"},"timestamp":"2023-11-24 19:40:14"}
{"controller":"person/getAll","level":"info","message":"OK","timestamp":"2023-11-24 19:40:14"}
{"level":"info","message":{"body":"","method":"GET","params":{},"query":{},"url":"/api/person/getByRut/"},"timestamp":"2023-11-24 19:40:17"}
{"level":"info","message":{"body":"","method":"GET","params":{},"query":{},"url":"/api/person/getByRut/"},"timestamp":"2023-11-24 19:40:20"}
{"level":"info","message":{"body":"","method":"GET","params":{},"query":{},"url":"/api/person/getByRut/"},"timestamp":"2023-11-24 19:40:22"}
{"level":"info","message":{"body":"","method":"GET","params":{},"query":{},"url":"/api/person/getByRut/"},"timestamp":"2023-11-24 19:40:35"}
{"level":"info","message":{"body":"","method":"GET","params":{},"query":{},"url":"/api/person/getByRut/"},"timestamp":"2023-11-24 19:40:38"}
{"level":"info","message":{"body":"","method":"GET","params":{},"query":{},"url":"/api/person/getByRut/"},"timestamp":"2023-11-24 19:40:52"}
{"level":"info","message":{"body":"","method":"GET","params":{},"query":{},"url":"/api/person/getByRut/"},"timestamp":"2023-11-24 19:40:54"}
{"level":"info","message":{"body":"","method":"GET","params":{},"query":{},"url":"/api/person/getByRut/"},"timestamp":"2023-11-24 19:40:56"}
{"level":"info","message":{"body":"","method":"GET","params":{},"query":{},"url":"/api/person/getByRut/"},"timestamp":"2023-11-24 19:41:00"}
{"level":"info","message":{"body":"","method":"GET","params":{},"query":{},"url":"/api/person/getByRut/"},"timestamp":"2023-11-24 19:41:18"}
{"level":"info","message":{"body":"","method":"GET","params":{},"query":{},"url":"/api/person/getAll/"},"timestamp":"2023-11-24 19:41:20"}
{"controller":"person/getAll","level":"info","message":"OK","timestamp":"2023-11-24 19:41:21"}
{"level":"info","message":{"body":"","method":"GET","params":{},"query":{},"url":"/api/person/getAll/"},"timestamp":"2023-11-24 19:41:21"}
{"controller":"person/getAll","level":"info","message":"OK","timestamp":"2023-11-24 19:41:21"}
{"level":"info","message":{"body":"","method":"GET","params":{},"query":{},"url":"/api/person/getByRut/"},"timestamp":"2023-11-24 19:41:51"}
{"level":"info","message":{"body":"","method":"GET","params":{},"query":{},"url":"/api/person/getByRut/"},"timestamp":"2023-11-24 19:41:52"}
{"level":"info","message":{"body":"","method":"GET","params":{},"query":{},"url":"/api/person/getByRut/"},"timestamp":"2023-11-24 19:41:53"}
{"level":"info","message":{"body":"","method":"GET","params":{},"query":{},"url":"/api/person/getByRut/20395011K"},"timestamp":"2023-11-24 19:42:01"}
{"level":"info","message":{"body":"","method":"GET","params":{},"query":{},"url":"/api/person/getByRut/benja.vasquez017@gmail.com"},"timestamp":"2023-11-24 19:42:17"}
{"level":"info","message":{"body":"","method":"GET","params":{},"query":{},"url":"/api/person/getByRut/benja.vasquez017@gmail.com"},"timestamp":"2023-11-24 19:42:20"}
{"level":"info","message":{"body":"","method":"GET","params":{},"query":{},"url":"/api/person/getByRut/20395011K"},"timestamp":"2023-11-24 19:42:21"}
{"level":"info","message":{"body":"","method":"GET","params":{},"query":{},"url":"/api/person/getByRut/benja.vasquez017@gmail.com"},"timestamp":"2023-11-24 19:42:31"}
{"level":"info","message":{"body":"","method":"GET","params":{},"query":{},"url":"/api/person/getByRut/benja.vasquez017@gmail.com"},"timestamp":"2023-11-24 19:42:32"}
{"level":"info","message":{"body":"","method":"GET","params":{},"query":{},"url":"/api/person/getByRut/20395011K"},"timestamp":"2023-11-24 19:42:33"}
{"level":"info","message":{"body":"","method":"GET","params":{},"query":{},"url":"/api/person/getByRut/20395011K"},"timestamp":"2023-11-24 19:42:35"}
{"level":"info","message":{"body":"","method":"GET","params":{},"query":{},"url":"/api/person/getByRut/benja.vasquez017@gmail.com"},"timestamp":"2023-11-24 19:43:24"}
{"level":"info","message":{"body":"","method":"GET","params":{},"query":{},"url":"/api/person/getByRut/20395011K"},"timestamp":"2023-11-24 19:43:25"}
{"level":"info","message":{"body":"","method":"GET","params":{},"query":{},"url":"/api/person/getByRut/20395011K"},"timestamp":"2023-11-24 19:43:26"}
{"level":"info","message":{"body":"","method":"GET","params":{},"query":{},"url":"/api/person/getByRut/20395011K"},"timestamp":"2023-11-24 19:43:29"}
{"level":"info","message":{"body":"","method":"GET","params":{},"query":{},"url":"/api/person/getByRut/20395011K"},"timestamp":"2023-11-24 19:43:32"}
{"level":"info","message":{"body":"","method":"GET","params":{},"query":{},"url":"/api/person/getByRut/20395011K"},"timestamp":"2023-11-24 19:43:33"}
{"level":"info","message":{"body":"","method":"GET","params":{},"query":{},"url":"/api/person/getByRut/"},"timestamp":"2023-11-24 19:43:36"}
{"level":"info","message":{"body":"","method":"GET","params":{},"query":{},"url":"/api/person/getByRut/20395011K"},"timestamp":"2023-11-24 19:43:37"}
{"level":"info","message":{"body":"","method":"GET","params":{},"query":{},"url":"/api/person/getByRut/benja123@gmail.com"},"timestamp":"2023-11-24 19:44:36"}
{"level":"info","message":{"body":"","method":"GET","params":{},"query":{},"url":"/api/person/getByRut/20395011K"},"timestamp":"2023-11-24 19:44:40"}
{"level":"info","message":{"body":"","method":"GET","params":{},"query":{},"url":"/api/person/getByRut/20395011K"},"timestamp":"2023-11-24 19:50:54"}
{"level":"info","message":{"body":"","method":"GET","params":{},"query":{},"url":"/api/person/getByRut/benja123@gmail.com"},"timestamp":"2023-11-24 19:51:00"}
{"level":"info","message":{"body":"","method":"GET","params":{},"query":{},"url":"/api/person/getByRut/2"},"timestamp":"2023-11-24 19:51:04"}
{"level":"info","message":{"body":"","method":"GET","params":{},"query":{},"url":"/api/person/getByRut/"},"timestamp":"2023-11-24 19:51:07"}
{"level":"info","message":{"body":"","method":"GET","params":{},"query":{},"url":"/api/person/getAll/"},"timestamp":"2023-11-24 19:51:25"}
{"controller":"person/getAll","level":"info","message":"OK","timestamp":"2023-11-24 19:51:26"}
{"level":"info","message":{"body":"","method":"GET","params":{},"query":{},"url":"/api/person/getAll/"},"timestamp":"2023-11-24 19:51:26"}
{"controller":"person/getAll","level":"info","message":"OK","timestamp":"2023-11-24 19:51:26"}
{"level":"info","message":{"body":"","method":"GET","params":{},"query":{},"url":"/api/person/getById/0c2755cc-78da-4fdc-8610-6e66bae56337"},"timestamp":"2023-11-24 19:51:33"}
{"controller":"person/getById","level":"info","message":"OK","timestamp":"2023-11-24 19:51:33"}
{"level":"info","message":{"body":"","method":"GET","params":{},"query":{},"url":"/api/person/getById/0c2755cc-78da-4fdc-8610-6e66bae56337"},"timestamp":"2023-11-24 19:51:33"}
{"controller":"person/getById","level":"info","message":"OK","timestamp":"2023-11-24 19:51:33"}
{"level":"info","message":{"body":"","method":"GET","params":{},"query":{},"url":"/api/person/getByRut/202448933"},"timestamp":"2023-11-24 19:51:55"}
{"controller":"person/getByRut","level":"info","message":"OK","timestamp":"2023-11-24 19:51:56"}
{"level":"info","message":{"body":"","method":"GET","params":{},"query":{},"url":"/api/person/getByRut/202448933"},"timestamp":"2023-11-24 19:51:58"}
{"controller":"person/getByRut","level":"info","message":"OK","timestamp":"2023-11-24 19:51:58"}
{"level":"info","message":{"body":"","method":"GET","params":{},"query":{},"url":"/api/person/getByRut/202448933"},"timestamp":"2023-11-24 19:51:59"}
{"controller":"person/getByRut","level":"info","message":"OK","timestamp":"2023-11-24 19:51:59"}
{"level":"info","message":{"body":"","method":"GET","params":{},"query":{},"url":"/api/person/getByRut/202448933"},"timestamp":"2023-11-24 19:52:01"}
{"controller":"person/getByRut","level":"info","message":"OK","timestamp":"2023-11-24 19:52:01"}
{"level":"info","message":{"body":"","method":"GET","params":{},"query":{},"url":"/api/person/getByRut/202448933"},"timestamp":"2023-11-24 19:52:02"}
{"controller":"person/getByRut","level":"info","message":"OK","timestamp":"2023-11-24 19:52:02"}
{"level":"info","message":{"body":"","method":"GET","params":{},"query":{},"url":"/api/person/getByRut/202448933"},"timestamp":"2023-11-24 19:52:03"}
{"controller":"person/getByRut","level":"info","message":"OK","timestamp":"2023-11-24 19:52:03"}
{"level":"info","message":{"body":"","method":"GET","params":{},"query":{},"url":"/api/person/getByRut/202448933"},"timestamp":"2023-11-24 19:52:37"}
{"controller":"person/getByRut","level":"info","message":"OK","timestamp":"2023-11-24 19:52:37"}
{"level":"info","message":{"body":"","method":"GET","params":{},"query":{},"url":"/api/person/getByRut/202448933"},"timestamp":"2023-11-24 19:52:39"}
{"controller":"person/getByRut","level":"info","message":"OK","timestamp":"2023-11-24 19:52:39"}
{"level":"info","message":{"body":"","method":"GET","params":{},"query":{},"url":"/api/person/getByRut/202448933"},"timestamp":"2023-11-24 19:53:09"}
{"controller":"person/getByRut","level":"info","message":"OK","timestamp":"2023-11-24 19:53:10"}
{"level":"info","message":{"body":"","method":"GET","params":{},"query":{},"url":"/api/person/getByRut/202448933"},"timestamp":"2023-11-24 19:53:17"}
{"controller":"person/getByRut","level":"info","message":"OK","timestamp":"2023-11-24 19:53:17"}
{"level":"info","message":{"body":"","method":"GET","params":{},"query":{},"url":"/api/person/getByRut/202448933"},"timestamp":"2023-11-24 19:53:32"}
{"level":"info","message":{"body":"","method":"GET","params":{},"query":{},"url":"/api/person/getByRut/202448933"},"timestamp":"2023-11-24 19:53:35"}
{"level":"info","message":{"body":"","method":"GET","params":{},"query":{},"url":"/api/person/getByRut/20395011k"},"timestamp":"2023-11-24 19:53:47"}
{"level":"info","message":{"body":"","method":"GET","params":{},"query":{},"url":"/api/person/getByRut/20395011K"},"timestamp":"2023-11-24 19:54:15"}
{"controller":"person/getByRut","level":"info","message":"OK","timestamp":"2023-11-24 19:54:16"}
{"level":"info","message":{"body":"","method":"GET","params":{},"query":{},"url":"/api/person/getByRut/20395011K"},"timestamp":"2023-11-24 19:54:18"}
{"controller":"person/getByRut","level":"info","message":"OK","timestamp":"2023-11-24 19:54:18"}
{"level":"info","message":{"body":"","method":"GET","params":{},"query":{},"url":"/api/person/getByRut/202448933"},"timestamp":"2023-11-24 19:55:02"}
{"level":"info","message":{"body":"","method":"GET","params":{},"query":{},"url":"/api/person/getByRut/202448933"},"timestamp":"2023-11-24 19:55:17"}
{"level":"info","message":{"body":"","method":"GET","params":{},"query":{},"url":"/api/person/getByRut/202448933"},"timestamp":"2023-11-24 19:55:43"}
{"level":"info","message":{"body":"","method":"GET","params":{},"query":{},"url":"/api/person/getByRut/12883828"},"timestamp":"2023-11-24 19:56:02"}
{"controller":"person/getByRut","level":"info","message":"OK","timestamp":"2023-11-24 19:56:03"}
{"level":"info","message":{"body":"","method":"GET","params":{},"query":{},"url":"/api/person/getByRut/12883828"},"timestamp":"2023-11-24 19:59:32"}
{"controller":"person/getByRut","level":"info","message":"OK","timestamp":"2023-11-24 19:59:33"}
{"level":"info","message":{"body":"","method":"GET","params":{},"query":{},"url":"/api/person/getByRut/benja123@gmail.com"},"timestamp":"2023-11-24 20:01:09"}
{"level":"info","message":{"body":"","method":"GET","params":{},"query":{},"url":"/api/person/getByRut/"},"timestamp":"2023-11-24 20:01:12"}
{"level":"info","message":{"body":"","method":"GET","params":{},"query":{},"url":"/api/person/getByRut/"},"timestamp":"2023-11-24 20:01:15"}
{"level":"info","message":{"body":"","method":"GET","params":{},"query":{},"url":"/api/person/getByRut/12883828"},"timestamp":"2023-11-24 20:01:42"}
{"controller":"person/getByRut","level":"info","message":"OK","timestamp":"2023-11-24 20:01:43"}
{"level":"info","message":{"body":"","method":"GET","params":{},"query":{},"url":"/api/person/getByRut/20395011k"},"timestamp":"2023-11-24 20:03:00"}
{"level":"info","message":{"body":{"address":"pje 372","district":"peñalolen","email":"benja@gmail.com","id":"","maternalLastName":"Zuloaga","name":"Benjamin","paternalLastName":"Vasquez","phone":"12345678","rut":"20.395.011-K"},"method":"POST","params":"","query":"","url":"/api/person/upsert"},"timestamp":"2023-11-24 20:03:57"}
{"level":"info","message":{"body":"","method":"GET","params":{},"query":{},"url":"/api/person/getAll/"},"timestamp":"2023-11-24 20:03:57"}
{"controller":"person/getAll","level":"info","message":"OK","timestamp":"2023-11-24 20:03:58"}
{"level":"info","message":{"body":"","method":"GET","params":{},"query":{},"url":"/api/person/getAll/"},"timestamp":"2023-11-24 20:03:58"}
{"controller":"person/getAll","level":"info","message":"OK","timestamp":"2023-11-24 20:03:58"}
{"level":"info","message":{"body":"","method":"GET","params":{},"query":{},"url":"/api/person/getById/abf980fe-fb4a-4dab-970d-097c3addafac"},"timestamp":"2023-11-24 20:04:13"}
{"controller":"person/getById","level":"info","message":"OK","timestamp":"2023-11-24 20:04:14"}
{"level":"info","message":{"body":"","method":"GET","params":{},"query":{},"url":"/api/person/getById/abf980fe-fb4a-4dab-970d-097c3addafac"},"timestamp":"2023-11-24 20:04:14"}
{"controller":"person/getById","level":"info","message":"OK","timestamp":"2023-11-24 20:04:14"}
{"level":"info","message":{"body":"","method":"GET","params":{},"query":{},"url":"/api/person/getByRut/203950"},"timestamp":"2023-11-24 20:04:36"}
{"level":"info","message":{"body":"","method":"GET","params":{},"query":{},"url":"/api/person/getByRut/20395011k"},"timestamp":"2023-11-24 20:04:42"}
{"level":"info","message":{"body":"","method":"GET","params":{},"query":{},"url":"/api/person/getByRut/20395011K"},"timestamp":"2023-11-24 20:04:45"}
{"level":"info","message":{"body":"","method":"GET","params":{},"query":{},"url":"/api/person/getByRut/20395011K"},"timestamp":"2023-11-24 20:04:50"}
{"level":"info","message":{"body":"","method":"GET","params":{},"query":{},"url":"/api/person/getByRut/20395011K"},"timestamp":"2023-11-24 20:06:56"}
{"level":"info","message":{"body":"","method":"GET","params":{},"query":{},"url":"/api/person/getByRut/20395011K"},"timestamp":"2023-11-24 20:09:43"}
{"level":"info","message":{"body":"","method":"GET","params":{},"query":{},"url":"/api/person/getByRut/20395011K"},"timestamp":"2023-11-24 20:09:46"}
{"level":"info","message":{"body":"","method":"GET","params":{},"query":{},"url":"/api/person/getByRut/20395011K"},"timestamp":"2023-11-24 20:09:48"}
{"level":"info","message":{"body":"","method":"GET","params":{},"query":{},"url":"/api/person/getByRut/20395011K"},"timestamp":"2023-11-24 20:09:49"}
{"level":"info","message":{"body":"","method":"GET","params":{},"query":{},"url":"/api/person/getByRut/20395011K"},"timestamp":"2023-11-24 20:09:51"}
{"level":"info","message":{"body":"","method":"GET","params":{},"query":{},"url":"/api/person/getByRut/20395011K"},"timestamp":"2023-11-24 20:09:52"}
{"level":"info","message":{"body":"","method":"GET","params":{},"query":{},"url":"/api/person/getByRut/20395011K"},"timestamp":"2023-11-24 20:10:10"}
{"level":"info","message":{"body":"","method":"GET","params":{},"query":{},"url":"/api/person/getByRut/20395011K"},"timestamp":"2023-11-24 20:14:05"}
{"level":"info","message":{"body":"","method":"GET","params":{},"query":{},"url":"/api/person/getByRut/20395011K"},"timestamp":"2023-11-24 20:14:06"}
{"level":"info","message":{"body":"","method":"GET","params":{},"query":{},"url":"/api/person/getByRut/20395011K"},"timestamp":"2023-11-24 20:15:40"}
{"level":"info","message":{"body":"","method":"GET","params":{},"query":{},"url":"/api/person/getByRut/20395011K"},"timestamp":"2023-11-24 20:15:43"}
{"level":"info","message":{"body":"","method":"GET","params":{},"query":{},"url":"/api/person/getByRut/20395011K"},"timestamp":"2023-11-24 20:15:44"}
{"level":"info","message":{"body":"","method":"GET","params":{},"query":{},"url":"/api/person/getByRut/20395011K"},"timestamp":"2023-11-24 20:15:45"}
{"level":"info","message":{"body":"","method":"GET","params":{},"query":{},"url":"/api/person/getByRut/20395011K"},"timestamp":"2023-11-24 20:15:49"}
{"level":"info","message":{"body":"","method":"GET","params":{},"query":{},"url":"/api/person/getByRut/20395011K"},"timestamp":"2023-11-24 20:15:50"}
{"level":"info","message":{"body":"","method":"GET","params":{},"query":{},"url":"/api/person/getByRut/20395011K"},"timestamp":"2023-11-24 20:16:47"}
{"level":"info","message":{"body":"","method":"GET","params":{},"query":{},"url":"/api/person/getByRut/20395011K"},"timestamp":"2023-11-24 20:23:53"}
{"level":"info","message":{"body":"","method":"GET","params":{},"query":{},"url":"/api/person/getByRut/20395011K"},"timestamp":"2023-11-24 20:24:02"}
{"level":"info","message":{"body":"","method":"GET","params":{},"query":{},"url":"/api/person/getByRut/20395011k"},"timestamp":"2023-11-24 20:24:10"}
{"level":"info","message":{"body":"","method":"GET","params":{},"query":{},"url":"/api/person/getByRut/20395011K"},"timestamp":"2023-11-24 20:24:24"}
