{"level":"info","message":{"body":{"login":"benja123@gmail.com","password":"123"},"method":"POST","params":"","query":"","url":"/api/user/validate/"},"timestamp":"2023-11-13 18:03:23"}
{"controller":"user/validate","level":"info","message":"OK","timestamp":"2023-11-13 18:03:24"}
{"level":"info","message":{"body":{"login":"benja123@gmail.com","password":"123"},"method":"POST","params":"","query":"","url":"/api/user/validate/"},"timestamp":"2023-11-13 18:04:16"}
{"controller":"user/validate","level":"info","message":"OK","timestamp":"2023-11-13 18:04:17"}
{"level":"info","message":{"body":{"login":"benja123@gmail.com","password":"kkkkkk"},"method":"POST","params":"","query":"","url":"/api/user/validate/"},"timestamp":"2023-11-13 18:04:55"}
{"level":"info","message":{"body":{"login":"benja123@gmail.com","password":"kkkkkk"},"method":"POST","params":"","query":"","url":"/api/user/validate/"},"timestamp":"2023-11-13 18:05:33"}
{"level":"info","message":{"body":{"login":"benja123@gmail.com","password":"kkkkkk"},"method":"POST","params":"","query":"","url":"/api/user/validate/"},"timestamp":"2023-11-13 18:05:36"}
{"level":"info","message":{"body":{"login":"benja123@gmail.com","password":"123"},"method":"POST","params":"","query":"","url":"/api/user/validate/"},"timestamp":"2023-11-13 18:05:41"}
{"controller":"user/validate","level":"info","message":"OK","timestamp":"2023-11-13 18:05:41"}
{"level":"info","message":{"body":{"login":"benja123@gmail.com","password":"llolul"},"method":"POST","params":"","query":"","url":"/api/user/validate/"},"timestamp":"2023-11-13 18:06:17"}
{"level":"info","message":{"body":{"login":"benja123@gmail.com","password":"llolul"},"method":"POST","params":"","query":"","url":"/api/user/validate/"},"timestamp":"2023-11-13 18:07:02"}
{"level":"info","message":{"body":{"login":"benja123@gmail.com","password":"123"},"method":"POST","params":"","query":"","url":"/api/user/validate/"},"timestamp":"2023-11-13 18:07:10"}
{"controller":"user/validate","level":"info","message":"OK","timestamp":"2023-11-13 18:07:10"}
{"level":"info","message":{"body":"","method":"GET","params":{},"query":{},"url":"/api/person/getByRut/20395011k"},"timestamp":"2023-11-13 18:15:16"}
{"controller":"person/getByRut","level":"info","message":"OK","timestamp":"2023-11-13 18:15:17"}
{"level":"info","message":{"body":"","method":"GET","params":{},"query":{},"url":"/api/person/getByRut/20395011k"},"timestamp":"2023-11-13 18:24:16"}
{"controller":"person/getByRut","level":"info","message":"OK","timestamp":"2023-11-13 18:24:17"}
{"level":"info","message":{"body":{"login":"","password":""},"method":"POST","params":"","query":"","url":"/api/user/validate/"},"timestamp":"2023-11-13 18:27:11"}
{"level":"info","message":{"body":{"login":"benja123@gmail.com","password":""},"method":"POST","params":"","query":"","url":"/api/user/validate/"},"timestamp":"2023-11-13 18:27:16"}
{"level":"info","message":{"body":"","method":"GET","params":{},"query":{},"url":"/api/person/getByRut/"},"timestamp":"2023-11-13 18:28:09"}
{"level":"info","message":{"body":"","method":"GET","params":{},"query":{},"url":"/api/person/getByRut/"},"timestamp":"2023-11-13 18:34:16"}
{"level":"info","message":{"body":"","method":"GET","params":{},"query":{},"url":"/api/person/getByRut/"},"timestamp":"2023-11-13 18:35:27"}
{"level":"info","message":{"body":"","method":"GET","params":{},"query":{},"url":"/api/person/getByRut/"},"timestamp":"2023-11-13 18:35:43"}
{"level":"info","message":{"body":"","method":"GET","params":{},"query":{},"url":"/api/person/getByRut/20395011k"},"timestamp":"2023-11-13 18:35:45"}
{"level":"info","message":{"body":{"address":"Av. providencia","district":"Providencia","email":"benja123@gmail.com","maternalLastName":"Zuloaga","name":"Benjamin","paternalLastName":"Vasquez","phone":"12345678","rut":"20395011k"},"method":"POST","params":"","query":"","url":"/api/person/upsert"},"timestamp":"2023-11-13 18:35:54"}
{"level":"info","message":{"body":{"address":"Av. providencia","district":"Providencia","email":"benja123@gmail.com","maternalLastName":"Zuloaga","name":"Benjamin","paternalLastName":"Vasquez","phone":"12345678","rut":"20395011k"},"method":"POST","params":"","query":"","url":"/api/person/upsert"},"timestamp":"2023-11-13 18:37:40"}
{"level":"info","message":{"body":{"address":"Av. providencia","district":"Providencia","email":"benja123@gmail.com","maternalLastName":"Zuloaga","name":"Benjamin","paternalLastName":"Vasquez","phone":"12345678","rut":"20395011k"},"method":"POST","params":"","query":"","url":"/api/person/upsert"},"timestamp":"2023-11-13 18:38:27"}
{"level":"info","message":{"body":{"address":"Av. providencia","district":"Providencia","email":"benja123@gmail.com","maternalLastName":"Zuloaga","name":"Benjamin","paternalLastName":"Vasquez","phone":"12345678","rut":"20395011k"},"method":"POST","params":"","query":"","url":"/api/person/upsert"},"timestamp":"2023-11-13 18:38:31"}
{"level":"info","message":{"body":{"address":"Av. providencia","district":"Providencia","email":"benja123@gmail.com","maternalLastName":"Zuloaga","name":"Benjamin","paternalLastName":"Vasquez","phone":"12345678","rut":"20395011k"},"method":"POST","params":"","query":"","url":"/api/person/upsert"},"timestamp":"2023-11-13 18:39:15"}
{"level":"info","message":{"body":{"address":"Av. providencia","district":"Providencia","email":"benja123@gmail.com","maternalLastName":"Zuloaga","name":"Benjamin","paternalLastName":"Vasquez","phone":"12345678","rut":"20395011k"},"method":"POST","params":"","query":"","url":"/api/person/upsert"},"timestamp":"2023-11-13 18:39:18"}
{"level":"info","message":{"body":{"address":"Av. providencia","district":"Providencia","email":"benja123@gmail.com","maternalLastName":"Zuloaga","name":"Benjamin","paternalLastName":"Vasquez","phone":"12345678","rut":"20395011k"},"method":"POST","params":"","query":"","url":"/api/person/upsert"},"timestamp":"2023-11-13 18:40:08"}
{"level":"info","message":{"body":{"address":"Av. providencia","district":"Providencia","email":"benja123@gmail.com","maternalLastName":"Zuloaga","name":"Benjamin","paternalLastName":"Vasquez","phone":"12345678","rut":"20395011k"},"method":"POST","params":"","query":"","url":"/api/person/upsert"},"timestamp":"2023-11-13 18:40:10"}
{"level":"info","message":{"body":{"address":"Av. providencia","district":"Providencia","email":"benja123@gmail.com","maternalLastName":"Zuloaga","name":"Benjamin","paternalLastName":"Vasquez","phone":"12345678","rut":"20395011k"},"method":"POST","params":"","query":"","url":"/api/person/upsert"},"timestamp":"2023-11-13 18:41:32"}
{"level":"info","message":{"body":"","method":"GET","params":{},"query":{},"url":"/api/person/getByRut/20395011k"},"timestamp":"2023-11-13 18:42:24"}
{"level":"info","message":{"body":"","method":"GET","params":{},"query":{},"url":"/api/person/getByRut/20395011k"},"timestamp":"2023-11-13 18:42:39"}
{"level":"info","message":{"body":{"address":"Av. providencia","district":"Providencia","email":"benja123@gmail.com","maternalLastName":"Zuloaga","name":"Benjamin","paternalLastName":"Vasquez","phone":"12345678","rut":"20395011k"},"method":"POST","params":"","query":"","url":"/api/person/upsert"},"timestamp":"2023-11-13 18:42:39"}
{"level":"info","message":{"body":"","method":"GET","params":{},"query":{},"url":"/api/person/getByRut/20395011k"},"timestamp":"2023-11-13 18:42:57"}
{"controller":"person/getByRut","level":"info","message":"OK","timestamp":"2023-11-13 18:42:58"}
{"level":"info","message":{"body":{"address":"Av. providencia","district":"Providencia","email":"benja123@gmail.com","maternalLastName":"Zuloaga","name":"Benja","paternalLastName":"Vasquez","phone":"12345678","rut":"20395011k"},"method":"POST","params":"","query":"","url":"/api/person/upsert"},"timestamp":"2023-11-13 18:43:08"}
{"level":"info","message":{"body":"","method":"GET","params":{},"query":{},"url":"/api/person/getByRut/20395011k"},"timestamp":"2023-11-13 18:43:22"}
{"controller":"person/getByRut","level":"info","message":"OK","timestamp":"2023-11-13 18:43:23"}
{"level":"info","message":{"body":{"address":"Av. providencia","district":"Providencia","email":"benja123@gmail.com","maternalLastName":"Zuloaga","name":"Benja","paternalLastName":"Vasquez","phone":"12345678","rut":"20395011k"},"method":"POST","params":"","query":"","url":"/api/user/upsert"},"timestamp":"2023-11-13 18:43:27"}
{"controller":"user/upsert","level":"info","message":"OK","timestamp":"2023-11-13 18:43:28"}
{"level":"info","message":{"body":{"address":"Av. providencia","district":"Providencia","email":"benja123@gmail.com","maternalLastName":"Zuloaga","name":"Benja","paternalLastName":"Vasquez","phone":"12345678","rut":"20395011k"},"method":"POST","params":"","query":"","url":"/api/user/upsert"},"timestamp":"2023-11-13 18:43:58"}
{"controller":"user/upsert","level":"info","message":"OK","timestamp":"2023-11-13 18:44:00"}
{"level":"info","message":{"body":{"login":"benja123@gmail.com","password":"123"},"method":"POST","params":"","query":"","url":"/api/user/assignPassword/"},"timestamp":"2023-11-13 18:44:12"}
{"controller":"user/assignPassword","level":"info","message":"OK","timestamp":"2023-11-13 18:44:13"}
{"level":"info","message":{"body":{"login":"benja123@gmail.com","password":"qwdqwdqwd"},"method":"POST","params":"","query":"","url":"/api/user/validate/"},"timestamp":"2023-11-13 18:44:37"}
{"level":"info","message":{"body":{"login":"benja123@gmail.com","password":"123"},"method":"POST","params":"","query":"","url":"/api/user/validate/"},"timestamp":"2023-11-13 18:44:48"}
{"controller":"user/validate","level":"info","message":"OK","timestamp":"2023-11-13 18:44:50"}
{"level":"info","message":{"body":{"login":"","password":""},"method":"POST","params":"","query":"","url":"/api/user/validate/"},"timestamp":"2023-11-13 18:46:04"}
{"level":"info","message":{"body":{"login":"benja123@gmail.com","password":"qwdqwdqw"},"method":"POST","params":"","query":"","url":"/api/user/validate/"},"timestamp":"2023-11-13 18:46:10"}
{"level":"info","message":{"body":{"login":"benja123@gmail.com","password":"123"},"method":"POST","params":"","query":"","url":"/api/user/validate/"},"timestamp":"2023-11-13 18:46:16"}
{"controller":"user/validate","level":"info","message":"OK","timestamp":"2023-11-13 18:46:16"}
{"level":"info","message":{"body":{"login":"benja123@gmail.com","password":"123"},"method":"POST","params":"","query":"","url":"/api/user/validate/"},"timestamp":"2023-11-13 18:46:51"}
{"controller":"user/validate","level":"info","message":"OK","timestamp":"2023-11-13 18:46:51"}
{"level":"info","message":{"body":{"login":"benja123@gmail.com","password":"qgqwgqe"},"method":"POST","params":"","query":"","url":"/api/user/validate/"},"timestamp":"2023-11-13 18:47:49"}
{"level":"info","message":{"body":{"login":"benja123@gmail.com","password":"oioife"},"method":"POST","params":"","query":"","url":"/api/user/validate/"},"timestamp":"2023-11-13 18:48:37"}
{"level":"info","message":{"body":{"login":"benja123@gmail.com","password":"123"},"method":"POST","params":"","query":"","url":"/api/user/validate/"},"timestamp":"2023-11-13 18:48:53"}
{"controller":"user/validate","level":"info","message":"OK","timestamp":"2023-11-13 18:48:53"}
{"level":"info","message":{"body":{"login":"benja123@gmail.com","password":"qegeqqeg"},"method":"POST","params":"","query":"","url":"/api/user/validate/"},"timestamp":"2023-11-13 18:49:40"}
{"level":"info","message":{"body":{"login":"benja123@gmail.com","password":"123"},"method":"POST","params":"","query":"","url":"/api/user/validate/"},"timestamp":"2023-11-13 18:49:57"}
{"controller":"user/validate","level":"info","message":"OK","timestamp":"2023-11-13 18:49:59"}
{"level":"info","message":{"body":"","method":"GET","params":{},"query":{},"url":"/api/person/getByRut/20395011k"},"timestamp":"2023-11-13 18:50:24"}
{"controller":"person/getByRut","level":"info","message":"OK","timestamp":"2023-11-13 18:50:26"}
{"level":"info","message":{"body":{"address":"Av. providencia","district":"Providencia","email":"benja123@gmail.com","maternalLastName":"Zuloaga","name":"Benja","paternalLastName":"Vasquez","phone":"12345678","rut":"20395011k"},"method":"POST","params":"","query":"","url":"/api/person/upsert"},"timestamp":"2023-11-13 18:50:52"}
{"level":"info","message":{"body":{"address":"Av. providencia","district":"Providencia","email":"benja123@gmail.com","maternalLastName":"Zuloaga","name":"Benjamin","paternalLastName":"Vasquez","phone":"12345678","rut":"20395011k"},"method":"POST","params":"","query":"","url":"/api/person/upsert"},"timestamp":"2023-11-13 18:51:03"}
{"level":"info","message":{"body":"","method":"GET","params":{},"query":{},"url":"/api/person/getByRut/20395011k"},"timestamp":"2023-11-13 18:51:25"}
{"controller":"person/getByRut","level":"info","message":"OK","timestamp":"2023-11-13 18:51:26"}
{"level":"info","message":{"body":{"address":"Av. providencia","district":"Providencia","email":"benja123@gmail.com","maternalLastName":"Zuloaga","name":"Benjamin","paternalLastName":"Vasquez","phone":"12345678","rut":"20395011k"},"method":"POST","params":"","query":"","url":"/api/user/upsert"},"timestamp":"2023-11-13 18:51:51"}
{"controller":"user/upsert","level":"info","message":"OK","timestamp":"2023-11-13 18:51:53"}
{"level":"info","message":{"body":{"address":"Av. providencia","district":"Providencia","email":"benja123@gmail.com","maternalLastName":"Zuloaga","name":"Benjamin","paternalLastName":"Vasquez","phone":"12345678","rut":"20395011k"},"method":"POST","params":"","query":"","url":"/api/user/upsert"},"timestamp":"2023-11-13 18:52:07"}
{"controller":"user/upsert","level":"info","message":"OK","timestamp":"2023-11-13 18:52:08"}
{"level":"info","message":{"body":{"login":"benja123@gmail.com","password":"123"},"method":"POST","params":"","query":"","url":"/api/user/assignPassword/"},"timestamp":"2023-11-13 18:52:18"}
{"controller":"user/assignPassword","level":"info","message":"OK","timestamp":"2023-11-13 18:52:18"}
{"level":"info","message":{"body":"","method":"GET","params":{},"query":{},"url":"/api/person/getByRut/20395011k"},"timestamp":"2023-11-13 18:53:24"}
{"level":"info","message":{"body":"","method":"GET","params":{},"query":{},"url":"/api/person/getByRut/20395011k"},"timestamp":"2023-11-13 18:53:29"}
{"level":"info","message":{"body":"","method":"GET","params":{},"query":{},"url":"/api/person/getByRut/12869241K"},"timestamp":"2023-11-13 18:53:33"}
{"controller":"person/getByRut","level":"info","message":"OK","timestamp":"2023-11-13 18:53:33"}
{"level":"info","message":{"body":"","method":"GET","params":{},"query":{},"url":"/api/person/getByRut/20395011k"},"timestamp":"2023-11-13 18:53:40"}
{"level":"info","message":{"body":{"address":"Av. providencia","district":"Providencia","email":"benja123@gmail.com","maternalLastName":"Zuloaga","name":"Benjamin","paternalLastName":"Vasquez","phone":"12345678","rut":"20395011k"},"method":"POST","params":"","query":"","url":"/api/person/upsert"},"timestamp":"2023-11-13 18:53:55"}
{"level":"info","message":{"body":"","method":"GET","params":{},"query":{},"url":"/api/person/getByRut/20395011k"},"timestamp":"2023-11-13 18:54:13"}
{"controller":"person/getByRut","level":"info","message":"OK","timestamp":"2023-11-13 18:54:14"}
{"level":"info","message":{"body":{"address":"Av. providencia","district":"Providencia","email":"benja123@gmail.com","maternalLastName":"Zuloaga","name":"Benjamin","paternalLastName":"Vasquez","phone":"12345678","rut":"20395011k"},"method":"POST","params":"","query":"","url":"/api/user/upsert"},"timestamp":"2023-11-13 18:54:18"}
{"controller":"user/upsert","level":"info","message":"OK","timestamp":"2023-11-13 18:54:18"}
{"level":"info","message":{"body":{"login":"benja123@gmail.com","password":"123"},"method":"POST","params":"","query":"","url":"/api/user/assignPassword/"},"timestamp":"2023-11-13 18:54:37"}
{"controller":"user/assignPassword","level":"info","message":"OK","timestamp":"2023-11-13 18:54:38"}
{"level":"info","message":{"body":{"login":"benja123@gmail.com","password":"sdqwdqwd"},"method":"POST","params":"","query":"","url":"/api/user/validate/"},"timestamp":"2023-11-13 18:54:59"}
{"level":"info","message":{"body":{"login":"benja123@gmail.com","password":"123"},"method":"POST","params":"","query":"","url":"/api/user/validate/"},"timestamp":"2023-11-13 18:55:08"}
{"controller":"user/validate","level":"info","message":"OK","timestamp":"2023-11-13 18:55:08"}
