{"level":"info","message":{"body":{"activity":"ventas","address":"calle 2","email":"bbva@BBVA.cl","fantasyName":"BANCO A","name":"sucursal a ","phone":"11111111","rut":"77117","type":"C"},"method":"POST","params":"","query":"","url":"/api/customer/upsert/"},"timestamp":"2023-10-12 18:02:00"}
{"level":"error","message":{"error":"duplicate key value violates unique constraint \"company_rut_idx\"","model":"company/insert"},"timestamp":"2023-10-12 18:02:01"}
{"level":"info","message":{"body":{"activity":"ventas","address":"calle 2","email":"bbva@BBVA.cl","fantasyName":"BANCO A","name":"sucursal a ","phone":"11111111","rut":"77117","type":"C"},"method":"POST","params":"","query":"","url":"/api/customer/upsert/"},"timestamp":"2023-10-12 18:02:17"}
{"level":"error","message":{"error":"duplicate key value violates unique constraint \"company_rut_idx\"","model":"company/insert"},"timestamp":"2023-10-12 18:02:18"}
{"level":"info","message":{"body":{"activity":"ventas","address":"calle 2","email":"bbva@BBVA.cl","fantasyName":"BANCO A","name":"sucursal a ","phone":"11111111","rut":"77117","type":"C"},"method":"POST","params":"","query":"","url":"/api/customer/upsert/"},"timestamp":"2023-10-12 18:02:20"}
{"level":"error","message":{"error":"duplicate key value violates unique constraint \"company_rut_idx\"","model":"company/insert"},"timestamp":"2023-10-12 18:02:20"}
{"level":"info","message":{"body":{"activity":"ventas","address":"calle 2","email":"bbva@BBVA.cl","fantasyName":"BANCO A","name":"sucursal a ","phone":"11111111","rut":"77117","type":"C"},"method":"POST","params":"","query":"","url":"/api/customer/upsert/"},"timestamp":"2023-10-12 18:03:35"}
{"level":"info","message":{"body":{"activity":"ventas","address":"calle 2","email":"bbva@BBVA.cl","fantasyName":"BANCO A","name":"sucursal a ","phone":"11111111","rut":"77117","type":"C"},"method":"POST","params":"","query":"","url":"/api/customer/upsert/"},"timestamp":"2023-10-12 18:03:51"}
{"level":"error","message":{"error":"duplicate key value violates unique constraint \"company_rut_idx\"","model":"company/insert"},"timestamp":"2023-10-12 18:03:52"}
{"level":"info","message":{"body":{"activity":"ventas","address":"calle 2","email":"bbva@BBVA.cl","fantasyName":"BANCO A","name":"sucursal a ","phone":"11111111","rut":"77117","type":"C"},"method":"POST","params":"","query":"","url":"/api/customer/upsert/"},"timestamp":"2023-10-12 18:05:19"}
{"level":"error","message":{"error":"duplicate key value violates unique constraint \"company_rut_idx\"","model":"company/insert"},"timestamp":"2023-10-12 18:05:20"}
{"level":"info","message":{"body":{"activity":"ventas","address":"calle 2","email":"bbva@BBVA.cl","fantasyName":"BANCO A","name":"sucursal a ","phone":"11111111","rut":"77117111","type":"C"},"method":"POST","params":"","query":"","url":"/api/customer/upsert/"},"timestamp":"2023-10-12 18:05:51"}
{"controller":"customer/upsert","level":"info","message":"OK","timestamp":"2023-10-12 18:05:52"}
{"level":"info","message":{"body":{"activity":"ventas","address":"calle 2","email":"bbva@BBVA.cl","fantasyName":"BANCO A","name":"sucursal a ","phone":"11111111","rut":"77117111","type":"P"},"method":"POST","params":"","query":"","url":"/api/customer/upsert/"},"timestamp":"2023-10-12 18:07:59"}
{"level":"info","message":{"body":{"activity":"ventas","address":"calle 2","email":"bbva@BBVA.cl","fantasyName":"BANCO A","name":"sucursal a ","phone":"11111111","rut":"77117111","type":"P"},"method":"POST","params":"","query":"","url":"/api/customer/upsert/"},"timestamp":"2023-10-12 18:09:23"}
{"controller":"customer/upsert","level":"info","message":"OK","timestamp":"2023-10-12 18:09:24"}
{"level":"info","message":{"body":{"address":"Casa 22222","district":"Peñalolen","email":"benja.vasquez017@gmail.com","maternalLastName":"Zuloaga","name":"Benjamin","paternalLastName":"Vasquez","phone":"555555","rut":"20395011k"},"method":"POST","params":"","query":"","url":"/api/user/upsert/"},"timestamp":"2023-10-12 18:12:46"}
{"controller":"user/upsert","level":"info","message":"OK","timestamp":"2023-10-12 18:12:47"}
{"level":"info","message":{"body":"","method":"GET","params":{},"query":{},"url":"/api/user/getAll/"},"timestamp":"2023-10-12 18:13:21"}
{"controller":"user/getAll","level":"info","message":"OK","timestamp":"2023-10-12 18:13:22"}
{"level":"info","message":{"body":{"address":"pje 372","district":"peñalolen","email":"ignacio@gmail.com","maternalLastName":"Zuloaga","name":"Ignacio","paternalLastName":"Vasquez","phone":"11223344","rut":"22332211"},"method":"POST","params":"","query":"","url":"/api/person/upsert"},"timestamp":"2023-10-12 18:14:11"}
{"controller":"person/upsert","level":"info","message":"OK","timestamp":"2023-10-12 18:14:12"}
{"level":"info","message":{"body":"","method":"GET","params":{},"query":{},"url":"/api/person/getAll/"},"timestamp":"2023-10-12 18:14:29"}
{"controller":"person/getAll","level":"info","message":"OK","timestamp":"2023-10-12 18:14:30"}
{"level":"info","message":{"body":{"login":"benja.vasquez017@gmail.com","password":"hola"},"method":"POST","params":"","query":"","url":"/api/user/assignPassword/"},"timestamp":"2023-10-12 18:14:53"}
{"controller":"user/assignPassword","level":"info","message":"OK","timestamp":"2023-10-12 18:14:54"}
{"level":"info","message":{"body":{"login":"benja.vasquez017@gmail.com","password":"hola"},"method":"POST","params":"","query":"","url":"/api/user/validate/"},"timestamp":"2023-10-12 18:15:01"}
{"controller":"user/validate","level":"info","message":"OK","timestamp":"2023-10-12 18:15:02"}
{"level":"info","message":{"body":{"login":"benja.vasquez017@gmail.com","password":"hol66a"},"method":"POST","params":"","query":"","url":"/api/user/validate/"},"timestamp":"2023-10-12 18:15:07"}
{"level":"info","message":{"body":{"login":"benja.vasquez017@gmail.com","newPassword":"adios","password":"hola"},"method":"POST","params":"","query":"","url":"/api/user/updatePassword/"},"timestamp":"2023-10-12 18:15:15"}
{"controller":"user/updatePassword","level":"info","message":"OK","timestamp":"2023-10-12 18:15:16"}
{"level":"info","message":{"body":{"login":"benja.vasquez017@gmail.com","password":"adios"},"method":"POST","params":"","query":"","url":"/api/user/validate/"},"timestamp":"2023-10-12 18:15:23"}
{"controller":"user/validate","level":"info","message":"OK","timestamp":"2023-10-12 18:15:23"}
{"level":"info","message":{"body":{"login":"benja.vasquez017@gmail.com"},"method":"POST","params":"","query":"","url":"/api/user/sendPassword/"},"timestamp":"2023-10-12 18:15:29"}
{"controller":"user/sendPassword","level":"info","message":"OK","timestamp":"2023-10-12 18:15:32"}
{"level":"info","message":{"body":{"code":"0111","name":"Celular","price":100000},"method":"POST","params":"","query":"","url":"/api/product/upsert"},"timestamp":"2023-10-13 14:35:46"}
{"level":"error","message":{"error":"bind message supplies 8 parameters, but prepared statement \"\" requires 3","model":"product/insert"},"timestamp":"2023-10-13 14:35:47"}
{"level":"info","message":{"body":{"code":"0111","name":"Celular","price":100000},"method":"POST","params":"","query":"","url":"/api/product/upsert"},"timestamp":"2023-10-13 14:42:12"}
{"controller":"product/upsert","level":"info","message":"OK","timestamp":"2023-10-13 14:42:13"}
{"level":"info","message":{"body":{"code":"0112","name":"Carcasa","price":10000},"method":"POST","params":"","query":"","url":"/api/product/upsert"},"timestamp":"2023-10-13 14:42:43"}
{"controller":"product/upsert","level":"info","message":"OK","timestamp":"2023-10-13 14:42:44"}
{"level":"info","message":{"body":{"code":"0112","name":"Carcasa celular","price":10000},"method":"POST","params":"","query":"","url":"/api/product/upsert"},"timestamp":"2023-10-13 14:43:08"}
{"controller":"product/upsert","level":"info","message":"OK","timestamp":"2023-10-13 14:43:09"}
{"level":"info","message":{"body":{"code":"0113","name":"Cargador","price":10000},"method":"POST","params":"","query":"","url":"/api/product/upsert"},"timestamp":"2023-10-13 14:43:59"}
{"controller":"product/upsert","level":"info","message":"OK","timestamp":"2023-10-13 14:44:00"}
{"level":"info","message":{"body":{"code":"0113","name":"Cargador celular","price":10000},"method":"POST","params":"","query":"","url":"/api/product/upsert"},"timestamp":"2023-10-13 14:44:13"}
{"controller":"product/upsert","level":"info","message":"OK","timestamp":"2023-10-13 14:44:14"}
{"level":"info","message":{"body":{"code":"0113","name":"Cargador celular","price":9000},"method":"POST","params":"","query":"","url":"/api/product/upsert"},"timestamp":"2023-10-13 14:44:27"}
{"controller":"product/upsert","level":"info","message":"OK","timestamp":"2023-10-13 14:44:28"}
{"level":"info","message":{"body":"","method":"GET","params":{},"query":{},"url":"/api/person/getAll/"},"timestamp":"2023-10-13 14:44:40"}
{"controller":"person/getAll","level":"info","message":"OK","timestamp":"2023-10-13 14:44:41"}
{"level":"info","message":{"body":"","method":"GET","params":{},"query":{},"url":"/api/product/getAll/"},"timestamp":"2023-10-13 14:44:47"}
{"level":"error","message":{"error":"column \"isactive\" does not exist","model":"product/getAll"},"timestamp":"2023-10-13 14:44:47"}
{"level":"info","message":{"body":"","method":"GET","params":{},"query":{},"url":"/api/product/getAll/"},"timestamp":"2023-10-13 14:46:03"}
{"controller":"product/getAll","level":"info","message":"OK","timestamp":"2023-10-13 14:46:03"}
{"level":"info","message":{"body":"","method":"GET","params":{},"query":{},"url":"/api/product/getAll/"},"timestamp":"2023-10-13 14:47:05"}
{"controller":"product/getAll","level":"info","message":"OK","timestamp":"2023-10-13 14:47:06"}
{"level":"info","message":{"body":"","method":"GET","params":{},"query":{},"url":"/api/customer/getByCode/0111"},"timestamp":"2023-10-13 14:47:44"}
{"level":"info","message":{"body":"","method":"GET","params":{},"query":{},"url":"/api/product/getByCode/0111"},"timestamp":"2023-10-13 14:48:08"}
{"controller":"product/getByCode","level":"info","message":"OK","timestamp":"2023-10-13 14:48:09"}
{"level":"info","message":{"body":"","method":"GET","params":{},"query":{},"url":"/api/product/getByCode/0112"},"timestamp":"2023-10-13 14:48:15"}
{"controller":"product/getByCode","level":"info","message":"OK","timestamp":"2023-10-13 14:48:16"}
{"level":"info","message":{"body":"","method":"GET","params":{},"query":{},"url":"/api/product/getByCode/8ef8647d-b608-4f4c-bcd9-aa2355e5f23b"},"timestamp":"2023-10-13 14:48:43"}
{"level":"info","message":{"body":"","method":"GET","params":{},"query":{},"url":"/api/product/getByCode/0111"},"timestamp":"2023-10-13 14:49:06"}
{"controller":"product/getByCode","level":"info","message":"OK","timestamp":"2023-10-13 14:49:07"}
{"level":"info","message":{"body":"","method":"GET","params":{},"query":{},"url":"/api/product/getById/8ef8647d-b608-4f4c-bcd9-aa2355e5f23b"},"timestamp":"2023-10-13 14:49:17"}
{"controller":"product/getById","level":"info","message":"OK","timestamp":"2023-10-13 14:49:18"}
{"level":"info","message":{"body":"","method":"DELETE","params":{},"query":"","url":"/api/person/deleteById/3"},"timestamp":"2023-10-13 14:52:02"}
{"level":"error","message":{"error":"invalid input syntax for type uuid: \"3\"","model":"person/deleteById"},"timestamp":"2023-10-13 14:52:02"}
{"level":"info","message":{"body":"","method":"DELETE","params":{},"query":"","url":"/api/person/deleteById/8ef8647d-b608-4f4c-bcd9-aa2355e5f23b"},"timestamp":"2023-10-13 14:52:10"}
{"controller":"person/deleteById","level":"info","message":"OK","timestamp":"2023-10-13 14:52:10"}
{"level":"info","message":{"body":"","method":"DELETE","params":{},"query":"","url":"/api/person/deleteById/8ef8647d-b608-4f4c-bcd9-aa2355e5f23b"},"timestamp":"2023-10-13 14:52:58"}
{"controller":"person/deleteById","level":"info","message":"OK","timestamp":"2023-10-13 14:52:58"}
{"level":"info","message":{"body":"","method":"DELETE","params":{},"query":"","url":"/api/product/deleteById/91101804-bdf6-4eb1-b1dd-207fa68f2b46"},"timestamp":"2023-10-13 14:53:16"}
{"controller":"product/deteleById","level":"info","message":"OK","timestamp":"2023-10-13 14:53:16"}
{"level":"info","message":{"body":"","method":"GET","params":{},"query":{},"url":"/api/product/getById/91101804-bdf6-4eb1-b1dd-207fa68f2b46"},"timestamp":"2023-10-13 14:53:55"}
{"level":"info","message":{"body":"","method":"GET","params":{},"query":{},"url":"/api/product/getById/8ef8647d-b608-4f4c-bcd9-aa2355e5f23b"},"timestamp":"2023-10-13 14:54:06"}
{"controller":"product/getById","level":"info","message":"OK","timestamp":"2023-10-13 14:54:06"}
